{
  "uid" : "90b93ed3d8e25d8f",
  "name" : "testUpdateCategory",
  "fullName" : "test.TestCategoryPage.testUpdateCategory",
  "historyId" : "d7c5c2f71dcbd4f0c105c96a274ccfa5",
  "time" : {
    "start" : 1620197235114,
    "stop" : 1620197245590,
    "duration" : 10476
  },
  "status" : "failed",
  "statusMessage" : "Element not found {By.xpath: //tr[./td[text()='90267cf5-90ae-4053-9e92-8cd66528b163']]}\nExpected: exist\nScreenshot: file:/home/runner/work/petland-admin/petland-admin/build/reports/tests/1620197245322.2.png\nPage source: file:/home/runner/work/petland-admin/petland-admin/build/reports/tests/1620197245322.2.html\nTimeout: 10 s.\nCaused by: NoSuchElementException: no such element: Unable to locate element: {\"method\":\"xpath\",\"selector\":\"//tr[./td[text()='90267cf5-90ae-4053-9e92-8cd66528b163']]\"}",
  "statusTrace" : "Element not found {By.xpath: //tr[./td[text()='90267cf5-90ae-4053-9e92-8cd66528b163']]}\nExpected: exist\nScreenshot: file:/home/runner/work/petland-admin/petland-admin/build/reports/tests/1620197245322.2.png\nPage source: file:/home/runner/work/petland-admin/petland-admin/build/reports/tests/1620197245322.2.html\nTimeout: 10 s.\nCaused by: NoSuchElementException: no such element: Unable to locate element: {\"method\":\"xpath\",\"selector\":\"//tr[./td[text()='90267cf5-90ae-4053-9e92-8cd66528b163']]\"}\n\tat com.codeborne.selenide.impl.WebElementSource.createElementNotFoundError(WebElementSource.java:83)\n\tat com.codeborne.selenide.impl.ElementFinder.createElementNotFoundError(ElementFinder.java:136)\n\tat com.codeborne.selenide.impl.WebElementSource.checkCondition(WebElementSource.java:114)\n\tat com.codeborne.selenide.commands.Should.execute(Should.java:30)\n\tat com.codeborne.selenide.commands.Should.execute(Should.java:14)\n\tat com.codeborne.selenide.commands.Commands.execute(Commands.java:155)\n\tat com.codeborne.selenide.impl.SelenideElementProxy.dispatchAndRetry(SelenideElementProxy.java:133)\n\tat com.codeborne.selenide.impl.SelenideElementProxy.invoke(SelenideElementProxy.java:85)\n\tat com.sun.proxy.$Proxy19.should(Unknown Source)\n\tat com.codeborne.selenide.impl.ElementFinder.createElementNotFoundError(ElementFinder.java:130)\n\tat com.codeborne.selenide.impl.WebElementSource.checkCondition(WebElementSource.java:114)\n\tat com.codeborne.selenide.impl.WebElementSource.findAndAssertElementIsInteractable(WebElementSource.java:139)\n\tat com.codeborne.selenide.commands.Click.execute(Click.java:24)\n\tat com.codeborne.selenide.commands.Click.execute(Click.java:16)\n\tat com.codeborne.selenide.commands.Commands.execute(Commands.java:155)\n\tat com.codeborne.selenide.impl.SelenideElementProxy.dispatchAndRetry(SelenideElementProxy.java:133)\n\tat com.codeborne.selenide.impl.SelenideElementProxy.invoke(SelenideElementProxy.java:85)\n\tat com.sun.proxy.$Proxy19.click(Unknown Source)\n\tat pages.BasePage.checkLine(BasePage.java:58)\n\tat test.TestCategoryPage.testUpdateCategory(TestCategoryPage.java:36)\n\tat java.base/jdk.internal.reflect.NativeMethodAccessorImpl.invoke0(Native Method)\n\tat java.base/jdk.internal.reflect.NativeMethodAccessorImpl.invoke(NativeMethodAccessorImpl.java:64)\n\tat java.base/jdk.internal.reflect.DelegatingMethodAccessorImpl.invoke(DelegatingMethodAccessorImpl.java:43)\n\tat java.base/java.lang.reflect.Method.invoke(Method.java:564)\n\tat org.testng.internal.MethodInvocationHelper.invokeMethod(MethodInvocationHelper.java:134)\n\tat org.testng.internal.TestInvoker.invokeMethod(TestInvoker.java:597)\n\tat org.testng.internal.TestInvoker.invokeTestMethod(TestInvoker.java:173)\n\tat org.testng.internal.MethodRunner.runInSequence(MethodRunner.java:46)\n\tat org.testng.internal.TestInvoker$MethodInvocationAgent.invoke(TestInvoker.java:816)\n\tat org.testng.internal.TestInvoker.invokeTestMethods(TestInvoker.java:146)\n\tat org.testng.internal.TestMethodWorker.invokeTestMethods(TestMethodWorker.java:146)\n\tat org.testng.internal.TestMethodWorker.run(TestMethodWorker.java:128)\n\tat java.base/java.util.ArrayList.forEach(ArrayList.java:1511)\n\tat org.testng.TestRunner.privateRun(TestRunner.java:766)\n\tat org.testng.TestRunner.run(TestRunner.java:587)\n\tat org.testng.SuiteRunner.runTest(SuiteRunner.java:384)\n\tat org.testng.SuiteRunner.runSequentially(SuiteRunner.java:378)\n\tat org.testng.SuiteRunner.privateRun(SuiteRunner.java:337)\n\tat org.testng.SuiteRunner.run(SuiteRunner.java:286)\n\tat org.testng.SuiteRunnerWorker.runSuite(SuiteRunnerWorker.java:53)\n\tat org.testng.SuiteRunnerWorker.run(SuiteRunnerWorker.java:96)\n\tat org.testng.TestNG.runSuitesSequentially(TestNG.java:1187)\n\tat org.testng.TestNG.runSuitesLocally(TestNG.java:1109)\n\tat org.testng.TestNG.runSuites(TestNG.java:1039)\n\tat org.testng.TestNG.run(TestNG.java:1007)\n\tat org.apache.maven.surefire.testng.TestNGExecutor.run(TestNGExecutor.java:283)\n\tat org.apache.maven.surefire.testng.TestNGXmlTestSuite.execute(TestNGXmlTestSuite.java:75)\n\tat org.apache.maven.surefire.testng.TestNGProvider.invoke(TestNGProvider.java:120)\n\tat org.apache.maven.surefire.booter.ForkedBooter.invokeProviderInSameClassLoader(ForkedBooter.java:384)\n\tat org.apache.maven.surefire.booter.ForkedBooter.runSuitesInProcess(ForkedBooter.java:345)\n\tat org.apache.maven.surefire.booter.ForkedBooter.execute(ForkedBooter.java:126)\n\tat org.apache.maven.surefire.booter.ForkedBooter.main(ForkedBooter.java:418)\nCaused by: org.openqa.selenium.NoSuchElementException: no such element: Unable to locate element: {\"method\":\"xpath\",\"selector\":\"//tr[./td[text()='90267cf5-90ae-4053-9e92-8cd66528b163']]\"}\n  (Session info: headless chrome=90.0.4430.85)\nFor documentation on this error, please visit: https://www.seleniumhq.org/exceptions/no_such_element.html\nBuild info: version: '3.141.59', revision: 'e82be7d358', time: '2018-11-14T08:17:03'\nSystem info: host: 'fv-az129-152', ip: '10.1.1.20', os.name: 'Linux', os.arch: 'amd64', os.version: '5.4.0-1046-azure', java.version: '15.0.3'\nDriver info: org.openqa.selenium.chrome.ChromeDriver\nCapabilities {acceptInsecureCerts: true, browserName: chrome, browserVersion: 90.0.4430.85, chrome: {chromedriverVersion: 90.0.4430.24 (4c6d850f087da..., userDataDir: /tmp/.com.google.Chrome.aVvgeK}, goog:chromeOptions: {debuggerAddress: localhost:34567}, javascriptEnabled: true, networkConnectionEnabled: false, pageLoadStrategy: normal, platform: LINUX, platformName: LINUX, proxy: Proxy(), setWindowRect: true, strictFileInteractability: false, timeouts: {implicit: 0, pageLoad: 300000, script: 30000}, unhandledPromptBehavior: dismiss and notify, webauthn:extension:largeBlob: true, webauthn:virtualAuthenticators: true}\nSession ID: eb6cccec0e98696d500b748bbdd92fff\n*** Element info: {Using=xpath, value=//tr[./td[text()='90267cf5-90ae-4053-9e92-8cd66528b163']]}\n\tat jdk.internal.reflect.GeneratedConstructorAccessor17.newInstance(Unknown Source)\n\tat java.base/jdk.internal.reflect.DelegatingConstructorAccessorImpl.newInstance(DelegatingConstructorAccessorImpl.java:45)\n\tat java.base/java.lang.reflect.Constructor.newInstanceWithCaller(Constructor.java:500)\n\tat java.base/java.lang.reflect.Constructor.newInstance(Constructor.java:481)\n\tat org.openqa.selenium.remote.http.W3CHttpResponseCodec.createException(W3CHttpResponseCodec.java:187)\n\tat org.openqa.selenium.remote.http.W3CHttpResponseCodec.decode(W3CHttpResponseCodec.java:122)\n\tat org.openqa.selenium.remote.http.W3CHttpResponseCodec.decode(W3CHttpResponseCodec.java:49)\n\tat org.openqa.selenium.remote.HttpCommandExecutor.execute(HttpCommandExecutor.java:158)\n\tat org.openqa.selenium.remote.service.DriverCommandExecutor.execute(DriverCommandExecutor.java:83)\n\tat org.openqa.selenium.remote.RemoteWebDriver.execute(RemoteWebDriver.java:552)\n\tat org.openqa.selenium.remote.RemoteWebDriver.findElement(RemoteWebDriver.java:323)\n\tat org.openqa.selenium.remote.RemoteWebDriver.findElementByXPath(RemoteWebDriver.java:428)\n\tat org.openqa.selenium.By$ByXPath.findElement(By.java:353)\n\tat org.openqa.selenium.remote.RemoteWebDriver.findElement(RemoteWebDriver.java:315)\n\tat com.codeborne.selenide.impl.WebElementSelector.findElement(WebElementSelector.java:59)\n\tat com.codeborne.selenide.impl.WebElementSelector.findElement(WebElementSelector.java:34)\n\tat com.codeborne.selenide.impl.ElementFinder.getWebElement(ElementFinder.java:104)\n\tat com.codeborne.selenide.impl.WebElementSource.checkCondition(WebElementSource.java:99)\n\t... 49 more\n",
  "flaky" : false,
  "newFailed" : false,
  "beforeStages" : [ {
    "name" : "setup",
    "time" : {
      "start" : 1620197218735,
      "stop" : 1620197218736,
      "duration" : 1
    },
    "description" : "",
    "status" : "passed",
    "steps" : [ ],
    "attachments" : [ ],
    "parameters" : [ ],
    "stepsCount" : 0,
    "attachmentsCount" : 0,
    "shouldDisplayMessage" : false,
    "hasContent" : false
  }, {
    "name" : "openPage",
    "time" : {
      "start" : 1620197233131,
      "stop" : 1620197235112,
      "duration" : 1981
    },
    "description" : "",
    "status" : "passed",
    "steps" : [ {
      "name" : "Open category page",
      "time" : {
        "start" : 1620197233131,
        "stop" : 1620197235112,
        "duration" : 1981
      },
      "status" : "passed",
      "steps" : [ {
        "name" : "Login with Admin",
        "time" : {
          "start" : 1620197233132,
          "stop" : 1620197234706,
          "duration" : 1574
        },
        "status" : "passed",
        "steps" : [ {
          "name" : "Open login page",
          "time" : {
            "start" : 1620197234255,
            "stop" : 1620197234706,
            "duration" : 451
          },
          "status" : "passed",
          "steps" : [ ],
          "attachments" : [ ],
          "parameters" : [ ],
          "stepsCount" : 0,
          "attachmentsCount" : 0,
          "shouldDisplayMessage" : false,
          "hasContent" : false
        } ],
        "attachments" : [ ],
        "parameters" : [ ],
        "stepsCount" : 1,
        "attachmentsCount" : 0,
        "shouldDisplayMessage" : false,
        "hasContent" : true
      } ],
      "attachments" : [ ],
      "parameters" : [ ],
      "stepsCount" : 2,
      "attachmentsCount" : 0,
      "shouldDisplayMessage" : false,
      "hasContent" : true
    } ],
    "attachments" : [ ],
    "parameters" : [ ],
    "stepsCount" : 3,
    "attachmentsCount" : 0,
    "shouldDisplayMessage" : false,
    "hasContent" : true
  } ],
  "testStage" : {
    "status" : "failed",
    "statusMessage" : "Element not found {By.xpath: //tr[./td[text()='90267cf5-90ae-4053-9e92-8cd66528b163']]}\nExpected: exist\nScreenshot: file:/home/runner/work/petland-admin/petland-admin/build/reports/tests/1620197245322.2.png\nPage source: file:/home/runner/work/petland-admin/petland-admin/build/reports/tests/1620197245322.2.html\nTimeout: 10 s.\nCaused by: NoSuchElementException: no such element: Unable to locate element: {\"method\":\"xpath\",\"selector\":\"//tr[./td[text()='90267cf5-90ae-4053-9e92-8cd66528b163']]\"}",
    "statusTrace" : "Element not found {By.xpath: //tr[./td[text()='90267cf5-90ae-4053-9e92-8cd66528b163']]}\nExpected: exist\nScreenshot: file:/home/runner/work/petland-admin/petland-admin/build/reports/tests/1620197245322.2.png\nPage source: file:/home/runner/work/petland-admin/petland-admin/build/reports/tests/1620197245322.2.html\nTimeout: 10 s.\nCaused by: NoSuchElementException: no such element: Unable to locate element: {\"method\":\"xpath\",\"selector\":\"//tr[./td[text()='90267cf5-90ae-4053-9e92-8cd66528b163']]\"}\n\tat com.codeborne.selenide.impl.WebElementSource.createElementNotFoundError(WebElementSource.java:83)\n\tat com.codeborne.selenide.impl.ElementFinder.createElementNotFoundError(ElementFinder.java:136)\n\tat com.codeborne.selenide.impl.WebElementSource.checkCondition(WebElementSource.java:114)\n\tat com.codeborne.selenide.commands.Should.execute(Should.java:30)\n\tat com.codeborne.selenide.commands.Should.execute(Should.java:14)\n\tat com.codeborne.selenide.commands.Commands.execute(Commands.java:155)\n\tat com.codeborne.selenide.impl.SelenideElementProxy.dispatchAndRetry(SelenideElementProxy.java:133)\n\tat com.codeborne.selenide.impl.SelenideElementProxy.invoke(SelenideElementProxy.java:85)\n\tat com.sun.proxy.$Proxy19.should(Unknown Source)\n\tat com.codeborne.selenide.impl.ElementFinder.createElementNotFoundError(ElementFinder.java:130)\n\tat com.codeborne.selenide.impl.WebElementSource.checkCondition(WebElementSource.java:114)\n\tat com.codeborne.selenide.impl.WebElementSource.findAndAssertElementIsInteractable(WebElementSource.java:139)\n\tat com.codeborne.selenide.commands.Click.execute(Click.java:24)\n\tat com.codeborne.selenide.commands.Click.execute(Click.java:16)\n\tat com.codeborne.selenide.commands.Commands.execute(Commands.java:155)\n\tat com.codeborne.selenide.impl.SelenideElementProxy.dispatchAndRetry(SelenideElementProxy.java:133)\n\tat com.codeborne.selenide.impl.SelenideElementProxy.invoke(SelenideElementProxy.java:85)\n\tat com.sun.proxy.$Proxy19.click(Unknown Source)\n\tat pages.BasePage.checkLine(BasePage.java:58)\n\tat test.TestCategoryPage.testUpdateCategory(TestCategoryPage.java:36)\n\tat java.base/jdk.internal.reflect.NativeMethodAccessorImpl.invoke0(Native Method)\n\tat java.base/jdk.internal.reflect.NativeMethodAccessorImpl.invoke(NativeMethodAccessorImpl.java:64)\n\tat java.base/jdk.internal.reflect.DelegatingMethodAccessorImpl.invoke(DelegatingMethodAccessorImpl.java:43)\n\tat java.base/java.lang.reflect.Method.invoke(Method.java:564)\n\tat org.testng.internal.MethodInvocationHelper.invokeMethod(MethodInvocationHelper.java:134)\n\tat org.testng.internal.TestInvoker.invokeMethod(TestInvoker.java:597)\n\tat org.testng.internal.TestInvoker.invokeTestMethod(TestInvoker.java:173)\n\tat org.testng.internal.MethodRunner.runInSequence(MethodRunner.java:46)\n\tat org.testng.internal.TestInvoker$MethodInvocationAgent.invoke(TestInvoker.java:816)\n\tat org.testng.internal.TestInvoker.invokeTestMethods(TestInvoker.java:146)\n\tat org.testng.internal.TestMethodWorker.invokeTestMethods(TestMethodWorker.java:146)\n\tat org.testng.internal.TestMethodWorker.run(TestMethodWorker.java:128)\n\tat java.base/java.util.ArrayList.forEach(ArrayList.java:1511)\n\tat org.testng.TestRunner.privateRun(TestRunner.java:766)\n\tat org.testng.TestRunner.run(TestRunner.java:587)\n\tat org.testng.SuiteRunner.runTest(SuiteRunner.java:384)\n\tat org.testng.SuiteRunner.runSequentially(SuiteRunner.java:378)\n\tat org.testng.SuiteRunner.privateRun(SuiteRunner.java:337)\n\tat org.testng.SuiteRunner.run(SuiteRunner.java:286)\n\tat org.testng.SuiteRunnerWorker.runSuite(SuiteRunnerWorker.java:53)\n\tat org.testng.SuiteRunnerWorker.run(SuiteRunnerWorker.java:96)\n\tat org.testng.TestNG.runSuitesSequentially(TestNG.java:1187)\n\tat org.testng.TestNG.runSuitesLocally(TestNG.java:1109)\n\tat org.testng.TestNG.runSuites(TestNG.java:1039)\n\tat org.testng.TestNG.run(TestNG.java:1007)\n\tat org.apache.maven.surefire.testng.TestNGExecutor.run(TestNGExecutor.java:283)\n\tat org.apache.maven.surefire.testng.TestNGXmlTestSuite.execute(TestNGXmlTestSuite.java:75)\n\tat org.apache.maven.surefire.testng.TestNGProvider.invoke(TestNGProvider.java:120)\n\tat org.apache.maven.surefire.booter.ForkedBooter.invokeProviderInSameClassLoader(ForkedBooter.java:384)\n\tat org.apache.maven.surefire.booter.ForkedBooter.runSuitesInProcess(ForkedBooter.java:345)\n\tat org.apache.maven.surefire.booter.ForkedBooter.execute(ForkedBooter.java:126)\n\tat org.apache.maven.surefire.booter.ForkedBooter.main(ForkedBooter.java:418)\nCaused by: org.openqa.selenium.NoSuchElementException: no such element: Unable to locate element: {\"method\":\"xpath\",\"selector\":\"//tr[./td[text()='90267cf5-90ae-4053-9e92-8cd66528b163']]\"}\n  (Session info: headless chrome=90.0.4430.85)\nFor documentation on this error, please visit: https://www.seleniumhq.org/exceptions/no_such_element.html\nBuild info: version: '3.141.59', revision: 'e82be7d358', time: '2018-11-14T08:17:03'\nSystem info: host: 'fv-az129-152', ip: '10.1.1.20', os.name: 'Linux', os.arch: 'amd64', os.version: '5.4.0-1046-azure', java.version: '15.0.3'\nDriver info: org.openqa.selenium.chrome.ChromeDriver\nCapabilities {acceptInsecureCerts: true, browserName: chrome, browserVersion: 90.0.4430.85, chrome: {chromedriverVersion: 90.0.4430.24 (4c6d850f087da..., userDataDir: /tmp/.com.google.Chrome.aVvgeK}, goog:chromeOptions: {debuggerAddress: localhost:34567}, javascriptEnabled: true, networkConnectionEnabled: false, pageLoadStrategy: normal, platform: LINUX, platformName: LINUX, proxy: Proxy(), setWindowRect: true, strictFileInteractability: false, timeouts: {implicit: 0, pageLoad: 300000, script: 30000}, unhandledPromptBehavior: dismiss and notify, webauthn:extension:largeBlob: true, webauthn:virtualAuthenticators: true}\nSession ID: eb6cccec0e98696d500b748bbdd92fff\n*** Element info: {Using=xpath, value=//tr[./td[text()='90267cf5-90ae-4053-9e92-8cd66528b163']]}\n\tat jdk.internal.reflect.GeneratedConstructorAccessor17.newInstance(Unknown Source)\n\tat java.base/jdk.internal.reflect.DelegatingConstructorAccessorImpl.newInstance(DelegatingConstructorAccessorImpl.java:45)\n\tat java.base/java.lang.reflect.Constructor.newInstanceWithCaller(Constructor.java:500)\n\tat java.base/java.lang.reflect.Constructor.newInstance(Constructor.java:481)\n\tat org.openqa.selenium.remote.http.W3CHttpResponseCodec.createException(W3CHttpResponseCodec.java:187)\n\tat org.openqa.selenium.remote.http.W3CHttpResponseCodec.decode(W3CHttpResponseCodec.java:122)\n\tat org.openqa.selenium.remote.http.W3CHttpResponseCodec.decode(W3CHttpResponseCodec.java:49)\n\tat org.openqa.selenium.remote.HttpCommandExecutor.execute(HttpCommandExecutor.java:158)\n\tat org.openqa.selenium.remote.service.DriverCommandExecutor.execute(DriverCommandExecutor.java:83)\n\tat org.openqa.selenium.remote.RemoteWebDriver.execute(RemoteWebDriver.java:552)\n\tat org.openqa.selenium.remote.RemoteWebDriver.findElement(RemoteWebDriver.java:323)\n\tat org.openqa.selenium.remote.RemoteWebDriver.findElementByXPath(RemoteWebDriver.java:428)\n\tat org.openqa.selenium.By$ByXPath.findElement(By.java:353)\n\tat org.openqa.selenium.remote.RemoteWebDriver.findElement(RemoteWebDriver.java:315)\n\tat com.codeborne.selenide.impl.WebElementSelector.findElement(WebElementSelector.java:59)\n\tat com.codeborne.selenide.impl.WebElementSelector.findElement(WebElementSelector.java:34)\n\tat com.codeborne.selenide.impl.ElementFinder.getWebElement(ElementFinder.java:104)\n\tat com.codeborne.selenide.impl.WebElementSource.checkCondition(WebElementSource.java:99)\n\t... 49 more\n",
    "steps" : [ {
      "name" : "Check grid line",
      "time" : {
        "start" : 1620197235114,
        "stop" : 1620197245476,
        "duration" : 10362
      },
      "status" : "failed",
      "statusMessage" : "Element not found {By.xpath: //tr[./td[text()='90267cf5-90ae-4053-9e92-8cd66528b163']]}\nExpected: exist\nScreenshot: file:/home/runner/work/petland-admin/petland-admin/build/reports/tests/1620197245322.2.png\nPage source: file:/home/runner/work/petland-admin/petland-admin/build/reports/tests/1620197245322.2.html\nTimeout: 10 s.\nCaused by: NoSuchElementException: no such element: Unable to locate element: {\"method\":\"xpath\",\"selector\":\"//tr[./td[text()='90267cf5-90ae-4053-9e92-8cd66528b163']]\"}",
      "statusTrace" : "Element not found {By.xpath: //tr[./td[text()='90267cf5-90ae-4053-9e92-8cd66528b163']]}\nExpected: exist\nScreenshot: file:/home/runner/work/petland-admin/petland-admin/build/reports/tests/1620197245322.2.png\nPage source: file:/home/runner/work/petland-admin/petland-admin/build/reports/tests/1620197245322.2.html\nTimeout: 10 s.\nCaused by: NoSuchElementException: no such element: Unable to locate element: {\"method\":\"xpath\",\"selector\":\"//tr[./td[text()='90267cf5-90ae-4053-9e92-8cd66528b163']]\"}\n\tat com.codeborne.selenide.impl.WebElementSource.createElementNotFoundError(WebElementSource.java:83)\n\tat com.codeborne.selenide.impl.ElementFinder.createElementNotFoundError(ElementFinder.java:136)\n\tat com.codeborne.selenide.impl.WebElementSource.checkCondition(WebElementSource.java:114)\n\tat com.codeborne.selenide.commands.Should.execute(Should.java:30)\n\tat com.codeborne.selenide.commands.Should.execute(Should.java:14)\n\tat com.codeborne.selenide.commands.Commands.execute(Commands.java:155)\n\tat com.codeborne.selenide.impl.SelenideElementProxy.dispatchAndRetry(SelenideElementProxy.java:133)\n\tat com.codeborne.selenide.impl.SelenideElementProxy.invoke(SelenideElementProxy.java:85)\n\tat com.sun.proxy.$Proxy19.should(Unknown Source)\n\tat com.codeborne.selenide.impl.ElementFinder.createElementNotFoundError(ElementFinder.java:130)\n\tat com.codeborne.selenide.impl.WebElementSource.checkCondition(WebElementSource.java:114)\n\tat com.codeborne.selenide.impl.WebElementSource.findAndAssertElementIsInteractable(WebElementSource.java:139)\n\tat com.codeborne.selenide.commands.Click.execute(Click.java:24)\n\tat com.codeborne.selenide.commands.Click.execute(Click.java:16)\n\tat com.codeborne.selenide.commands.Commands.execute(Commands.java:155)\n\tat com.codeborne.selenide.impl.SelenideElementProxy.dispatchAndRetry(SelenideElementProxy.java:133)\n\tat com.codeborne.selenide.impl.SelenideElementProxy.invoke(SelenideElementProxy.java:85)\n\tat com.sun.proxy.$Proxy19.click(Unknown Source)\n\tat pages.BasePage.checkLine(BasePage.java:58)\n\tat test.TestCategoryPage.testUpdateCategory(TestCategoryPage.java:36)\n\tat java.base/jdk.internal.reflect.NativeMethodAccessorImpl.invoke0(Native Method)\n\tat java.base/jdk.internal.reflect.NativeMethodAccessorImpl.invoke(NativeMethodAccessorImpl.java:64)\n\tat java.base/jdk.internal.reflect.DelegatingMethodAccessorImpl.invoke(DelegatingMethodAccessorImpl.java:43)\n\tat java.base/java.lang.reflect.Method.invoke(Method.java:564)\n\tat org.testng.internal.MethodInvocationHelper.invokeMethod(MethodInvocationHelper.java:134)\n\tat org.testng.internal.TestInvoker.invokeMethod(TestInvoker.java:597)\n\tat org.testng.internal.TestInvoker.invokeTestMethod(TestInvoker.java:173)\n\tat org.testng.internal.MethodRunner.runInSequence(MethodRunner.java:46)\n\tat org.testng.internal.TestInvoker$MethodInvocationAgent.invoke(TestInvoker.java:816)\n\tat org.testng.internal.TestInvoker.invokeTestMethods(TestInvoker.java:146)\n\tat org.testng.internal.TestMethodWorker.invokeTestMethods(TestMethodWorker.java:146)\n\tat org.testng.internal.TestMethodWorker.run(TestMethodWorker.java:128)\n\tat java.base/java.util.ArrayList.forEach(ArrayList.java:1511)\n\tat org.testng.TestRunner.privateRun(TestRunner.java:766)\n\tat org.testng.TestRunner.run(TestRunner.java:587)\n\tat org.testng.SuiteRunner.runTest(SuiteRunner.java:384)\n\tat org.testng.SuiteRunner.runSequentially(SuiteRunner.java:378)\n\tat org.testng.SuiteRunner.privateRun(SuiteRunner.java:337)\n\tat org.testng.SuiteRunner.run(SuiteRunner.java:286)\n\tat org.testng.SuiteRunnerWorker.runSuite(SuiteRunnerWorker.java:53)\n\tat org.testng.SuiteRunnerWorker.run(SuiteRunnerWorker.java:96)\n\tat org.testng.TestNG.runSuitesSequentially(TestNG.java:1187)\n\tat org.testng.TestNG.runSuitesLocally(TestNG.java:1109)\n\tat org.testng.TestNG.runSuites(TestNG.java:1039)\n\tat org.testng.TestNG.run(TestNG.java:1007)\n\tat org.apache.maven.surefire.testng.TestNGExecutor.run(TestNGExecutor.java:283)\n\tat org.apache.maven.surefire.testng.TestNGXmlTestSuite.execute(TestNGXmlTestSuite.java:75)\n\tat org.apache.maven.surefire.testng.TestNGProvider.invoke(TestNGProvider.java:120)\n\tat org.apache.maven.surefire.booter.ForkedBooter.invokeProviderInSameClassLoader(ForkedBooter.java:384)\n\tat org.apache.maven.surefire.booter.ForkedBooter.runSuitesInProcess(ForkedBooter.java:345)\n\tat org.apache.maven.surefire.booter.ForkedBooter.execute(ForkedBooter.java:126)\n\tat org.apache.maven.surefire.booter.ForkedBooter.main(ForkedBooter.java:418)\nCaused by: org.openqa.selenium.NoSuchElementException: no such element: Unable to locate element: {\"method\":\"xpath\",\"selector\":\"//tr[./td[text()='90267cf5-90ae-4053-9e92-8cd66528b163']]\"}\n  (Session info: headless chrome=90.0.4430.85)\nFor documentation on this error, please visit: https://www.seleniumhq.org/exceptions/no_such_element.html\nBuild info: version: '3.141.59', revision: 'e82be7d358', time: '2018-11-14T08:17:03'\nSystem info: host: 'fv-az129-152', ip: '10.1.1.20', os.name: 'Linux', os.arch: 'amd64', os.version: '5.4.0-1046-azure', java.version: '15.0.3'\nDriver info: org.openqa.selenium.chrome.ChromeDriver\nCapabilities {acceptInsecureCerts: true, browserName: chrome, browserVersion: 90.0.4430.85, chrome: {chromedriverVersion: 90.0.4430.24 (4c6d850f087da..., userDataDir: /tmp/.com.google.Chrome.aVvgeK}, goog:chromeOptions: {debuggerAddress: localhost:34567}, javascriptEnabled: true, networkConnectionEnabled: false, pageLoadStrategy: normal, platform: LINUX, platformName: LINUX, proxy: Proxy(), setWindowRect: true, strictFileInteractability: false, timeouts: {implicit: 0, pageLoad: 300000, script: 30000}, unhandledPromptBehavior: dismiss and notify, webauthn:extension:largeBlob: true, webauthn:virtualAuthenticators: true}\nSession ID: eb6cccec0e98696d500b748bbdd92fff\n*** Element info: {Using=xpath, value=//tr[./td[text()='90267cf5-90ae-4053-9e92-8cd66528b163']]}\n\tat jdk.internal.reflect.GeneratedConstructorAccessor17.newInstance(Unknown Source)\n\tat java.base/jdk.internal.reflect.DelegatingConstructorAccessorImpl.newInstance(DelegatingConstructorAccessorImpl.java:45)\n\tat java.base/java.lang.reflect.Constructor.newInstanceWithCaller(Constructor.java:500)\n\tat java.base/java.lang.reflect.Constructor.newInstance(Constructor.java:481)\n\tat org.openqa.selenium.remote.http.W3CHttpResponseCodec.createException(W3CHttpResponseCodec.java:187)\n\tat org.openqa.selenium.remote.http.W3CHttpResponseCodec.decode(W3CHttpResponseCodec.java:122)\n\tat org.openqa.selenium.remote.http.W3CHttpResponseCodec.decode(W3CHttpResponseCodec.java:49)\n\tat org.openqa.selenium.remote.HttpCommandExecutor.execute(HttpCommandExecutor.java:158)\n\tat org.openqa.selenium.remote.service.DriverCommandExecutor.execute(DriverCommandExecutor.java:83)\n\tat org.openqa.selenium.remote.RemoteWebDriver.execute(RemoteWebDriver.java:552)\n\tat org.openqa.selenium.remote.RemoteWebDriver.findElement(RemoteWebDriver.java:323)\n\tat org.openqa.selenium.remote.RemoteWebDriver.findElementByXPath(RemoteWebDriver.java:428)\n\tat org.openqa.selenium.By$ByXPath.findElement(By.java:353)\n\tat org.openqa.selenium.remote.RemoteWebDriver.findElement(RemoteWebDriver.java:315)\n\tat com.codeborne.selenide.impl.WebElementSelector.findElement(WebElementSelector.java:59)\n\tat com.codeborne.selenide.impl.WebElementSelector.findElement(WebElementSelector.java:34)\n\tat com.codeborne.selenide.impl.ElementFinder.getWebElement(ElementFinder.java:104)\n\tat com.codeborne.selenide.impl.WebElementSource.checkCondition(WebElementSource.java:99)\n\t... 49 more\n",
      "steps" : [ {
        "name" : "Get grid line",
        "time" : {
          "start" : 1620197235114,
          "stop" : 1620197235114,
          "duration" : 0
        },
        "status" : "passed",
        "steps" : [ ],
        "attachments" : [ ],
        "parameters" : [ {
          "name" : "key",
          "value" : "90267cf5-90ae-4053-9e92-8cd66528b163"
        } ],
        "stepsCount" : 0,
        "attachmentsCount" : 0,
        "shouldDisplayMessage" : false,
        "hasContent" : true
      } ],
      "attachments" : [ ],
      "parameters" : [ {
        "name" : "key",
        "value" : "90267cf5-90ae-4053-9e92-8cd66528b163"
      } ],
      "stepsCount" : 1,
      "attachmentsCount" : 0,
      "shouldDisplayMessage" : true,
      "hasContent" : true
    } ],
    "attachments" : [ {
      "uid" : "42fb2bbd586f0241",
      "name" : "Page screenshot",
      "source" : "42fb2bbd586f0241.png",
      "type" : "image/png",
      "size" : 102180
    }, {
      "uid" : "4b6bc4df70c9646e",
      "name" : "testUpdateCategory",
      "source" : "4b6bc4df70c9646e.txt",
      "type" : "test/plain",
      "size" : 18
    } ],
    "parameters" : [ ],
    "stepsCount" : 2,
    "attachmentsCount" : 2,
    "shouldDisplayMessage" : false,
    "hasContent" : true
  },
  "afterStages" : [ {
    "name" : "tearDown",
    "time" : {
      "start" : 1620197245919,
      "stop" : 1620197245988,
      "duration" : 69
    },
    "description" : "",
    "status" : "passed",
    "steps" : [ ],
    "attachments" : [ ],
    "parameters" : [ ],
    "stepsCount" : 0,
    "attachmentsCount" : 0,
    "shouldDisplayMessage" : false,
    "hasContent" : false
  } ],
  "labels" : [ {
    "name" : "package",
    "value" : "test.TestCategoryPage"
  }, {
    "name" : "testClass",
    "value" : "test.TestCategoryPage"
  }, {
    "name" : "testMethod",
    "value" : "testUpdateCategory"
  }, {
    "name" : "parentSuite",
    "value" : "Petland Admin"
  }, {
    "name" : "suite",
    "value" : "Category Page"
  }, {
    "name" : "subSuite",
    "value" : "test.TestCategoryPage"
  }, {
    "name" : "host",
    "value" : "fv-az129-152"
  }, {
    "name" : "thread",
    "value" : "2907@fv-az129-152.main(1)"
  }, {
    "name" : "framework",
    "value" : "testng"
  }, {
    "name" : "language",
    "value" : "java"
  }, {
    "name" : "story",
    "value" : "Admin can update category"
  }, {
    "name" : "resultFormat",
    "value" : "allure2"
  } ],
  "parameters" : [ ],
  "links" : [ ],
  "hidden" : false,
  "retry" : false,
  "extra" : {
    "severity" : "normal",
    "retries" : [ ],
    "categories" : [ {
      "name" : "Product defects",
      "matchedStatuses" : [ ],
      "flaky" : false
    } ],
    "history" : {
      "statistic" : {
        "failed" : 10,
        "broken" : 1,
        "skipped" : 0,
        "passed" : 0,
        "unknown" : 0,
        "total" : 11
      },
      "items" : [ {
        "uid" : "6f9a61accaef8adb",
        "reportUrl" : "https://randy102.github.io/petland-admin/8//#testresult/6f9a61accaef8adb",
        "status" : "failed",
        "statusDetails" : "Element not found {By.xpath: //tr[./td[text()='c55bff99-4cc4-4048-8d58-8cdd1abab2f5']]}\nExpected: exist\nScreenshot: file:/home/runner/work/petland-admin/petland-admin/build/reports/tests/1620196857343.2.png\nPage source: file:/home/runner/work/petland-admin/petland-admin/build/reports/tests/1620196857343.2.html\nTimeout: 10 s.\nCaused by: NoSuchElementException: no such element: Unable to locate element: {\"method\":\"xpath\",\"selector\":\"//tr[./td[text()='c55bff99-4cc4-4048-8d58-8cdd1abab2f5']]\"}",
        "time" : {
          "start" : 1620196847133,
          "stop" : 1620196857612,
          "duration" : 10479
        }
      }, {
        "uid" : "bd09c250e17210e5",
        "reportUrl" : "https://randy102.github.io/petland-admin/61//#testresult/bd09c250e17210e5",
        "status" : "failed",
        "statusDetails" : "Element not found {By.xpath: //tr[./td[text()='51863128-1137-480f-8bac-d3f73cd9b89c']]}\nExpected: exist\nScreenshot: file:/home/runner/work/petland-admin/petland-admin/build/reports/tests/1620030099338.2.png\nPage source: file:/home/runner/work/petland-admin/petland-admin/build/reports/tests/1620030099338.2.html\nTimeout: 10 s.\nCaused by: NoSuchElementException: no such element: Unable to locate element: {\"method\":\"xpath\",\"selector\":\"//tr[./td[text()='51863128-1137-480f-8bac-d3f73cd9b89c']]\"}",
        "time" : {
          "start" : 1620030089131,
          "stop" : 1620030099583,
          "duration" : 10452
        }
      }, {
        "uid" : "2f5327e04d11b6b4",
        "reportUrl" : "https://randy102.github.io/petland-admin/7//#testresult/2f5327e04d11b6b4",
        "status" : "broken",
        "statusDetails" : "Cannot read field \"name\" because \"this.created\" is null",
        "time" : {
          "start" : 1620029623269,
          "stop" : 1620029623411,
          "duration" : 142
        }
      }, {
        "uid" : "6d9569891fb35857",
        "reportUrl" : "https://randy102.github.io/petland-admin/6//#testresult/6d9569891fb35857",
        "status" : "failed",
        "statusDetails" : "Element not found {By.xpath: //tr[./td[text()='67742e0e-d020-432e-9cfd-6e98083d7d59']]}\nExpected: exist\nScreenshot: file:/home/runner/work/petland-admin/petland-admin/build/reports/tests/1619873199217.2.png\nPage source: file:/home/runner/work/petland-admin/petland-admin/build/reports/tests/1619873199217.2.html\nTimeout: 10 s.\nCaused by: NoSuchElementException: no such element: Unable to locate element: {\"method\":\"xpath\",\"selector\":\"//tr[./td[text()='67742e0e-d020-432e-9cfd-6e98083d7d59']]\"}",
        "time" : {
          "start" : 1619873189001,
          "stop" : 1619873199482,
          "duration" : 10481
        }
      }, {
        "uid" : "52fc8822a0cbc39c",
        "reportUrl" : "https://randy102.github.io/petland-admin/5//#testresult/52fc8822a0cbc39c",
        "status" : "failed",
        "statusDetails" : "Element not found {By.xpath: //tr[./td[text()='17c1a048-b6c5-4d9d-bcc0-a60865305a59']]}\nExpected: exist\nScreenshot: file:/home/runner/work/petland-admin/petland-admin/build/reports/tests/1619872055374.1.png\nPage source: file:/home/runner/work/petland-admin/petland-admin/build/reports/tests/1619872055374.1.html\nTimeout: 10 s.\nCaused by: NoSuchElementException: no such element: Unable to locate element: {\"method\":\"xpath\",\"selector\":\"//tr[./td[text()='17c1a048-b6c5-4d9d-bcc0-a60865305a59']]\"}",
        "time" : {
          "start" : 1619872045128,
          "stop" : 1619872055565,
          "duration" : 10437
        }
      }, {
        "uid" : "687b3e116b0241d",
        "reportUrl" : "https://randy102.github.io/petland-admin/4//#testresult/687b3e116b0241d",
        "status" : "failed",
        "statusDetails" : "Element not found {By.xpath: //tr[./td[text()='d6b49562-864b-4021-a481-ec99e7f2bcb8']]}\nExpected: exist\nScreenshot: file:/home/runner/work/petland-admin/petland-admin/build/reports/tests/1619871772716.1.png\nPage source: file:/home/runner/work/petland-admin/petland-admin/build/reports/tests/1619871772716.1.html\nTimeout: 10 s.\nCaused by: NoSuchElementException: no such element: Unable to locate element: {\"method\":\"xpath\",\"selector\":\"//tr[./td[text()='d6b49562-864b-4021-a481-ec99e7f2bcb8']]\"}",
        "time" : {
          "start" : 1619871762344,
          "stop" : 1619871772924,
          "duration" : 10580
        }
      }, {
        "uid" : "f886e3ad8a87edf8",
        "reportUrl" : "https://randy102.github.io/petland-admin/3//#testresult/f886e3ad8a87edf8",
        "status" : "failed",
        "statusDetails" : "Element not found {By.xpath: //tr[./td[text()='b8bdef20-4bfc-4cbf-bfb5-f23354980418']]}\nExpected: exist\nScreenshot: file:/home/runner/work/petland-admin/petland-admin/build/reports/tests/1619869208244.2.png\nPage source: file:/home/runner/work/petland-admin/petland-admin/build/reports/tests/1619869208244.2.html\nTimeout: 10 s.\nCaused by: NoSuchElementException: no such element: Unable to locate element: {\"method\":\"xpath\",\"selector\":\"//tr[./td[text()='b8bdef20-4bfc-4cbf-bfb5-f23354980418']]\"}",
        "time" : {
          "start" : 1619869197911,
          "stop" : 1619869208410,
          "duration" : 10499
        }
      }, {
        "uid" : "c1e3e3acb1906986",
        "reportUrl" : "https://randy102.github.io/petland-admin/60//#testresult/c1e3e3acb1906986",
        "status" : "failed",
        "statusDetails" : "Element not found {By.xpath: //tr[./td[text()='28e8e8fd-31b5-463d-836c-e7d045789e2b']]}\nExpected: exist\nScreenshot: file:/home/runner/work/petland-admin/petland-admin/build/reports/tests/1619866742039.2.png\nPage source: file:/home/runner/work/petland-admin/petland-admin/build/reports/tests/1619866742039.2.html\nTimeout: 10 s.\nCaused by: NoSuchElementException: no such element: Unable to locate element: {\"method\":\"xpath\",\"selector\":\"//tr[./td[text()='28e8e8fd-31b5-463d-836c-e7d045789e2b']]\"}",
        "time" : {
          "start" : 1619866731786,
          "stop" : 1619866742207,
          "duration" : 10421
        }
      }, {
        "uid" : "3fade48d8264cc34",
        "reportUrl" : "https://randy102.github.io/petland-admin/2//#testresult/3fade48d8264cc34",
        "status" : "failed",
        "statusDetails" : "Element not found {By.xpath: //tr[./td[text()='38eb0fc4-5b55-4046-bffb-9d2791de1791']]}\nExpected: exist\nScreenshot: file:/home/runner/work/petland-admin/petland-admin/build/reports/tests/1619866724643.2.png\nPage source: file:/home/runner/work/petland-admin/petland-admin/build/reports/tests/1619866724643.2.html\nTimeout: 10 s.\nCaused by: NoSuchElementException: no such element: Unable to locate element: {\"method\":\"xpath\",\"selector\":\"//tr[./td[text()='38eb0fc4-5b55-4046-bffb-9d2791de1791']]\"}",
        "time" : {
          "start" : 1619866714267,
          "stop" : 1619866724819,
          "duration" : 10552
        }
      }, {
        "uid" : "396769451918aac8",
        "reportUrl" : "https://randy102.github.io/petland-admin/59//#testresult/396769451918aac8",
        "status" : "failed",
        "statusDetails" : "Element not found {By.xpath: //tr[./td[text()='cd232f88-7492-41de-a3ad-46da59133316']]}\nExpected: exist\nScreenshot: file:/home/runner/work/petland-admin/petland-admin/build/reports/tests/1619865669230.2.png\nPage source: file:/home/runner/work/petland-admin/petland-admin/build/reports/tests/1619865669230.2.html\nTimeout: 10 s.\nCaused by: NoSuchElementException: no such element: Unable to locate element: {\"method\":\"xpath\",\"selector\":\"//tr[./td[text()='cd232f88-7492-41de-a3ad-46da59133316']]\"}",
        "time" : {
          "start" : 1619865658859,
          "stop" : 1619865669406,
          "duration" : 10547
        }
      } ]
    },
    "tags" : [ ]
  },
  "source" : "90b93ed3d8e25d8f.json",
  "parameterValues" : [ ]
}