{
  "uid" : "e3f36befd4c1328e",
  "name" : "testUpdateCategory",
  "fullName" : "test.TestSubCategoryPage.testUpdateCategory",
  "historyId" : "cd66a6b374b7e827c2439e111e8f638a",
  "time" : {
    "start" : 1620653724004,
    "stop" : 1620653724010,
    "duration" : 6
  },
  "status" : "skipped",
  "statusMessage" : "Element not found {By.xpath: //table[.//th//span[text()[contains(.,'Tên')]] and .//th//span[text()[contains(.,'Thể loại')]]]}\nExpected: visible\nScreenshot: file:/home/runner/work/petland-admin/petland-admin/build/reports/tests/1620653710744.5.png\nPage source: file:/home/runner/work/petland-admin/petland-admin/build/reports/tests/1620653710744.5.html\nTimeout: 10 s.\nCaused by: NoSuchElementException: no such element: Unable to locate element: {\"method\":\"xpath\",\"selector\":\"//table[.//th//span[text()[contains(.,'Tên')]] and .//th//span[text()[contains(.,'Thể loại')]]]\"}",
  "statusTrace" : "Element not found {By.xpath: //table[.//th//span[text()[contains(.,'Tên')]] and .//th//span[text()[contains(.,'Thể loại')]]]}\nExpected: visible\nScreenshot: file:/home/runner/work/petland-admin/petland-admin/build/reports/tests/1620653710744.5.png\nPage source: file:/home/runner/work/petland-admin/petland-admin/build/reports/tests/1620653710744.5.html\nTimeout: 10 s.\nCaused by: NoSuchElementException: no such element: Unable to locate element: {\"method\":\"xpath\",\"selector\":\"//table[.//th//span[text()[contains(.,'Tên')]] and .//th//span[text()[contains(.,'Thể loại')]]]\"}\n\tat com.codeborne.selenide.impl.WebElementSource.createElementNotFoundError(WebElementSource.java:83)\n\tat com.codeborne.selenide.impl.ElementFinder.createElementNotFoundError(ElementFinder.java:136)\n\tat com.codeborne.selenide.impl.WebElementSource.checkCondition(WebElementSource.java:114)\n\tat com.codeborne.selenide.commands.Should.execute(Should.java:30)\n\tat com.codeborne.selenide.commands.Should.execute(Should.java:14)\n\tat com.codeborne.selenide.commands.Commands.execute(Commands.java:155)\n\tat com.codeborne.selenide.impl.SelenideElementProxy.dispatchAndRetry(SelenideElementProxy.java:133)\n\tat com.codeborne.selenide.impl.SelenideElementProxy.invoke(SelenideElementProxy.java:85)\n\tat com.sun.proxy.$Proxy19.shouldBe(Unknown Source)\n\tat pages.SubCategoryPage.openPage(SubCategoryPage.java:18)\n\tat test.BaseTest.openPage(BaseTest.java:19)\n\tat java.base/jdk.internal.reflect.NativeMethodAccessorImpl.invoke0(Native Method)\n\tat java.base/jdk.internal.reflect.NativeMethodAccessorImpl.invoke(NativeMethodAccessorImpl.java:64)\n\tat java.base/jdk.internal.reflect.DelegatingMethodAccessorImpl.invoke(DelegatingMethodAccessorImpl.java:43)\n\tat java.base/java.lang.reflect.Method.invoke(Method.java:564)\n\tat org.testng.internal.MethodInvocationHelper.invokeMethod(MethodInvocationHelper.java:134)\n\tat org.testng.internal.MethodInvocationHelper.invokeMethodConsideringTimeout(MethodInvocationHelper.java:63)\n\tat org.testng.internal.ConfigInvoker.invokeConfigurationMethod(ConfigInvoker.java:348)\n\tat org.testng.internal.ConfigInvoker.invokeConfigurations(ConfigInvoker.java:302)\n\tat org.testng.internal.TestInvoker.runConfigMethods(TestInvoker.java:695)\n\tat org.testng.internal.TestInvoker.invokeMethod(TestInvoker.java:523)\n\tat org.testng.internal.TestInvoker.invokeTestMethod(TestInvoker.java:173)\n\tat org.testng.internal.MethodRunner.runInSequence(MethodRunner.java:46)\n\tat org.testng.internal.TestInvoker$MethodInvocationAgent.invoke(TestInvoker.java:816)\n\tat org.testng.internal.TestInvoker.invokeTestMethods(TestInvoker.java:146)\n\tat org.testng.internal.TestMethodWorker.invokeTestMethods(TestMethodWorker.java:146)\n\tat org.testng.internal.TestMethodWorker.run(TestMethodWorker.java:128)\n\tat java.base/java.util.ArrayList.forEach(ArrayList.java:1511)\n\tat org.testng.TestRunner.privateRun(TestRunner.java:766)\n\tat org.testng.TestRunner.run(TestRunner.java:587)\n\tat org.testng.SuiteRunner.runTest(SuiteRunner.java:384)\n\tat org.testng.SuiteRunner.runSequentially(SuiteRunner.java:378)\n\tat org.testng.SuiteRunner.privateRun(SuiteRunner.java:337)\n\tat org.testng.SuiteRunner.run(SuiteRunner.java:286)\n\tat org.testng.SuiteRunnerWorker.runSuite(SuiteRunnerWorker.java:53)\n\tat org.testng.SuiteRunnerWorker.run(SuiteRunnerWorker.java:96)\n\tat org.testng.TestNG.runSuitesSequentially(TestNG.java:1187)\n\tat org.testng.TestNG.runSuitesLocally(TestNG.java:1109)\n\tat org.testng.TestNG.runSuites(TestNG.java:1039)\n\tat org.testng.TestNG.run(TestNG.java:1007)\n\tat org.apache.maven.surefire.testng.TestNGExecutor.run(TestNGExecutor.java:283)\n\tat org.apache.maven.surefire.testng.TestNGXmlTestSuite.execute(TestNGXmlTestSuite.java:75)\n\tat org.apache.maven.surefire.testng.TestNGProvider.invoke(TestNGProvider.java:120)\n\tat org.apache.maven.surefire.booter.ForkedBooter.invokeProviderInSameClassLoader(ForkedBooter.java:384)\n\tat org.apache.maven.surefire.booter.ForkedBooter.runSuitesInProcess(ForkedBooter.java:345)\n\tat org.apache.maven.surefire.booter.ForkedBooter.execute(ForkedBooter.java:126)\n\tat org.apache.maven.surefire.booter.ForkedBooter.main(ForkedBooter.java:418)\nCaused by: org.openqa.selenium.NoSuchElementException: no such element: Unable to locate element: {\"method\":\"xpath\",\"selector\":\"//table[.//th//span[text()[contains(.,'Tên')]] and .//th//span[text()[contains(.,'Thể loại')]]]\"}\n  (Session info: headless chrome=90.0.4430.93)\nFor documentation on this error, please visit: https://www.seleniumhq.org/exceptions/no_such_element.html\nBuild info: version: '3.141.59', revision: 'e82be7d358', time: '2018-11-14T08:17:03'\nSystem info: host: 'fv-az269-349', ip: '10.1.0.5', os.name: 'Linux', os.arch: 'amd64', os.version: '5.4.0-1046-azure', java.version: '15.0.3'\nDriver info: org.openqa.selenium.chrome.ChromeDriver\nCapabilities {acceptInsecureCerts: true, browserName: chrome, browserVersion: 90.0.4430.93, chrome: {chromedriverVersion: 90.0.4430.24 (4c6d850f087da..., userDataDir: /tmp/.com.google.Chrome.wCDhWu}, goog:chromeOptions: {debuggerAddress: localhost:37723}, javascriptEnabled: true, networkConnectionEnabled: false, pageLoadStrategy: normal, platform: LINUX, platformName: LINUX, proxy: Proxy(), setWindowRect: true, strictFileInteractability: false, timeouts: {implicit: 0, pageLoad: 300000, script: 30000}, unhandledPromptBehavior: dismiss and notify, webauthn:extension:largeBlob: true, webauthn:virtualAuthenticators: true}\nSession ID: c852320bac469b79d967ed7a02071e43\n*** Element info: {Using=xpath, value=//table[.//th//span[text()[contains(.,'Tên')]] and .//th//span[text()[contains(.,'Thể loại')]]]}\n\tat jdk.internal.reflect.GeneratedConstructorAccessor17.newInstance(Unknown Source)\n\tat java.base/jdk.internal.reflect.DelegatingConstructorAccessorImpl.newInstance(DelegatingConstructorAccessorImpl.java:45)\n\tat java.base/java.lang.reflect.Constructor.newInstanceWithCaller(Constructor.java:500)\n\tat java.base/java.lang.reflect.Constructor.newInstance(Constructor.java:481)\n\tat org.openqa.selenium.remote.http.W3CHttpResponseCodec.createException(W3CHttpResponseCodec.java:187)\n\tat org.openqa.selenium.remote.http.W3CHttpResponseCodec.decode(W3CHttpResponseCodec.java:122)\n\tat org.openqa.selenium.remote.http.W3CHttpResponseCodec.decode(W3CHttpResponseCodec.java:49)\n\tat org.openqa.selenium.remote.HttpCommandExecutor.execute(HttpCommandExecutor.java:158)\n\tat org.openqa.selenium.remote.service.DriverCommandExecutor.execute(DriverCommandExecutor.java:83)\n\tat org.openqa.selenium.remote.RemoteWebDriver.execute(RemoteWebDriver.java:552)\n\tat org.openqa.selenium.remote.RemoteWebDriver.findElement(RemoteWebDriver.java:323)\n\tat org.openqa.selenium.remote.RemoteWebDriver.findElementByXPath(RemoteWebDriver.java:428)\n\tat org.openqa.selenium.By$ByXPath.findElement(By.java:353)\n\tat org.openqa.selenium.remote.RemoteWebDriver.findElement(RemoteWebDriver.java:315)\n\tat com.codeborne.selenide.impl.WebElementSelector.findElement(WebElementSelector.java:59)\n\tat com.codeborne.selenide.impl.WebElementSelector.findElement(WebElementSelector.java:34)\n\tat com.codeborne.selenide.impl.ElementFinder.getWebElement(ElementFinder.java:104)\n\tat com.codeborne.selenide.impl.WebElementSource.checkCondition(WebElementSource.java:99)\n\t... 44 more\n",
  "flaky" : false,
  "newFailed" : false,
  "beforeStages" : [ {
    "name" : "openPage",
    "time" : {
      "start" : 1620653710981,
      "stop" : 1620653723994,
      "duration" : 13013
    },
    "description" : "",
    "status" : "failed",
    "statusMessage" : "Element not found {By.xpath: //table[.//th//span[text()[contains(.,'Tên')]] and .//th//span[text()[contains(.,'Thể loại')]]]}\nExpected: visible\nScreenshot: file:/home/runner/work/petland-admin/petland-admin/build/reports/tests/1620653723835.6.png\nPage source: file:/home/runner/work/petland-admin/petland-admin/build/reports/tests/1620653723835.6.html\nTimeout: 10 s.\nCaused by: NoSuchElementException: no such element: Unable to locate element: {\"method\":\"xpath\",\"selector\":\"//table[.//th//span[text()[contains(.,'Tên')]] and .//th//span[text()[contains(.,'Thể loại')]]]\"}",
    "statusTrace" : "Element not found {By.xpath: //table[.//th//span[text()[contains(.,'Tên')]] and .//th//span[text()[contains(.,'Thể loại')]]]}\nExpected: visible\nScreenshot: file:/home/runner/work/petland-admin/petland-admin/build/reports/tests/1620653723835.6.png\nPage source: file:/home/runner/work/petland-admin/petland-admin/build/reports/tests/1620653723835.6.html\nTimeout: 10 s.\nCaused by: NoSuchElementException: no such element: Unable to locate element: {\"method\":\"xpath\",\"selector\":\"//table[.//th//span[text()[contains(.,'Tên')]] and .//th//span[text()[contains(.,'Thể loại')]]]\"}\n\tat com.codeborne.selenide.impl.WebElementSource.createElementNotFoundError(WebElementSource.java:83)\n\tat com.codeborne.selenide.impl.ElementFinder.createElementNotFoundError(ElementFinder.java:136)\n\tat com.codeborne.selenide.impl.WebElementSource.checkCondition(WebElementSource.java:114)\n\tat com.codeborne.selenide.commands.Should.execute(Should.java:30)\n\tat com.codeborne.selenide.commands.Should.execute(Should.java:14)\n\tat com.codeborne.selenide.commands.Commands.execute(Commands.java:155)\n\tat com.codeborne.selenide.impl.SelenideElementProxy.dispatchAndRetry(SelenideElementProxy.java:133)\n\tat com.codeborne.selenide.impl.SelenideElementProxy.invoke(SelenideElementProxy.java:85)\n\tat com.sun.proxy.$Proxy19.shouldBe(Unknown Source)\n\tat pages.SubCategoryPage.openPage(SubCategoryPage.java:18)\n\tat test.BaseTest.openPage(BaseTest.java:19)\n\tat java.base/jdk.internal.reflect.NativeMethodAccessorImpl.invoke0(Native Method)\n\tat java.base/jdk.internal.reflect.NativeMethodAccessorImpl.invoke(NativeMethodAccessorImpl.java:64)\n\tat java.base/jdk.internal.reflect.DelegatingMethodAccessorImpl.invoke(DelegatingMethodAccessorImpl.java:43)\n\tat java.base/java.lang.reflect.Method.invoke(Method.java:564)\n\tat org.testng.internal.MethodInvocationHelper.invokeMethod(MethodInvocationHelper.java:134)\n\tat org.testng.internal.MethodInvocationHelper.invokeMethodConsideringTimeout(MethodInvocationHelper.java:63)\n\tat org.testng.internal.ConfigInvoker.invokeConfigurationMethod(ConfigInvoker.java:348)\n\tat org.testng.internal.ConfigInvoker.invokeConfigurations(ConfigInvoker.java:302)\n\tat org.testng.internal.TestInvoker.runConfigMethods(TestInvoker.java:695)\n\tat org.testng.internal.TestInvoker.invokeMethod(TestInvoker.java:523)\n\tat org.testng.internal.TestInvoker.invokeTestMethod(TestInvoker.java:173)\n\tat org.testng.internal.MethodRunner.runInSequence(MethodRunner.java:46)\n\tat org.testng.internal.TestInvoker$MethodInvocationAgent.invoke(TestInvoker.java:816)\n\tat org.testng.internal.TestInvoker.invokeTestMethods(TestInvoker.java:146)\n\tat org.testng.internal.TestMethodWorker.invokeTestMethods(TestMethodWorker.java:146)\n\tat org.testng.internal.TestMethodWorker.run(TestMethodWorker.java:128)\n\tat java.base/java.util.ArrayList.forEach(ArrayList.java:1511)\n\tat org.testng.TestRunner.privateRun(TestRunner.java:766)\n\tat org.testng.TestRunner.run(TestRunner.java:587)\n\tat org.testng.SuiteRunner.runTest(SuiteRunner.java:384)\n\tat org.testng.SuiteRunner.runSequentially(SuiteRunner.java:378)\n\tat org.testng.SuiteRunner.privateRun(SuiteRunner.java:337)\n\tat org.testng.SuiteRunner.run(SuiteRunner.java:286)\n\tat org.testng.SuiteRunnerWorker.runSuite(SuiteRunnerWorker.java:53)\n\tat org.testng.SuiteRunnerWorker.run(SuiteRunnerWorker.java:96)\n\tat org.testng.TestNG.runSuitesSequentially(TestNG.java:1187)\n\tat org.testng.TestNG.runSuitesLocally(TestNG.java:1109)\n\tat org.testng.TestNG.runSuites(TestNG.java:1039)\n\tat org.testng.TestNG.run(TestNG.java:1007)\n\tat org.apache.maven.surefire.testng.TestNGExecutor.run(TestNGExecutor.java:283)\n\tat org.apache.maven.surefire.testng.TestNGXmlTestSuite.execute(TestNGXmlTestSuite.java:75)\n\tat org.apache.maven.surefire.testng.TestNGProvider.invoke(TestNGProvider.java:120)\n\tat org.apache.maven.surefire.booter.ForkedBooter.invokeProviderInSameClassLoader(ForkedBooter.java:384)\n\tat org.apache.maven.surefire.booter.ForkedBooter.runSuitesInProcess(ForkedBooter.java:345)\n\tat org.apache.maven.surefire.booter.ForkedBooter.execute(ForkedBooter.java:126)\n\tat org.apache.maven.surefire.booter.ForkedBooter.main(ForkedBooter.java:418)\nCaused by: org.openqa.selenium.NoSuchElementException: no such element: Unable to locate element: {\"method\":\"xpath\",\"selector\":\"//table[.//th//span[text()[contains(.,'Tên')]] and .//th//span[text()[contains(.,'Thể loại')]]]\"}\n  (Session info: headless chrome=90.0.4430.93)\nFor documentation on this error, please visit: https://www.seleniumhq.org/exceptions/no_such_element.html\nBuild info: version: '3.141.59', revision: 'e82be7d358', time: '2018-11-14T08:17:03'\nSystem info: host: 'fv-az269-349', ip: '10.1.0.5', os.name: 'Linux', os.arch: 'amd64', os.version: '5.4.0-1046-azure', java.version: '15.0.3'\nDriver info: org.openqa.selenium.chrome.ChromeDriver\nCapabilities {acceptInsecureCerts: true, browserName: chrome, browserVersion: 90.0.4430.93, chrome: {chromedriverVersion: 90.0.4430.24 (4c6d850f087da..., userDataDir: /tmp/.com.google.Chrome.XxAGGu}, goog:chromeOptions: {debuggerAddress: localhost:45149}, javascriptEnabled: true, networkConnectionEnabled: false, pageLoadStrategy: normal, platform: LINUX, platformName: LINUX, proxy: Proxy(), setWindowRect: true, strictFileInteractability: false, timeouts: {implicit: 0, pageLoad: 300000, script: 30000}, unhandledPromptBehavior: dismiss and notify, webauthn:extension:largeBlob: true, webauthn:virtualAuthenticators: true}\nSession ID: b050ee35887e3037317c36ca700acb3d\n*** Element info: {Using=xpath, value=//table[.//th//span[text()[contains(.,'Tên')]] and .//th//span[text()[contains(.,'Thể loại')]]]}\n\tat jdk.internal.reflect.GeneratedConstructorAccessor17.newInstance(Unknown Source)\n\tat java.base/jdk.internal.reflect.DelegatingConstructorAccessorImpl.newInstance(DelegatingConstructorAccessorImpl.java:45)\n\tat java.base/java.lang.reflect.Constructor.newInstanceWithCaller(Constructor.java:500)\n\tat java.base/java.lang.reflect.Constructor.newInstance(Constructor.java:481)\n\tat org.openqa.selenium.remote.http.W3CHttpResponseCodec.createException(W3CHttpResponseCodec.java:187)\n\tat org.openqa.selenium.remote.http.W3CHttpResponseCodec.decode(W3CHttpResponseCodec.java:122)\n\tat org.openqa.selenium.remote.http.W3CHttpResponseCodec.decode(W3CHttpResponseCodec.java:49)\n\tat org.openqa.selenium.remote.HttpCommandExecutor.execute(HttpCommandExecutor.java:158)\n\tat org.openqa.selenium.remote.service.DriverCommandExecutor.execute(DriverCommandExecutor.java:83)\n\tat org.openqa.selenium.remote.RemoteWebDriver.execute(RemoteWebDriver.java:552)\n\tat org.openqa.selenium.remote.RemoteWebDriver.findElement(RemoteWebDriver.java:323)\n\tat org.openqa.selenium.remote.RemoteWebDriver.findElementByXPath(RemoteWebDriver.java:428)\n\tat org.openqa.selenium.By$ByXPath.findElement(By.java:353)\n\tat org.openqa.selenium.remote.RemoteWebDriver.findElement(RemoteWebDriver.java:315)\n\tat com.codeborne.selenide.impl.WebElementSelector.findElement(WebElementSelector.java:59)\n\tat com.codeborne.selenide.impl.WebElementSelector.findElement(WebElementSelector.java:34)\n\tat com.codeborne.selenide.impl.ElementFinder.getWebElement(ElementFinder.java:104)\n\tat com.codeborne.selenide.impl.WebElementSource.checkCondition(WebElementSource.java:99)\n\t... 44 more\n",
    "steps" : [ {
      "name" : "Open subcategory page",
      "time" : {
        "start" : 1620653710981,
        "stop" : 1620653723993,
        "duration" : 13012
      },
      "status" : "failed",
      "statusMessage" : "Element not found {By.xpath: //table[.//th//span[text()[contains(.,'Tên')]] and .//th//span[text()[contains(.,'Thể loại')]]]}\nExpected: visible\nScreenshot: file:/home/runner/work/petland-admin/petland-admin/build/reports/tests/1620653723835.6.png\nPage source: file:/home/runner/work/petland-admin/petland-admin/build/reports/tests/1620653723835.6.html\nTimeout: 10 s.\nCaused by: NoSuchElementException: no such element: Unable to locate element: {\"method\":\"xpath\",\"selector\":\"//table[.//th//span[text()[contains(.,'Tên')]] and .//th//span[text()[contains(.,'Thể loại')]]]\"}",
      "statusTrace" : "Element not found {By.xpath: //table[.//th//span[text()[contains(.,'Tên')]] and .//th//span[text()[contains(.,'Thể loại')]]]}\nExpected: visible\nScreenshot: file:/home/runner/work/petland-admin/petland-admin/build/reports/tests/1620653723835.6.png\nPage source: file:/home/runner/work/petland-admin/petland-admin/build/reports/tests/1620653723835.6.html\nTimeout: 10 s.\nCaused by: NoSuchElementException: no such element: Unable to locate element: {\"method\":\"xpath\",\"selector\":\"//table[.//th//span[text()[contains(.,'Tên')]] and .//th//span[text()[contains(.,'Thể loại')]]]\"}\n\tat com.codeborne.selenide.impl.WebElementSource.createElementNotFoundError(WebElementSource.java:83)\n\tat com.codeborne.selenide.impl.ElementFinder.createElementNotFoundError(ElementFinder.java:136)\n\tat com.codeborne.selenide.impl.WebElementSource.checkCondition(WebElementSource.java:114)\n\tat com.codeborne.selenide.commands.Should.execute(Should.java:30)\n\tat com.codeborne.selenide.commands.Should.execute(Should.java:14)\n\tat com.codeborne.selenide.commands.Commands.execute(Commands.java:155)\n\tat com.codeborne.selenide.impl.SelenideElementProxy.dispatchAndRetry(SelenideElementProxy.java:133)\n\tat com.codeborne.selenide.impl.SelenideElementProxy.invoke(SelenideElementProxy.java:85)\n\tat com.sun.proxy.$Proxy19.shouldBe(Unknown Source)\n\tat pages.SubCategoryPage.openPage(SubCategoryPage.java:18)\n\tat test.BaseTest.openPage(BaseTest.java:19)\n\tat java.base/jdk.internal.reflect.NativeMethodAccessorImpl.invoke0(Native Method)\n\tat java.base/jdk.internal.reflect.NativeMethodAccessorImpl.invoke(NativeMethodAccessorImpl.java:64)\n\tat java.base/jdk.internal.reflect.DelegatingMethodAccessorImpl.invoke(DelegatingMethodAccessorImpl.java:43)\n\tat java.base/java.lang.reflect.Method.invoke(Method.java:564)\n\tat org.testng.internal.MethodInvocationHelper.invokeMethod(MethodInvocationHelper.java:134)\n\tat org.testng.internal.MethodInvocationHelper.invokeMethodConsideringTimeout(MethodInvocationHelper.java:63)\n\tat org.testng.internal.ConfigInvoker.invokeConfigurationMethod(ConfigInvoker.java:348)\n\tat org.testng.internal.ConfigInvoker.invokeConfigurations(ConfigInvoker.java:302)\n\tat org.testng.internal.TestInvoker.runConfigMethods(TestInvoker.java:695)\n\tat org.testng.internal.TestInvoker.invokeMethod(TestInvoker.java:523)\n\tat org.testng.internal.TestInvoker.invokeTestMethod(TestInvoker.java:173)\n\tat org.testng.internal.MethodRunner.runInSequence(MethodRunner.java:46)\n\tat org.testng.internal.TestInvoker$MethodInvocationAgent.invoke(TestInvoker.java:816)\n\tat org.testng.internal.TestInvoker.invokeTestMethods(TestInvoker.java:146)\n\tat org.testng.internal.TestMethodWorker.invokeTestMethods(TestMethodWorker.java:146)\n\tat org.testng.internal.TestMethodWorker.run(TestMethodWorker.java:128)\n\tat java.base/java.util.ArrayList.forEach(ArrayList.java:1511)\n\tat org.testng.TestRunner.privateRun(TestRunner.java:766)\n\tat org.testng.TestRunner.run(TestRunner.java:587)\n\tat org.testng.SuiteRunner.runTest(SuiteRunner.java:384)\n\tat org.testng.SuiteRunner.runSequentially(SuiteRunner.java:378)\n\tat org.testng.SuiteRunner.privateRun(SuiteRunner.java:337)\n\tat org.testng.SuiteRunner.run(SuiteRunner.java:286)\n\tat org.testng.SuiteRunnerWorker.runSuite(SuiteRunnerWorker.java:53)\n\tat org.testng.SuiteRunnerWorker.run(SuiteRunnerWorker.java:96)\n\tat org.testng.TestNG.runSuitesSequentially(TestNG.java:1187)\n\tat org.testng.TestNG.runSuitesLocally(TestNG.java:1109)\n\tat org.testng.TestNG.runSuites(TestNG.java:1039)\n\tat org.testng.TestNG.run(TestNG.java:1007)\n\tat org.apache.maven.surefire.testng.TestNGExecutor.run(TestNGExecutor.java:283)\n\tat org.apache.maven.surefire.testng.TestNGXmlTestSuite.execute(TestNGXmlTestSuite.java:75)\n\tat org.apache.maven.surefire.testng.TestNGProvider.invoke(TestNGProvider.java:120)\n\tat org.apache.maven.surefire.booter.ForkedBooter.invokeProviderInSameClassLoader(ForkedBooter.java:384)\n\tat org.apache.maven.surefire.booter.ForkedBooter.runSuitesInProcess(ForkedBooter.java:345)\n\tat org.apache.maven.surefire.booter.ForkedBooter.execute(ForkedBooter.java:126)\n\tat org.apache.maven.surefire.booter.ForkedBooter.main(ForkedBooter.java:418)\nCaused by: org.openqa.selenium.NoSuchElementException: no such element: Unable to locate element: {\"method\":\"xpath\",\"selector\":\"//table[.//th//span[text()[contains(.,'Tên')]] and .//th//span[text()[contains(.,'Thể loại')]]]\"}\n  (Session info: headless chrome=90.0.4430.93)\nFor documentation on this error, please visit: https://www.seleniumhq.org/exceptions/no_such_element.html\nBuild info: version: '3.141.59', revision: 'e82be7d358', time: '2018-11-14T08:17:03'\nSystem info: host: 'fv-az269-349', ip: '10.1.0.5', os.name: 'Linux', os.arch: 'amd64', os.version: '5.4.0-1046-azure', java.version: '15.0.3'\nDriver info: org.openqa.selenium.chrome.ChromeDriver\nCapabilities {acceptInsecureCerts: true, browserName: chrome, browserVersion: 90.0.4430.93, chrome: {chromedriverVersion: 90.0.4430.24 (4c6d850f087da..., userDataDir: /tmp/.com.google.Chrome.XxAGGu}, goog:chromeOptions: {debuggerAddress: localhost:45149}, javascriptEnabled: true, networkConnectionEnabled: false, pageLoadStrategy: normal, platform: LINUX, platformName: LINUX, proxy: Proxy(), setWindowRect: true, strictFileInteractability: false, timeouts: {implicit: 0, pageLoad: 300000, script: 30000}, unhandledPromptBehavior: dismiss and notify, webauthn:extension:largeBlob: true, webauthn:virtualAuthenticators: true}\nSession ID: b050ee35887e3037317c36ca700acb3d\n*** Element info: {Using=xpath, value=//table[.//th//span[text()[contains(.,'Tên')]] and .//th//span[text()[contains(.,'Thể loại')]]]}\n\tat jdk.internal.reflect.GeneratedConstructorAccessor17.newInstance(Unknown Source)\n\tat java.base/jdk.internal.reflect.DelegatingConstructorAccessorImpl.newInstance(DelegatingConstructorAccessorImpl.java:45)\n\tat java.base/java.lang.reflect.Constructor.newInstanceWithCaller(Constructor.java:500)\n\tat java.base/java.lang.reflect.Constructor.newInstance(Constructor.java:481)\n\tat org.openqa.selenium.remote.http.W3CHttpResponseCodec.createException(W3CHttpResponseCodec.java:187)\n\tat org.openqa.selenium.remote.http.W3CHttpResponseCodec.decode(W3CHttpResponseCodec.java:122)\n\tat org.openqa.selenium.remote.http.W3CHttpResponseCodec.decode(W3CHttpResponseCodec.java:49)\n\tat org.openqa.selenium.remote.HttpCommandExecutor.execute(HttpCommandExecutor.java:158)\n\tat org.openqa.selenium.remote.service.DriverCommandExecutor.execute(DriverCommandExecutor.java:83)\n\tat org.openqa.selenium.remote.RemoteWebDriver.execute(RemoteWebDriver.java:552)\n\tat org.openqa.selenium.remote.RemoteWebDriver.findElement(RemoteWebDriver.java:323)\n\tat org.openqa.selenium.remote.RemoteWebDriver.findElementByXPath(RemoteWebDriver.java:428)\n\tat org.openqa.selenium.By$ByXPath.findElement(By.java:353)\n\tat org.openqa.selenium.remote.RemoteWebDriver.findElement(RemoteWebDriver.java:315)\n\tat com.codeborne.selenide.impl.WebElementSelector.findElement(WebElementSelector.java:59)\n\tat com.codeborne.selenide.impl.WebElementSelector.findElement(WebElementSelector.java:34)\n\tat com.codeborne.selenide.impl.ElementFinder.getWebElement(ElementFinder.java:104)\n\tat com.codeborne.selenide.impl.WebElementSource.checkCondition(WebElementSource.java:99)\n\t... 44 more\n",
      "steps" : [ {
        "name" : "Login with Admin",
        "time" : {
          "start" : 1620653710982,
          "stop" : 1620653713354,
          "duration" : 2372
        },
        "status" : "passed",
        "steps" : [ {
          "name" : "Open login page",
          "time" : {
            "start" : 1620653712776,
            "stop" : 1620653713354,
            "duration" : 578
          },
          "status" : "passed",
          "steps" : [ ],
          "attachments" : [ ],
          "parameters" : [ ],
          "stepsCount" : 0,
          "attachmentsCount" : 0,
          "shouldDisplayMessage" : false,
          "hasContent" : false
        } ],
        "attachments" : [ ],
        "parameters" : [ ],
        "stepsCount" : 1,
        "attachmentsCount" : 0,
        "shouldDisplayMessage" : false,
        "hasContent" : true
      } ],
      "attachments" : [ ],
      "parameters" : [ ],
      "stepsCount" : 2,
      "attachmentsCount" : 0,
      "shouldDisplayMessage" : true,
      "hasContent" : true
    } ],
    "attachments" : [ ],
    "parameters" : [ ],
    "stepsCount" : 3,
    "attachmentsCount" : 0,
    "shouldDisplayMessage" : false,
    "hasContent" : true
  }, {
    "name" : "setup",
    "time" : {
      "start" : 1620653697895,
      "stop" : 1620653697895,
      "duration" : 0
    },
    "description" : "",
    "status" : "passed",
    "steps" : [ ],
    "attachments" : [ ],
    "parameters" : [ ],
    "stepsCount" : 0,
    "attachmentsCount" : 0,
    "shouldDisplayMessage" : false,
    "hasContent" : false
  } ],
  "afterStages" : [ {
    "name" : "tearDown",
    "time" : {
      "start" : 1620653724011,
      "stop" : 1620653724071,
      "duration" : 60
    },
    "description" : "",
    "status" : "passed",
    "steps" : [ ],
    "attachments" : [ ],
    "parameters" : [ ],
    "stepsCount" : 0,
    "attachmentsCount" : 0,
    "shouldDisplayMessage" : false,
    "hasContent" : false
  }, {
    "name" : "cleanUp",
    "time" : {
      "start" : 1620653737409,
      "stop" : 1620653737416,
      "duration" : 7
    },
    "description" : "",
    "status" : "broken",
    "statusMessage" : "Cannot read field \"id\" because \"dto\" is null",
    "statusTrace" : "java.lang.NullPointerException: Cannot read field \"id\" because \"dto\" is null\n\tat api.CategoryApi.delete(CategoryApi.java:20)\n\tat test.TestSubCategoryPage.cleanUp(TestSubCategoryPage.java:37)\n\tat java.base/jdk.internal.reflect.NativeMethodAccessorImpl.invoke0(Native Method)\n\tat java.base/jdk.internal.reflect.NativeMethodAccessorImpl.invoke(NativeMethodAccessorImpl.java:64)\n\tat java.base/jdk.internal.reflect.DelegatingMethodAccessorImpl.invoke(DelegatingMethodAccessorImpl.java:43)\n\tat java.base/java.lang.reflect.Method.invoke(Method.java:564)\n\tat org.testng.internal.MethodInvocationHelper.invokeMethod(MethodInvocationHelper.java:134)\n\tat org.testng.internal.MethodInvocationHelper.invokeMethodConsideringTimeout(MethodInvocationHelper.java:63)\n\tat org.testng.internal.ConfigInvoker.invokeConfigurationMethod(ConfigInvoker.java:348)\n\tat org.testng.internal.ConfigInvoker.invokeConfigurations(ConfigInvoker.java:302)\n\tat org.testng.internal.TestMethodWorker.invokeAfterClassMethods(TestMethodWorker.java:217)\n\tat org.testng.internal.TestMethodWorker.run(TestMethodWorker.java:130)\n\tat java.base/java.util.ArrayList.forEach(ArrayList.java:1511)\n\tat org.testng.TestRunner.privateRun(TestRunner.java:766)\n\tat org.testng.TestRunner.run(TestRunner.java:587)\n\tat org.testng.SuiteRunner.runTest(SuiteRunner.java:384)\n\tat org.testng.SuiteRunner.runSequentially(SuiteRunner.java:378)\n\tat org.testng.SuiteRunner.privateRun(SuiteRunner.java:337)\n\tat org.testng.SuiteRunner.run(SuiteRunner.java:286)\n\tat org.testng.SuiteRunnerWorker.runSuite(SuiteRunnerWorker.java:53)\n\tat org.testng.SuiteRunnerWorker.run(SuiteRunnerWorker.java:96)\n\tat org.testng.TestNG.runSuitesSequentially(TestNG.java:1187)\n\tat org.testng.TestNG.runSuitesLocally(TestNG.java:1109)\n\tat org.testng.TestNG.runSuites(TestNG.java:1039)\n\tat org.testng.TestNG.run(TestNG.java:1007)\n\tat org.apache.maven.surefire.testng.TestNGExecutor.run(TestNGExecutor.java:283)\n\tat org.apache.maven.surefire.testng.TestNGXmlTestSuite.execute(TestNGXmlTestSuite.java:75)\n\tat org.apache.maven.surefire.testng.TestNGProvider.invoke(TestNGProvider.java:120)\n\tat org.apache.maven.surefire.booter.ForkedBooter.invokeProviderInSameClassLoader(ForkedBooter.java:384)\n\tat org.apache.maven.surefire.booter.ForkedBooter.runSuitesInProcess(ForkedBooter.java:345)\n\tat org.apache.maven.surefire.booter.ForkedBooter.execute(ForkedBooter.java:126)\n\tat org.apache.maven.surefire.booter.ForkedBooter.main(ForkedBooter.java:418)\n",
    "steps" : [ ],
    "attachments" : [ ],
    "parameters" : [ ],
    "stepsCount" : 0,
    "attachmentsCount" : 0,
    "shouldDisplayMessage" : true,
    "hasContent" : true
  } ],
  "labels" : [ {
    "name" : "package",
    "value" : "test.TestSubCategoryPage"
  }, {
    "name" : "testClass",
    "value" : "test.TestSubCategoryPage"
  }, {
    "name" : "testMethod",
    "value" : "testUpdateCategory"
  }, {
    "name" : "parentSuite",
    "value" : "Petland Admin"
  }, {
    "name" : "suite",
    "value" : "Subcategory Page"
  }, {
    "name" : "subSuite",
    "value" : "test.TestSubCategoryPage"
  }, {
    "name" : "host",
    "value" : "fv-az269-349"
  }, {
    "name" : "thread",
    "value" : "3415@fv-az269-349.main(1)"
  }, {
    "name" : "framework",
    "value" : "testng"
  }, {
    "name" : "language",
    "value" : "java"
  }, {
    "name" : "story",
    "value" : "Admin can update category"
  }, {
    "name" : "resultFormat",
    "value" : "allure2"
  } ],
  "parameters" : [ ],
  "links" : [ ],
  "hidden" : false,
  "retry" : false,
  "extra" : {
    "severity" : "normal",
    "retries" : [ ],
    "categories" : [ ],
    "history" : {
      "statistic" : {
        "failed" : 0,
        "broken" : 0,
        "skipped" : 19,
        "passed" : 0,
        "unknown" : 0,
        "total" : 19
      },
      "items" : [ {
        "uid" : "b27c6ca278a7120f",
        "reportUrl" : "https://randy102.github.io/petland-admin/13//#testresult/b27c6ca278a7120f",
        "status" : "skipped",
        "statusDetails" : "Element not found {By.xpath: //table[.//th//span[text()[contains(.,'Tên')]] and .//th//span[text()[contains(.,'Thể loại')]]]}\nExpected: visible\nScreenshot: file:/home/runner/work/petland-admin/petland-admin/build/reports/tests/1620653313740.6.png\nPage source: file:/home/runner/work/petland-admin/petland-admin/build/reports/tests/1620653313740.6.html\nTimeout: 10 s.\nCaused by: NoSuchElementException: no such element: Unable to locate element: {\"method\":\"xpath\",\"selector\":\"//table[.//th//span[text()[contains(.,'Tên')]] and .//th//span[text()[contains(.,'Thể loại')]]]\"}",
        "time" : {
          "start" : 1620653313902,
          "stop" : 1620653313904,
          "duration" : 2
        }
      }, {
        "uid" : "71d1592253c967dd",
        "reportUrl" : "https://randy102.github.io/petland-admin/67//#testresult/71d1592253c967dd",
        "status" : "skipped",
        "statusDetails" : "Element not found {By.xpath: //table[.//th//span[text()[contains(.,'Tên')]] and .//th//span[text()[contains(.,'Thể loại')]]]}\nExpected: visible\nScreenshot: file:/home/runner/work/petland-admin/petland-admin/build/reports/tests/1620458477009.6.png\nPage source: file:/home/runner/work/petland-admin/petland-admin/build/reports/tests/1620458477009.6.html\nTimeout: 10 s.\nCaused by: NoSuchElementException: no such element: Unable to locate element: {\"method\":\"xpath\",\"selector\":\"//table[.//th//span[text()[contains(.,'Tên')]] and .//th//span[text()[contains(.,'Thể loại')]]]\"}",
        "time" : {
          "start" : 1620458477164,
          "stop" : 1620458477166,
          "duration" : 2
        }
      }, {
        "uid" : "83e34bd0e3c35fff",
        "reportUrl" : "https://randy102.github.io/petland-admin/12//#testresult/83e34bd0e3c35fff",
        "status" : "skipped",
        "statusDetails" : "Element not found {By.xpath: //table[.//th//span[text()[contains(.,'Tên')]] and .//th//span[text()[contains(.,'Thể loại')]]]}\nExpected: visible\nScreenshot: file:/home/runner/work/petland-admin/petland-admin/build/reports/tests/1620457966329.5.png\nPage source: file:/home/runner/work/petland-admin/petland-admin/build/reports/tests/1620457966329.5.html\nTimeout: 10 s.\nCaused by: NoSuchElementException: no such element: Unable to locate element: {\"method\":\"xpath\",\"selector\":\"//table[.//th//span[text()[contains(.,'Tên')]] and .//th//span[text()[contains(.,'Thể loại')]]]\"}",
        "time" : {
          "start" : 1620457978844,
          "stop" : 1620457978846,
          "duration" : 2
        }
      }, {
        "uid" : "97885fd672916dca",
        "reportUrl" : "https://randy102.github.io/petland-admin/66//#testresult/97885fd672916dca",
        "status" : "skipped",
        "statusDetails" : "Element not found {By.xpath: //table[.//th//span[text()[contains(.,'Tên')]] and .//th//span[text()[contains(.,'Thể loại')]]]}\nExpected: visible\nScreenshot: file:/home/runner/work/petland-admin/petland-admin/build/reports/tests/1620457822477.5.png\nPage source: file:/home/runner/work/petland-admin/petland-admin/build/reports/tests/1620457822477.5.html\nTimeout: 10 s.\nCaused by: NoSuchElementException: no such element: Unable to locate element: {\"method\":\"xpath\",\"selector\":\"//table[.//th//span[text()[contains(.,'Tên')]] and .//th//span[text()[contains(.,'Thể loại')]]]\"}",
        "time" : {
          "start" : 1620457835676,
          "stop" : 1620457835684,
          "duration" : 8
        }
      }, {
        "uid" : "565337f7873c0812",
        "reportUrl" : "https://randy102.github.io/petland-admin/11//#testresult/565337f7873c0812",
        "status" : "skipped",
        "statusDetails" : "Element not found {By.xpath: //table[.//th//span[text()[contains(.,'Tên')]] and .//th//span[text()[contains(.,'Thể loại')]]]}\nExpected: visible\nScreenshot: file:/home/runner/work/petland-admin/petland-admin/build/reports/tests/1620457385450.6.png\nPage source: file:/home/runner/work/petland-admin/petland-admin/build/reports/tests/1620457385450.6.html\nTimeout: 10 s.\nCaused by: NoSuchElementException: no such element: Unable to locate element: {\"method\":\"xpath\",\"selector\":\"//table[.//th//span[text()[contains(.,'Tên')]] and .//th//span[text()[contains(.,'Thể loại')]]]\"}",
        "time" : {
          "start" : 1620457385595,
          "stop" : 1620457385597,
          "duration" : 2
        }
      }, {
        "uid" : "d28787fb174788ba",
        "reportUrl" : "https://randy102.github.io/petland-admin/65//#testresult/d28787fb174788ba",
        "status" : "skipped",
        "statusDetails" : "Element not found {By.xpath: //table[.//th//span[text()[contains(.,'Tên')]] and .//th//span[text()[contains(.,'Thể loại')]]]}\nExpected: visible\nScreenshot: file:/home/runner/work/petland-admin/petland-admin/build/reports/tests/1620210868428.6.png\nPage source: file:/home/runner/work/petland-admin/petland-admin/build/reports/tests/1620210868428.6.html\nTimeout: 10 s.\nCaused by: NoSuchElementException: no such element: Unable to locate element: {\"method\":\"xpath\",\"selector\":\"//table[.//th//span[text()[contains(.,'Tên')]] and .//th//span[text()[contains(.,'Thể loại')]]]\"}",
        "time" : {
          "start" : 1620210868577,
          "stop" : 1620210868579,
          "duration" : 2
        }
      }, {
        "uid" : "d2e244b879621495",
        "reportUrl" : "https://randy102.github.io/petland-admin/10//#testresult/d2e244b879621495",
        "status" : "skipped",
        "statusDetails" : "Element not found {By.xpath: //table[.//th//span[text()[contains(.,'Tên')]] and .//th//span[text()[contains(.,'Thể loại')]]]}\nExpected: visible\nScreenshot: file:/home/runner/work/petland-admin/petland-admin/build/reports/tests/1620204883799.5.png\nPage source: file:/home/runner/work/petland-admin/petland-admin/build/reports/tests/1620204883799.5.html\nTimeout: 10 s.\nCaused by: NoSuchElementException: no such element: Unable to locate element: {\"method\":\"xpath\",\"selector\":\"//table[.//th//span[text()[contains(.,'Tên')]] and .//th//span[text()[contains(.,'Thể loại')]]]\"}",
        "time" : {
          "start" : 1620204896872,
          "stop" : 1620204896874,
          "duration" : 2
        }
      }, {
        "uid" : "3be27e465319f2b0",
        "reportUrl" : "https://randy102.github.io/petland-admin/9//#testresult/3be27e465319f2b0",
        "status" : "skipped",
        "statusDetails" : "Element not found {By.xpath: //table[.//th//span[text()[contains(.,'Tên')]] and .//th//span[text()[contains(.,'Thể loại')]]]}\nExpected: visible\nScreenshot: file:/home/runner/work/petland-admin/petland-admin/build/reports/tests/1620197299006.5.png\nPage source: file:/home/runner/work/petland-admin/petland-admin/build/reports/tests/1620197299006.5.html\nTimeout: 10 s.\nCaused by: NoSuchElementException: no such element: Unable to locate element: {\"method\":\"xpath\",\"selector\":\"//table[.//th//span[text()[contains(.,'Tên')]] and .//th//span[text()[contains(.,'Thể loại')]]]\"}",
        "time" : {
          "start" : 1620197311463,
          "stop" : 1620197311465,
          "duration" : 2
        }
      }, {
        "uid" : "6d7dddc0804a390a",
        "reportUrl" : "https://randy102.github.io/petland-admin/8//#testresult/6d7dddc0804a390a",
        "status" : "skipped",
        "statusDetails" : "Element not found {By.xpath: //table[.//th//span[text()[contains(.,'Tên')]] and .//th//span[text()[contains(.,'Thể loại')]]]}\nExpected: visible\nScreenshot: file:/home/runner/work/petland-admin/petland-admin/build/reports/tests/1620196919593.6.png\nPage source: file:/home/runner/work/petland-admin/petland-admin/build/reports/tests/1620196919593.6.html\nTimeout: 10 s.\nCaused by: NoSuchElementException: no such element: Unable to locate element: {\"method\":\"xpath\",\"selector\":\"//table[.//th//span[text()[contains(.,'Tên')]] and .//th//span[text()[contains(.,'Thể loại')]]]\"}",
        "time" : {
          "start" : 1620196919740,
          "stop" : 1620196919742,
          "duration" : 2
        }
      }, {
        "uid" : "cb8777b2fad71638",
        "reportUrl" : "https://randy102.github.io/petland-admin/61//#testresult/cb8777b2fad71638",
        "status" : "skipped",
        "statusDetails" : "Element not found {By.xpath: //table[.//th//span[text()[contains(.,'Tên')]] and .//th//span[text()[contains(.,'Thể loại')]]]}\nExpected: visible\nScreenshot: file:/home/runner/work/petland-admin/petland-admin/build/reports/tests/1620030160985.6.png\nPage source: file:/home/runner/work/petland-admin/petland-admin/build/reports/tests/1620030160985.6.html\nTimeout: 10 s.\nCaused by: NoSuchElementException: no such element: Unable to locate element: {\"method\":\"xpath\",\"selector\":\"//table[.//th//span[text()[contains(.,'Tên')]] and .//th//span[text()[contains(.,'Thể loại')]]]\"}",
        "time" : {
          "start" : 1620030161129,
          "stop" : 1620030161131,
          "duration" : 2
        }
      }, {
        "uid" : "6a723a335f9c86b1",
        "reportUrl" : "https://randy102.github.io/petland-admin/7//#testresult/6a723a335f9c86b1",
        "status" : "skipped",
        "statusDetails" : "Element not found {By.xpath: //table[.//th//span[text()[contains(.,'Tên')]] and .//th//span[text()[contains(.,'Thể loại')]]]}\nExpected: visible\nScreenshot: file:/home/runner/work/petland-admin/petland-admin/build/reports/tests/1620029696146.3.png\nPage source: file:/home/runner/work/petland-admin/petland-admin/build/reports/tests/1620029696146.3.html\nTimeout: 10 s.\nCaused by: NoSuchElementException: no such element: Unable to locate element: {\"method\":\"xpath\",\"selector\":\"//table[.//th//span[text()[contains(.,'Tên')]] and .//th//span[text()[contains(.,'Thể loại')]]]\"}",
        "time" : {
          "start" : 1620029696304,
          "stop" : 1620029696306,
          "duration" : 2
        }
      }, {
        "uid" : "3f593f617b2320e1",
        "reportUrl" : "https://randy102.github.io/petland-admin/6//#testresult/3f593f617b2320e1",
        "status" : "skipped",
        "statusDetails" : "Element not found {By.xpath: //table[.//th//span[text()[contains(.,'Tên')]] and .//th//span[text()[contains(.,'Thể loại')]]]}\nExpected: visible\nScreenshot: file:/home/runner/work/petland-admin/petland-admin/build/reports/tests/1619873271372.6.png\nPage source: file:/home/runner/work/petland-admin/petland-admin/build/reports/tests/1619873271372.6.html\nTimeout: 10 s.\nCaused by: NoSuchElementException: no such element: Unable to locate element: {\"method\":\"xpath\",\"selector\":\"//table[.//th//span[text()[contains(.,'Tên')]] and .//th//span[text()[contains(.,'Thể loại')]]]\"}",
        "time" : {
          "start" : 1619873271526,
          "stop" : 1619873271536,
          "duration" : 10
        }
      }, {
        "uid" : "acdd6fd07c75c55d",
        "reportUrl" : "https://randy102.github.io/petland-admin/5//#testresult/acdd6fd07c75c55d",
        "status" : "skipped",
        "statusDetails" : "Element not found {By.xpath: //table[.//th//span[text()[contains(.,'Tên')]] and .//th//span[text()[contains(.,'Thể loại')]]]}\nExpected: visible\nScreenshot: file:/home/runner/work/petland-admin/petland-admin/build/reports/tests/1619872118650.5.png\nPage source: file:/home/runner/work/petland-admin/petland-admin/build/reports/tests/1619872118650.5.html\nTimeout: 10 s.\nCaused by: NoSuchElementException: no such element: Unable to locate element: {\"method\":\"xpath\",\"selector\":\"//table[.//th//span[text()[contains(.,'Tên')]] and .//th//span[text()[contains(.,'Thể loại')]]]\"}",
        "time" : {
          "start" : 1619872118826,
          "stop" : 1619872118828,
          "duration" : 2
        }
      }, {
        "uid" : "475bac0635b26f8f",
        "reportUrl" : "https://randy102.github.io/petland-admin/4//#testresult/475bac0635b26f8f",
        "status" : "skipped",
        "statusDetails" : "Element not found {By.xpath: //table[.//th//span[text()[contains(.,'Tên')]] and .//th//span[text()[contains(.,'Thể loại')]]]}\nExpected: visible\nScreenshot: file:/home/runner/work/petland-admin/petland-admin/build/reports/tests/1619871833133.4.png\nPage source: file:/home/runner/work/petland-admin/petland-admin/build/reports/tests/1619871833133.4.html\nTimeout: 10 s.\nCaused by: NoSuchElementException: no such element: Unable to locate element: {\"method\":\"xpath\",\"selector\":\"//table[.//th//span[text()[contains(.,'Tên')]] and .//th//span[text()[contains(.,'Thể loại')]]]\"}",
        "time" : {
          "start" : 1619871846465,
          "stop" : 1619871846467,
          "duration" : 2
        }
      }, {
        "uid" : "e0f8c785c20dcd1a",
        "reportUrl" : "https://randy102.github.io/petland-admin/3//#testresult/e0f8c785c20dcd1a",
        "status" : "skipped",
        "statusDetails" : "Element not found {By.xpath: //table[.//th//span[text()[contains(.,'Tên')]] and .//th//span[text()[contains(.,'Thể loại')]]]}\nExpected: visible\nScreenshot: file:/home/runner/work/petland-admin/petland-admin/build/reports/tests/1619869260028.5.png\nPage source: file:/home/runner/work/petland-admin/petland-admin/build/reports/tests/1619869260028.5.html\nTimeout: 10 s.\nCaused by: NoSuchElementException: no such element: Unable to locate element: {\"method\":\"xpath\",\"selector\":\"//table[.//th//span[text()[contains(.,'Tên')]] and .//th//span[text()[contains(.,'Thể loại')]]]\"}",
        "time" : {
          "start" : 1619869272665,
          "stop" : 1619869272668,
          "duration" : 3
        }
      }, {
        "uid" : "fa3a53365ec6922f",
        "reportUrl" : "https://randy102.github.io/petland-admin/60//#testresult/fa3a53365ec6922f",
        "status" : "skipped",
        "statusDetails" : "Element not found {By.xpath: //table[.//th//span[text()[contains(.,'Tên')]] and .//th//span[text()[contains(.,'Thể loại')]]]}\nExpected: visible\nScreenshot: file:/home/runner/work/petland-admin/petland-admin/build/reports/tests/1619866795016.5.png\nPage source: file:/home/runner/work/petland-admin/petland-admin/build/reports/tests/1619866795016.5.html\nTimeout: 10 s.\nCaused by: NoSuchElementException: no such element: Unable to locate element: {\"method\":\"xpath\",\"selector\":\"//table[.//th//span[text()[contains(.,'Tên')]] and .//th//span[text()[contains(.,'Thể loại')]]]\"}",
        "time" : {
          "start" : 1619866807504,
          "stop" : 1619866807506,
          "duration" : 2
        }
      }, {
        "uid" : "bf346fc2606e8cb8",
        "reportUrl" : "https://randy102.github.io/petland-admin/2//#testresult/bf346fc2606e8cb8",
        "status" : "skipped",
        "statusDetails" : "Element not found {By.xpath: //table[.//th//span[text()[contains(.,'Tên')]] and .//th//span[text()[contains(.,'Thể loại')]]]}\nExpected: visible\nScreenshot: file:/home/runner/work/petland-admin/petland-admin/build/reports/tests/1619866797304.6.png\nPage source: file:/home/runner/work/petland-admin/petland-admin/build/reports/tests/1619866797304.6.html\nTimeout: 10 s.\nCaused by: NoSuchElementException: no such element: Unable to locate element: {\"method\":\"xpath\",\"selector\":\"//table[.//th//span[text()[contains(.,'Tên')]] and .//th//span[text()[contains(.,'Thể loại')]]]\"}",
        "time" : {
          "start" : 1619866797460,
          "stop" : 1619866797462,
          "duration" : 2
        }
      }, {
        "uid" : "b17866f6e192310f",
        "reportUrl" : "https://randy102.github.io/petland-admin/59//#testresult/b17866f6e192310f",
        "status" : "skipped",
        "statusDetails" : "Element not found {By.xpath: //table[.//th//span[text()[contains(.,'Tên')]] and .//th//span[text()[contains(.,'Thể loại')]]]}\nExpected: visible\nScreenshot: file:/home/runner/work/petland-admin/petland-admin/build/reports/tests/1619865741079.6.png\nPage source: file:/home/runner/work/petland-admin/petland-admin/build/reports/tests/1619865741079.6.html\nTimeout: 10 s.\nCaused by: NoSuchElementException: no such element: Unable to locate element: {\"method\":\"xpath\",\"selector\":\"//table[.//th//span[text()[contains(.,'Tên')]] and .//th//span[text()[contains(.,'Thể loại')]]]\"}",
        "time" : {
          "start" : 1619865741239,
          "stop" : 1619865741244,
          "duration" : 5
        }
      } ]
    },
    "tags" : [ ]
  },
  "source" : "e3f36befd4c1328e.json",
  "parameterValues" : [ ]
}