{
  "uid" : "63a25329f5756c61",
  "name" : "testAddSubCategory",
  "fullName" : "test.TestSubCategoryPage.testAddSubCategory",
  "historyId" : "4a5724f6149bce4a4544c60b03acc33b",
  "time" : {
    "start" : 1620210855524,
    "stop" : 1620210855526,
    "duration" : 2
  },
  "status" : "skipped",
  "statusMessage" : "Element not found {By.xpath: //table[.//th//span[text()[contains(.,'Tên')]] and .//th//span[text()[contains(.,'Thể loại')]]]}\nExpected: visible\nScreenshot: file:/home/runner/work/petland-admin/petland-admin/build/reports/tests/1620210855363.5.png\nPage source: file:/home/runner/work/petland-admin/petland-admin/build/reports/tests/1620210855363.5.html\nTimeout: 10 s.\nCaused by: NoSuchElementException: no such element: Unable to locate element: {\"method\":\"xpath\",\"selector\":\"//table[.//th//span[text()[contains(.,'Tên')]] and .//th//span[text()[contains(.,'Thể loại')]]]\"}",
  "statusTrace" : "Element not found {By.xpath: //table[.//th//span[text()[contains(.,'Tên')]] and .//th//span[text()[contains(.,'Thể loại')]]]}\nExpected: visible\nScreenshot: file:/home/runner/work/petland-admin/petland-admin/build/reports/tests/1620210855363.5.png\nPage source: file:/home/runner/work/petland-admin/petland-admin/build/reports/tests/1620210855363.5.html\nTimeout: 10 s.\nCaused by: NoSuchElementException: no such element: Unable to locate element: {\"method\":\"xpath\",\"selector\":\"//table[.//th//span[text()[contains(.,'Tên')]] and .//th//span[text()[contains(.,'Thể loại')]]]\"}\n\tat com.codeborne.selenide.impl.WebElementSource.createElementNotFoundError(WebElementSource.java:83)\n\tat com.codeborne.selenide.impl.ElementFinder.createElementNotFoundError(ElementFinder.java:136)\n\tat com.codeborne.selenide.impl.WebElementSource.checkCondition(WebElementSource.java:114)\n\tat com.codeborne.selenide.commands.Should.execute(Should.java:30)\n\tat com.codeborne.selenide.commands.Should.execute(Should.java:14)\n\tat com.codeborne.selenide.commands.Commands.execute(Commands.java:155)\n\tat com.codeborne.selenide.impl.SelenideElementProxy.dispatchAndRetry(SelenideElementProxy.java:133)\n\tat com.codeborne.selenide.impl.SelenideElementProxy.invoke(SelenideElementProxy.java:85)\n\tat com.sun.proxy.$Proxy19.shouldBe(Unknown Source)\n\tat pages.SubCategoryPage.openPage(SubCategoryPage.java:18)\n\tat test.BaseTest.openPage(BaseTest.java:19)\n\tat java.base/jdk.internal.reflect.NativeMethodAccessorImpl.invoke0(Native Method)\n\tat java.base/jdk.internal.reflect.NativeMethodAccessorImpl.invoke(NativeMethodAccessorImpl.java:64)\n\tat java.base/jdk.internal.reflect.DelegatingMethodAccessorImpl.invoke(DelegatingMethodAccessorImpl.java:43)\n\tat java.base/java.lang.reflect.Method.invoke(Method.java:564)\n\tat org.testng.internal.MethodInvocationHelper.invokeMethod(MethodInvocationHelper.java:134)\n\tat org.testng.internal.MethodInvocationHelper.invokeMethodConsideringTimeout(MethodInvocationHelper.java:63)\n\tat org.testng.internal.ConfigInvoker.invokeConfigurationMethod(ConfigInvoker.java:348)\n\tat org.testng.internal.ConfigInvoker.invokeConfigurations(ConfigInvoker.java:302)\n\tat org.testng.internal.TestInvoker.runConfigMethods(TestInvoker.java:695)\n\tat org.testng.internal.TestInvoker.invokeMethod(TestInvoker.java:523)\n\tat org.testng.internal.TestInvoker.invokeTestMethod(TestInvoker.java:173)\n\tat org.testng.internal.MethodRunner.runInSequence(MethodRunner.java:46)\n\tat org.testng.internal.TestInvoker$MethodInvocationAgent.invoke(TestInvoker.java:816)\n\tat org.testng.internal.TestInvoker.invokeTestMethods(TestInvoker.java:146)\n\tat org.testng.internal.TestMethodWorker.invokeTestMethods(TestMethodWorker.java:146)\n\tat org.testng.internal.TestMethodWorker.run(TestMethodWorker.java:128)\n\tat java.base/java.util.ArrayList.forEach(ArrayList.java:1511)\n\tat org.testng.TestRunner.privateRun(TestRunner.java:766)\n\tat org.testng.TestRunner.run(TestRunner.java:587)\n\tat org.testng.SuiteRunner.runTest(SuiteRunner.java:384)\n\tat org.testng.SuiteRunner.runSequentially(SuiteRunner.java:378)\n\tat org.testng.SuiteRunner.privateRun(SuiteRunner.java:337)\n\tat org.testng.SuiteRunner.run(SuiteRunner.java:286)\n\tat org.testng.SuiteRunnerWorker.runSuite(SuiteRunnerWorker.java:53)\n\tat org.testng.SuiteRunnerWorker.run(SuiteRunnerWorker.java:96)\n\tat org.testng.TestNG.runSuitesSequentially(TestNG.java:1187)\n\tat org.testng.TestNG.runSuitesLocally(TestNG.java:1109)\n\tat org.testng.TestNG.runSuites(TestNG.java:1039)\n\tat org.testng.TestNG.run(TestNG.java:1007)\n\tat org.apache.maven.surefire.testng.TestNGExecutor.run(TestNGExecutor.java:283)\n\tat org.apache.maven.surefire.testng.TestNGXmlTestSuite.execute(TestNGXmlTestSuite.java:75)\n\tat org.apache.maven.surefire.testng.TestNGProvider.invoke(TestNGProvider.java:120)\n\tat org.apache.maven.surefire.booter.ForkedBooter.invokeProviderInSameClassLoader(ForkedBooter.java:384)\n\tat org.apache.maven.surefire.booter.ForkedBooter.runSuitesInProcess(ForkedBooter.java:345)\n\tat org.apache.maven.surefire.booter.ForkedBooter.execute(ForkedBooter.java:126)\n\tat org.apache.maven.surefire.booter.ForkedBooter.main(ForkedBooter.java:418)\nCaused by: org.openqa.selenium.NoSuchElementException: no such element: Unable to locate element: {\"method\":\"xpath\",\"selector\":\"//table[.//th//span[text()[contains(.,'Tên')]] and .//th//span[text()[contains(.,'Thể loại')]]]\"}\n  (Session info: headless chrome=90.0.4430.85)\nFor documentation on this error, please visit: https://www.seleniumhq.org/exceptions/no_such_element.html\nBuild info: version: '3.141.59', revision: 'e82be7d358', time: '2018-11-14T08:17:03'\nSystem info: host: 'fv-az269-150', ip: '10.1.0.87', os.name: 'Linux', os.arch: 'amd64', os.version: '5.4.0-1046-azure', java.version: '15.0.3'\nDriver info: org.openqa.selenium.chrome.ChromeDriver\nCapabilities {acceptInsecureCerts: true, browserName: chrome, browserVersion: 90.0.4430.85, chrome: {chromedriverVersion: 90.0.4430.24 (4c6d850f087da..., userDataDir: /tmp/.com.google.Chrome.AH2bN9}, goog:chromeOptions: {debuggerAddress: localhost:35419}, javascriptEnabled: true, networkConnectionEnabled: false, pageLoadStrategy: normal, platform: LINUX, platformName: LINUX, proxy: Proxy(), setWindowRect: true, strictFileInteractability: false, timeouts: {implicit: 0, pageLoad: 300000, script: 30000}, unhandledPromptBehavior: dismiss and notify, webauthn:extension:largeBlob: true, webauthn:virtualAuthenticators: true}\nSession ID: d02ec6b3a3935b390c703ec91d09bec7\n*** Element info: {Using=xpath, value=//table[.//th//span[text()[contains(.,'Tên')]] and .//th//span[text()[contains(.,'Thể loại')]]]}\n\tat jdk.internal.reflect.GeneratedConstructorAccessor17.newInstance(Unknown Source)\n\tat java.base/jdk.internal.reflect.DelegatingConstructorAccessorImpl.newInstance(DelegatingConstructorAccessorImpl.java:45)\n\tat java.base/java.lang.reflect.Constructor.newInstanceWithCaller(Constructor.java:500)\n\tat java.base/java.lang.reflect.Constructor.newInstance(Constructor.java:481)\n\tat org.openqa.selenium.remote.http.W3CHttpResponseCodec.createException(W3CHttpResponseCodec.java:187)\n\tat org.openqa.selenium.remote.http.W3CHttpResponseCodec.decode(W3CHttpResponseCodec.java:122)\n\tat org.openqa.selenium.remote.http.W3CHttpResponseCodec.decode(W3CHttpResponseCodec.java:49)\n\tat org.openqa.selenium.remote.HttpCommandExecutor.execute(HttpCommandExecutor.java:158)\n\tat org.openqa.selenium.remote.service.DriverCommandExecutor.execute(DriverCommandExecutor.java:83)\n\tat org.openqa.selenium.remote.RemoteWebDriver.execute(RemoteWebDriver.java:552)\n\tat org.openqa.selenium.remote.RemoteWebDriver.findElement(RemoteWebDriver.java:323)\n\tat org.openqa.selenium.remote.RemoteWebDriver.findElementByXPath(RemoteWebDriver.java:428)\n\tat org.openqa.selenium.By$ByXPath.findElement(By.java:353)\n\tat org.openqa.selenium.remote.RemoteWebDriver.findElement(RemoteWebDriver.java:315)\n\tat com.codeborne.selenide.impl.WebElementSelector.findElement(WebElementSelector.java:59)\n\tat com.codeborne.selenide.impl.WebElementSelector.findElement(WebElementSelector.java:34)\n\tat com.codeborne.selenide.impl.ElementFinder.getWebElement(ElementFinder.java:104)\n\tat com.codeborne.selenide.impl.WebElementSource.checkCondition(WebElementSource.java:99)\n\t... 44 more\n",
  "flaky" : false,
  "newFailed" : false,
  "beforeStages" : [ {
    "name" : "openPage",
    "time" : {
      "start" : 1620210842352,
      "stop" : 1620210855514,
      "duration" : 13162
    },
    "description" : "",
    "status" : "failed",
    "statusMessage" : "Element not found {By.xpath: //table[.//th//span[text()[contains(.,'Tên')]] and .//th//span[text()[contains(.,'Thể loại')]]]}\nExpected: visible\nScreenshot: file:/home/runner/work/petland-admin/petland-admin/build/reports/tests/1620210855363.5.png\nPage source: file:/home/runner/work/petland-admin/petland-admin/build/reports/tests/1620210855363.5.html\nTimeout: 10 s.\nCaused by: NoSuchElementException: no such element: Unable to locate element: {\"method\":\"xpath\",\"selector\":\"//table[.//th//span[text()[contains(.,'Tên')]] and .//th//span[text()[contains(.,'Thể loại')]]]\"}",
    "statusTrace" : "Element not found {By.xpath: //table[.//th//span[text()[contains(.,'Tên')]] and .//th//span[text()[contains(.,'Thể loại')]]]}\nExpected: visible\nScreenshot: file:/home/runner/work/petland-admin/petland-admin/build/reports/tests/1620210855363.5.png\nPage source: file:/home/runner/work/petland-admin/petland-admin/build/reports/tests/1620210855363.5.html\nTimeout: 10 s.\nCaused by: NoSuchElementException: no such element: Unable to locate element: {\"method\":\"xpath\",\"selector\":\"//table[.//th//span[text()[contains(.,'Tên')]] and .//th//span[text()[contains(.,'Thể loại')]]]\"}\n\tat com.codeborne.selenide.impl.WebElementSource.createElementNotFoundError(WebElementSource.java:83)\n\tat com.codeborne.selenide.impl.ElementFinder.createElementNotFoundError(ElementFinder.java:136)\n\tat com.codeborne.selenide.impl.WebElementSource.checkCondition(WebElementSource.java:114)\n\tat com.codeborne.selenide.commands.Should.execute(Should.java:30)\n\tat com.codeborne.selenide.commands.Should.execute(Should.java:14)\n\tat com.codeborne.selenide.commands.Commands.execute(Commands.java:155)\n\tat com.codeborne.selenide.impl.SelenideElementProxy.dispatchAndRetry(SelenideElementProxy.java:133)\n\tat com.codeborne.selenide.impl.SelenideElementProxy.invoke(SelenideElementProxy.java:85)\n\tat com.sun.proxy.$Proxy19.shouldBe(Unknown Source)\n\tat pages.SubCategoryPage.openPage(SubCategoryPage.java:18)\n\tat test.BaseTest.openPage(BaseTest.java:19)\n\tat java.base/jdk.internal.reflect.NativeMethodAccessorImpl.invoke0(Native Method)\n\tat java.base/jdk.internal.reflect.NativeMethodAccessorImpl.invoke(NativeMethodAccessorImpl.java:64)\n\tat java.base/jdk.internal.reflect.DelegatingMethodAccessorImpl.invoke(DelegatingMethodAccessorImpl.java:43)\n\tat java.base/java.lang.reflect.Method.invoke(Method.java:564)\n\tat org.testng.internal.MethodInvocationHelper.invokeMethod(MethodInvocationHelper.java:134)\n\tat org.testng.internal.MethodInvocationHelper.invokeMethodConsideringTimeout(MethodInvocationHelper.java:63)\n\tat org.testng.internal.ConfigInvoker.invokeConfigurationMethod(ConfigInvoker.java:348)\n\tat org.testng.internal.ConfigInvoker.invokeConfigurations(ConfigInvoker.java:302)\n\tat org.testng.internal.TestInvoker.runConfigMethods(TestInvoker.java:695)\n\tat org.testng.internal.TestInvoker.invokeMethod(TestInvoker.java:523)\n\tat org.testng.internal.TestInvoker.invokeTestMethod(TestInvoker.java:173)\n\tat org.testng.internal.MethodRunner.runInSequence(MethodRunner.java:46)\n\tat org.testng.internal.TestInvoker$MethodInvocationAgent.invoke(TestInvoker.java:816)\n\tat org.testng.internal.TestInvoker.invokeTestMethods(TestInvoker.java:146)\n\tat org.testng.internal.TestMethodWorker.invokeTestMethods(TestMethodWorker.java:146)\n\tat org.testng.internal.TestMethodWorker.run(TestMethodWorker.java:128)\n\tat java.base/java.util.ArrayList.forEach(ArrayList.java:1511)\n\tat org.testng.TestRunner.privateRun(TestRunner.java:766)\n\tat org.testng.TestRunner.run(TestRunner.java:587)\n\tat org.testng.SuiteRunner.runTest(SuiteRunner.java:384)\n\tat org.testng.SuiteRunner.runSequentially(SuiteRunner.java:378)\n\tat org.testng.SuiteRunner.privateRun(SuiteRunner.java:337)\n\tat org.testng.SuiteRunner.run(SuiteRunner.java:286)\n\tat org.testng.SuiteRunnerWorker.runSuite(SuiteRunnerWorker.java:53)\n\tat org.testng.SuiteRunnerWorker.run(SuiteRunnerWorker.java:96)\n\tat org.testng.TestNG.runSuitesSequentially(TestNG.java:1187)\n\tat org.testng.TestNG.runSuitesLocally(TestNG.java:1109)\n\tat org.testng.TestNG.runSuites(TestNG.java:1039)\n\tat org.testng.TestNG.run(TestNG.java:1007)\n\tat org.apache.maven.surefire.testng.TestNGExecutor.run(TestNGExecutor.java:283)\n\tat org.apache.maven.surefire.testng.TestNGXmlTestSuite.execute(TestNGXmlTestSuite.java:75)\n\tat org.apache.maven.surefire.testng.TestNGProvider.invoke(TestNGProvider.java:120)\n\tat org.apache.maven.surefire.booter.ForkedBooter.invokeProviderInSameClassLoader(ForkedBooter.java:384)\n\tat org.apache.maven.surefire.booter.ForkedBooter.runSuitesInProcess(ForkedBooter.java:345)\n\tat org.apache.maven.surefire.booter.ForkedBooter.execute(ForkedBooter.java:126)\n\tat org.apache.maven.surefire.booter.ForkedBooter.main(ForkedBooter.java:418)\nCaused by: org.openqa.selenium.NoSuchElementException: no such element: Unable to locate element: {\"method\":\"xpath\",\"selector\":\"//table[.//th//span[text()[contains(.,'Tên')]] and .//th//span[text()[contains(.,'Thể loại')]]]\"}\n  (Session info: headless chrome=90.0.4430.85)\nFor documentation on this error, please visit: https://www.seleniumhq.org/exceptions/no_such_element.html\nBuild info: version: '3.141.59', revision: 'e82be7d358', time: '2018-11-14T08:17:03'\nSystem info: host: 'fv-az269-150', ip: '10.1.0.87', os.name: 'Linux', os.arch: 'amd64', os.version: '5.4.0-1046-azure', java.version: '15.0.3'\nDriver info: org.openqa.selenium.chrome.ChromeDriver\nCapabilities {acceptInsecureCerts: true, browserName: chrome, browserVersion: 90.0.4430.85, chrome: {chromedriverVersion: 90.0.4430.24 (4c6d850f087da..., userDataDir: /tmp/.com.google.Chrome.AH2bN9}, goog:chromeOptions: {debuggerAddress: localhost:35419}, javascriptEnabled: true, networkConnectionEnabled: false, pageLoadStrategy: normal, platform: LINUX, platformName: LINUX, proxy: Proxy(), setWindowRect: true, strictFileInteractability: false, timeouts: {implicit: 0, pageLoad: 300000, script: 30000}, unhandledPromptBehavior: dismiss and notify, webauthn:extension:largeBlob: true, webauthn:virtualAuthenticators: true}\nSession ID: d02ec6b3a3935b390c703ec91d09bec7\n*** Element info: {Using=xpath, value=//table[.//th//span[text()[contains(.,'Tên')]] and .//th//span[text()[contains(.,'Thể loại')]]]}\n\tat jdk.internal.reflect.GeneratedConstructorAccessor17.newInstance(Unknown Source)\n\tat java.base/jdk.internal.reflect.DelegatingConstructorAccessorImpl.newInstance(DelegatingConstructorAccessorImpl.java:45)\n\tat java.base/java.lang.reflect.Constructor.newInstanceWithCaller(Constructor.java:500)\n\tat java.base/java.lang.reflect.Constructor.newInstance(Constructor.java:481)\n\tat org.openqa.selenium.remote.http.W3CHttpResponseCodec.createException(W3CHttpResponseCodec.java:187)\n\tat org.openqa.selenium.remote.http.W3CHttpResponseCodec.decode(W3CHttpResponseCodec.java:122)\n\tat org.openqa.selenium.remote.http.W3CHttpResponseCodec.decode(W3CHttpResponseCodec.java:49)\n\tat org.openqa.selenium.remote.HttpCommandExecutor.execute(HttpCommandExecutor.java:158)\n\tat org.openqa.selenium.remote.service.DriverCommandExecutor.execute(DriverCommandExecutor.java:83)\n\tat org.openqa.selenium.remote.RemoteWebDriver.execute(RemoteWebDriver.java:552)\n\tat org.openqa.selenium.remote.RemoteWebDriver.findElement(RemoteWebDriver.java:323)\n\tat org.openqa.selenium.remote.RemoteWebDriver.findElementByXPath(RemoteWebDriver.java:428)\n\tat org.openqa.selenium.By$ByXPath.findElement(By.java:353)\n\tat org.openqa.selenium.remote.RemoteWebDriver.findElement(RemoteWebDriver.java:315)\n\tat com.codeborne.selenide.impl.WebElementSelector.findElement(WebElementSelector.java:59)\n\tat com.codeborne.selenide.impl.WebElementSelector.findElement(WebElementSelector.java:34)\n\tat com.codeborne.selenide.impl.ElementFinder.getWebElement(ElementFinder.java:104)\n\tat com.codeborne.selenide.impl.WebElementSource.checkCondition(WebElementSource.java:99)\n\t... 44 more\n",
    "steps" : [ {
      "name" : "Open subcategory page",
      "time" : {
        "start" : 1620210842353,
        "stop" : 1620210855512,
        "duration" : 13159
      },
      "status" : "failed",
      "statusMessage" : "Element not found {By.xpath: //table[.//th//span[text()[contains(.,'Tên')]] and .//th//span[text()[contains(.,'Thể loại')]]]}\nExpected: visible\nScreenshot: file:/home/runner/work/petland-admin/petland-admin/build/reports/tests/1620210855363.5.png\nPage source: file:/home/runner/work/petland-admin/petland-admin/build/reports/tests/1620210855363.5.html\nTimeout: 10 s.\nCaused by: NoSuchElementException: no such element: Unable to locate element: {\"method\":\"xpath\",\"selector\":\"//table[.//th//span[text()[contains(.,'Tên')]] and .//th//span[text()[contains(.,'Thể loại')]]]\"}",
      "statusTrace" : "Element not found {By.xpath: //table[.//th//span[text()[contains(.,'Tên')]] and .//th//span[text()[contains(.,'Thể loại')]]]}\nExpected: visible\nScreenshot: file:/home/runner/work/petland-admin/petland-admin/build/reports/tests/1620210855363.5.png\nPage source: file:/home/runner/work/petland-admin/petland-admin/build/reports/tests/1620210855363.5.html\nTimeout: 10 s.\nCaused by: NoSuchElementException: no such element: Unable to locate element: {\"method\":\"xpath\",\"selector\":\"//table[.//th//span[text()[contains(.,'Tên')]] and .//th//span[text()[contains(.,'Thể loại')]]]\"}\n\tat com.codeborne.selenide.impl.WebElementSource.createElementNotFoundError(WebElementSource.java:83)\n\tat com.codeborne.selenide.impl.ElementFinder.createElementNotFoundError(ElementFinder.java:136)\n\tat com.codeborne.selenide.impl.WebElementSource.checkCondition(WebElementSource.java:114)\n\tat com.codeborne.selenide.commands.Should.execute(Should.java:30)\n\tat com.codeborne.selenide.commands.Should.execute(Should.java:14)\n\tat com.codeborne.selenide.commands.Commands.execute(Commands.java:155)\n\tat com.codeborne.selenide.impl.SelenideElementProxy.dispatchAndRetry(SelenideElementProxy.java:133)\n\tat com.codeborne.selenide.impl.SelenideElementProxy.invoke(SelenideElementProxy.java:85)\n\tat com.sun.proxy.$Proxy19.shouldBe(Unknown Source)\n\tat pages.SubCategoryPage.openPage(SubCategoryPage.java:18)\n\tat test.BaseTest.openPage(BaseTest.java:19)\n\tat java.base/jdk.internal.reflect.NativeMethodAccessorImpl.invoke0(Native Method)\n\tat java.base/jdk.internal.reflect.NativeMethodAccessorImpl.invoke(NativeMethodAccessorImpl.java:64)\n\tat java.base/jdk.internal.reflect.DelegatingMethodAccessorImpl.invoke(DelegatingMethodAccessorImpl.java:43)\n\tat java.base/java.lang.reflect.Method.invoke(Method.java:564)\n\tat org.testng.internal.MethodInvocationHelper.invokeMethod(MethodInvocationHelper.java:134)\n\tat org.testng.internal.MethodInvocationHelper.invokeMethodConsideringTimeout(MethodInvocationHelper.java:63)\n\tat org.testng.internal.ConfigInvoker.invokeConfigurationMethod(ConfigInvoker.java:348)\n\tat org.testng.internal.ConfigInvoker.invokeConfigurations(ConfigInvoker.java:302)\n\tat org.testng.internal.TestInvoker.runConfigMethods(TestInvoker.java:695)\n\tat org.testng.internal.TestInvoker.invokeMethod(TestInvoker.java:523)\n\tat org.testng.internal.TestInvoker.invokeTestMethod(TestInvoker.java:173)\n\tat org.testng.internal.MethodRunner.runInSequence(MethodRunner.java:46)\n\tat org.testng.internal.TestInvoker$MethodInvocationAgent.invoke(TestInvoker.java:816)\n\tat org.testng.internal.TestInvoker.invokeTestMethods(TestInvoker.java:146)\n\tat org.testng.internal.TestMethodWorker.invokeTestMethods(TestMethodWorker.java:146)\n\tat org.testng.internal.TestMethodWorker.run(TestMethodWorker.java:128)\n\tat java.base/java.util.ArrayList.forEach(ArrayList.java:1511)\n\tat org.testng.TestRunner.privateRun(TestRunner.java:766)\n\tat org.testng.TestRunner.run(TestRunner.java:587)\n\tat org.testng.SuiteRunner.runTest(SuiteRunner.java:384)\n\tat org.testng.SuiteRunner.runSequentially(SuiteRunner.java:378)\n\tat org.testng.SuiteRunner.privateRun(SuiteRunner.java:337)\n\tat org.testng.SuiteRunner.run(SuiteRunner.java:286)\n\tat org.testng.SuiteRunnerWorker.runSuite(SuiteRunnerWorker.java:53)\n\tat org.testng.SuiteRunnerWorker.run(SuiteRunnerWorker.java:96)\n\tat org.testng.TestNG.runSuitesSequentially(TestNG.java:1187)\n\tat org.testng.TestNG.runSuitesLocally(TestNG.java:1109)\n\tat org.testng.TestNG.runSuites(TestNG.java:1039)\n\tat org.testng.TestNG.run(TestNG.java:1007)\n\tat org.apache.maven.surefire.testng.TestNGExecutor.run(TestNGExecutor.java:283)\n\tat org.apache.maven.surefire.testng.TestNGXmlTestSuite.execute(TestNGXmlTestSuite.java:75)\n\tat org.apache.maven.surefire.testng.TestNGProvider.invoke(TestNGProvider.java:120)\n\tat org.apache.maven.surefire.booter.ForkedBooter.invokeProviderInSameClassLoader(ForkedBooter.java:384)\n\tat org.apache.maven.surefire.booter.ForkedBooter.runSuitesInProcess(ForkedBooter.java:345)\n\tat org.apache.maven.surefire.booter.ForkedBooter.execute(ForkedBooter.java:126)\n\tat org.apache.maven.surefire.booter.ForkedBooter.main(ForkedBooter.java:418)\nCaused by: org.openqa.selenium.NoSuchElementException: no such element: Unable to locate element: {\"method\":\"xpath\",\"selector\":\"//table[.//th//span[text()[contains(.,'Tên')]] and .//th//span[text()[contains(.,'Thể loại')]]]\"}\n  (Session info: headless chrome=90.0.4430.85)\nFor documentation on this error, please visit: https://www.seleniumhq.org/exceptions/no_such_element.html\nBuild info: version: '3.141.59', revision: 'e82be7d358', time: '2018-11-14T08:17:03'\nSystem info: host: 'fv-az269-150', ip: '10.1.0.87', os.name: 'Linux', os.arch: 'amd64', os.version: '5.4.0-1046-azure', java.version: '15.0.3'\nDriver info: org.openqa.selenium.chrome.ChromeDriver\nCapabilities {acceptInsecureCerts: true, browserName: chrome, browserVersion: 90.0.4430.85, chrome: {chromedriverVersion: 90.0.4430.24 (4c6d850f087da..., userDataDir: /tmp/.com.google.Chrome.AH2bN9}, goog:chromeOptions: {debuggerAddress: localhost:35419}, javascriptEnabled: true, networkConnectionEnabled: false, pageLoadStrategy: normal, platform: LINUX, platformName: LINUX, proxy: Proxy(), setWindowRect: true, strictFileInteractability: false, timeouts: {implicit: 0, pageLoad: 300000, script: 30000}, unhandledPromptBehavior: dismiss and notify, webauthn:extension:largeBlob: true, webauthn:virtualAuthenticators: true}\nSession ID: d02ec6b3a3935b390c703ec91d09bec7\n*** Element info: {Using=xpath, value=//table[.//th//span[text()[contains(.,'Tên')]] and .//th//span[text()[contains(.,'Thể loại')]]]}\n\tat jdk.internal.reflect.GeneratedConstructorAccessor17.newInstance(Unknown Source)\n\tat java.base/jdk.internal.reflect.DelegatingConstructorAccessorImpl.newInstance(DelegatingConstructorAccessorImpl.java:45)\n\tat java.base/java.lang.reflect.Constructor.newInstanceWithCaller(Constructor.java:500)\n\tat java.base/java.lang.reflect.Constructor.newInstance(Constructor.java:481)\n\tat org.openqa.selenium.remote.http.W3CHttpResponseCodec.createException(W3CHttpResponseCodec.java:187)\n\tat org.openqa.selenium.remote.http.W3CHttpResponseCodec.decode(W3CHttpResponseCodec.java:122)\n\tat org.openqa.selenium.remote.http.W3CHttpResponseCodec.decode(W3CHttpResponseCodec.java:49)\n\tat org.openqa.selenium.remote.HttpCommandExecutor.execute(HttpCommandExecutor.java:158)\n\tat org.openqa.selenium.remote.service.DriverCommandExecutor.execute(DriverCommandExecutor.java:83)\n\tat org.openqa.selenium.remote.RemoteWebDriver.execute(RemoteWebDriver.java:552)\n\tat org.openqa.selenium.remote.RemoteWebDriver.findElement(RemoteWebDriver.java:323)\n\tat org.openqa.selenium.remote.RemoteWebDriver.findElementByXPath(RemoteWebDriver.java:428)\n\tat org.openqa.selenium.By$ByXPath.findElement(By.java:353)\n\tat org.openqa.selenium.remote.RemoteWebDriver.findElement(RemoteWebDriver.java:315)\n\tat com.codeborne.selenide.impl.WebElementSelector.findElement(WebElementSelector.java:59)\n\tat com.codeborne.selenide.impl.WebElementSelector.findElement(WebElementSelector.java:34)\n\tat com.codeborne.selenide.impl.ElementFinder.getWebElement(ElementFinder.java:104)\n\tat com.codeborne.selenide.impl.WebElementSource.checkCondition(WebElementSource.java:99)\n\t... 44 more\n",
      "steps" : [ {
        "name" : "Login with Admin",
        "time" : {
          "start" : 1620210842353,
          "stop" : 1620210844766,
          "duration" : 2413
        },
        "status" : "passed",
        "steps" : [ {
          "name" : "Open login page",
          "time" : {
            "start" : 1620210844258,
            "stop" : 1620210844766,
            "duration" : 508
          },
          "status" : "passed",
          "steps" : [ ],
          "attachments" : [ ],
          "parameters" : [ ],
          "stepsCount" : 0,
          "attachmentsCount" : 0,
          "shouldDisplayMessage" : false,
          "hasContent" : false
        } ],
        "attachments" : [ ],
        "parameters" : [ ],
        "stepsCount" : 1,
        "attachmentsCount" : 0,
        "shouldDisplayMessage" : false,
        "hasContent" : true
      } ],
      "attachments" : [ ],
      "parameters" : [ ],
      "stepsCount" : 2,
      "attachmentsCount" : 0,
      "shouldDisplayMessage" : true,
      "hasContent" : true
    } ],
    "attachments" : [ ],
    "parameters" : [ ],
    "stepsCount" : 3,
    "attachmentsCount" : 0,
    "shouldDisplayMessage" : false,
    "hasContent" : true
  }, {
    "name" : "setup",
    "time" : {
      "start" : 1620210842351,
      "stop" : 1620210842352,
      "duration" : 1
    },
    "description" : "",
    "status" : "passed",
    "steps" : [ ],
    "attachments" : [ ],
    "parameters" : [ ],
    "stepsCount" : 0,
    "attachmentsCount" : 0,
    "shouldDisplayMessage" : false,
    "hasContent" : false
  } ],
  "afterStages" : [ {
    "name" : "tearDown",
    "time" : {
      "start" : 1620210855528,
      "stop" : 1620210855597,
      "duration" : 69
    },
    "description" : "",
    "status" : "passed",
    "steps" : [ ],
    "attachments" : [ ],
    "parameters" : [ ],
    "stepsCount" : 0,
    "attachmentsCount" : 0,
    "shouldDisplayMessage" : false,
    "hasContent" : false
  }, {
    "name" : "cleanUp",
    "time" : {
      "start" : 1620210881609,
      "stop" : 1620210881614,
      "duration" : 5
    },
    "description" : "",
    "status" : "broken",
    "statusMessage" : "Cannot read field \"id\" because \"dto\" is null",
    "statusTrace" : "java.lang.NullPointerException: Cannot read field \"id\" because \"dto\" is null\n\tat api.CategoryApi.delete(CategoryApi.java:20)\n\tat test.TestSubCategoryPage.cleanUp(TestSubCategoryPage.java:37)\n\tat java.base/jdk.internal.reflect.NativeMethodAccessorImpl.invoke0(Native Method)\n\tat java.base/jdk.internal.reflect.NativeMethodAccessorImpl.invoke(NativeMethodAccessorImpl.java:64)\n\tat java.base/jdk.internal.reflect.DelegatingMethodAccessorImpl.invoke(DelegatingMethodAccessorImpl.java:43)\n\tat java.base/java.lang.reflect.Method.invoke(Method.java:564)\n\tat org.testng.internal.MethodInvocationHelper.invokeMethod(MethodInvocationHelper.java:134)\n\tat org.testng.internal.MethodInvocationHelper.invokeMethodConsideringTimeout(MethodInvocationHelper.java:63)\n\tat org.testng.internal.ConfigInvoker.invokeConfigurationMethod(ConfigInvoker.java:348)\n\tat org.testng.internal.ConfigInvoker.invokeConfigurations(ConfigInvoker.java:302)\n\tat org.testng.internal.TestMethodWorker.invokeAfterClassMethods(TestMethodWorker.java:217)\n\tat org.testng.internal.TestMethodWorker.run(TestMethodWorker.java:130)\n\tat java.base/java.util.ArrayList.forEach(ArrayList.java:1511)\n\tat org.testng.TestRunner.privateRun(TestRunner.java:766)\n\tat org.testng.TestRunner.run(TestRunner.java:587)\n\tat org.testng.SuiteRunner.runTest(SuiteRunner.java:384)\n\tat org.testng.SuiteRunner.runSequentially(SuiteRunner.java:378)\n\tat org.testng.SuiteRunner.privateRun(SuiteRunner.java:337)\n\tat org.testng.SuiteRunner.run(SuiteRunner.java:286)\n\tat org.testng.SuiteRunnerWorker.runSuite(SuiteRunnerWorker.java:53)\n\tat org.testng.SuiteRunnerWorker.run(SuiteRunnerWorker.java:96)\n\tat org.testng.TestNG.runSuitesSequentially(TestNG.java:1187)\n\tat org.testng.TestNG.runSuitesLocally(TestNG.java:1109)\n\tat org.testng.TestNG.runSuites(TestNG.java:1039)\n\tat org.testng.TestNG.run(TestNG.java:1007)\n\tat org.apache.maven.surefire.testng.TestNGExecutor.run(TestNGExecutor.java:283)\n\tat org.apache.maven.surefire.testng.TestNGXmlTestSuite.execute(TestNGXmlTestSuite.java:75)\n\tat org.apache.maven.surefire.testng.TestNGProvider.invoke(TestNGProvider.java:120)\n\tat org.apache.maven.surefire.booter.ForkedBooter.invokeProviderInSameClassLoader(ForkedBooter.java:384)\n\tat org.apache.maven.surefire.booter.ForkedBooter.runSuitesInProcess(ForkedBooter.java:345)\n\tat org.apache.maven.surefire.booter.ForkedBooter.execute(ForkedBooter.java:126)\n\tat org.apache.maven.surefire.booter.ForkedBooter.main(ForkedBooter.java:418)\n",
    "steps" : [ ],
    "attachments" : [ ],
    "parameters" : [ ],
    "stepsCount" : 0,
    "attachmentsCount" : 0,
    "shouldDisplayMessage" : true,
    "hasContent" : true
  } ],
  "labels" : [ {
    "name" : "package",
    "value" : "test.TestSubCategoryPage"
  }, {
    "name" : "testClass",
    "value" : "test.TestSubCategoryPage"
  }, {
    "name" : "testMethod",
    "value" : "testAddSubCategory"
  }, {
    "name" : "parentSuite",
    "value" : "Petland Admin"
  }, {
    "name" : "suite",
    "value" : "Subcategory Page"
  }, {
    "name" : "subSuite",
    "value" : "test.TestSubCategoryPage"
  }, {
    "name" : "host",
    "value" : "fv-az269-150"
  }, {
    "name" : "thread",
    "value" : "2876@fv-az269-150.main(1)"
  }, {
    "name" : "framework",
    "value" : "testng"
  }, {
    "name" : "language",
    "value" : "java"
  }, {
    "name" : "story",
    "value" : "Admin can add subcategory"
  }, {
    "name" : "resultFormat",
    "value" : "allure2"
  } ],
  "parameters" : [ ],
  "links" : [ ],
  "hidden" : false,
  "retry" : false,
  "extra" : {
    "severity" : "normal",
    "retries" : [ ],
    "categories" : [ ],
    "history" : {
      "statistic" : {
        "failed" : 0,
        "broken" : 0,
        "skipped" : 13,
        "passed" : 0,
        "unknown" : 0,
        "total" : 13
      },
      "items" : [ {
        "uid" : "f5bf4d87616cef10",
        "reportUrl" : "https://randy102.github.io/petland-admin/10//#testresult/f5bf4d87616cef10",
        "status" : "skipped",
        "statusDetails" : "Element not found {By.xpath: //table[.//th//span[text()[contains(.,'Tên')]] and .//th//span[text()[contains(.,'Thể loại')]]]}\nExpected: visible\nScreenshot: file:/home/runner/work/petland-admin/petland-admin/build/reports/tests/1620204883799.5.png\nPage source: file:/home/runner/work/petland-admin/petland-admin/build/reports/tests/1620204883799.5.html\nTimeout: 10 s.\nCaused by: NoSuchElementException: no such element: Unable to locate element: {\"method\":\"xpath\",\"selector\":\"//table[.//th//span[text()[contains(.,'Tên')]] and .//th//span[text()[contains(.,'Thể loại')]]]\"}",
        "time" : {
          "start" : 1620204883958,
          "stop" : 1620204883960,
          "duration" : 2
        }
      }, {
        "uid" : "d372f415d46959c",
        "reportUrl" : "https://randy102.github.io/petland-admin/9//#testresult/d372f415d46959c",
        "status" : "skipped",
        "statusDetails" : "Element not found {By.xpath: //table[.//th//span[text()[contains(.,'Tên')]] and .//th//span[text()[contains(.,'Thể loại')]]]}\nExpected: visible\nScreenshot: file:/home/runner/work/petland-admin/petland-admin/build/reports/tests/1620197299006.5.png\nPage source: file:/home/runner/work/petland-admin/petland-admin/build/reports/tests/1620197299006.5.html\nTimeout: 10 s.\nCaused by: NoSuchElementException: no such element: Unable to locate element: {\"method\":\"xpath\",\"selector\":\"//table[.//th//span[text()[contains(.,'Tên')]] and .//th//span[text()[contains(.,'Thể loại')]]]\"}",
        "time" : {
          "start" : 1620197299171,
          "stop" : 1620197299173,
          "duration" : 2
        }
      }, {
        "uid" : "6d420c5ac7bbc0c0",
        "reportUrl" : "https://randy102.github.io/petland-admin/8//#testresult/6d420c5ac7bbc0c0",
        "status" : "skipped",
        "statusDetails" : "Element not found {By.xpath: //table[.//th//span[text()[contains(.,'Tên')]] and .//th//span[text()[contains(.,'Thể loại')]]]}\nExpected: visible\nScreenshot: file:/home/runner/work/petland-admin/petland-admin/build/reports/tests/1620196907540.5.png\nPage source: file:/home/runner/work/petland-admin/petland-admin/build/reports/tests/1620196907540.5.html\nTimeout: 10 s.\nCaused by: NoSuchElementException: no such element: Unable to locate element: {\"method\":\"xpath\",\"selector\":\"//table[.//th//span[text()[contains(.,'Tên')]] and .//th//span[text()[contains(.,'Thể loại')]]]\"}",
        "time" : {
          "start" : 1620196907684,
          "stop" : 1620196907686,
          "duration" : 2
        }
      }, {
        "uid" : "6af2b0787fcbea58",
        "reportUrl" : "https://randy102.github.io/petland-admin/61//#testresult/6af2b0787fcbea58",
        "status" : "skipped",
        "statusDetails" : "Element not found {By.xpath: //table[.//th//span[text()[contains(.,'Tên')]] and .//th//span[text()[contains(.,'Thể loại')]]]}\nExpected: visible\nScreenshot: file:/home/runner/work/petland-admin/petland-admin/build/reports/tests/1620030149092.5.png\nPage source: file:/home/runner/work/petland-admin/petland-admin/build/reports/tests/1620030149092.5.html\nTimeout: 10 s.\nCaused by: NoSuchElementException: no such element: Unable to locate element: {\"method\":\"xpath\",\"selector\":\"//table[.//th//span[text()[contains(.,'Tên')]] and .//th//span[text()[contains(.,'Thể loại')]]]\"}",
        "time" : {
          "start" : 1620030149241,
          "stop" : 1620030149242,
          "duration" : 1
        }
      }, {
        "uid" : "5bdad1f57ace6ea1",
        "reportUrl" : "https://randy102.github.io/petland-admin/7//#testresult/5bdad1f57ace6ea1",
        "status" : "skipped",
        "statusDetails" : "Element not found {By.xpath: //table[.//th//span[text()[contains(.,'Tên')]] and .//th//span[text()[contains(.,'Thể loại')]]]}\nExpected: visible\nScreenshot: file:/home/runner/work/petland-admin/petland-admin/build/reports/tests/1620029683062.2.png\nPage source: file:/home/runner/work/petland-admin/petland-admin/build/reports/tests/1620029683062.2.html\nTimeout: 10 s.\nCaused by: NoSuchElementException: no such element: Unable to locate element: {\"method\":\"xpath\",\"selector\":\"//table[.//th//span[text()[contains(.,'Tên')]] and .//th//span[text()[contains(.,'Thể loại')]]]\"}",
        "time" : {
          "start" : 1620029683232,
          "stop" : 1620029683235,
          "duration" : 3
        }
      }, {
        "uid" : "b64d31772b12f798",
        "reportUrl" : "https://randy102.github.io/petland-admin/6//#testresult/b64d31772b12f798",
        "status" : "skipped",
        "statusDetails" : "Element not found {By.xpath: //table[.//th//span[text()[contains(.,'Tên')]] and .//th//span[text()[contains(.,'Thể loại')]]]}\nExpected: visible\nScreenshot: file:/home/runner/work/petland-admin/petland-admin/build/reports/tests/1619873258321.5.png\nPage source: file:/home/runner/work/petland-admin/petland-admin/build/reports/tests/1619873258321.5.html\nTimeout: 10 s.\nCaused by: NoSuchElementException: no such element: Unable to locate element: {\"method\":\"xpath\",\"selector\":\"//table[.//th//span[text()[contains(.,'Tên')]] and .//th//span[text()[contains(.,'Thể loại')]]]\"}",
        "time" : {
          "start" : 1619873258482,
          "stop" : 1619873258485,
          "duration" : 3
        }
      }, {
        "uid" : "4817ed35d4ede1fa",
        "reportUrl" : "https://randy102.github.io/petland-admin/5//#testresult/4817ed35d4ede1fa",
        "status" : "skipped",
        "statusDetails" : "Element not found {By.xpath: //table[.//th//span[text()[contains(.,'Tên')]] and .//th//span[text()[contains(.,'Thể loại')]]]}\nExpected: visible\nScreenshot: file:/home/runner/work/petland-admin/petland-admin/build/reports/tests/1619872106604.4.png\nPage source: file:/home/runner/work/petland-admin/petland-admin/build/reports/tests/1619872106604.4.html\nTimeout: 10 s.\nCaused by: NoSuchElementException: no such element: Unable to locate element: {\"method\":\"xpath\",\"selector\":\"//table[.//th//span[text()[contains(.,'Tên')]] and .//th//span[text()[contains(.,'Thể loại')]]]\"}",
        "time" : {
          "start" : 1619872106757,
          "stop" : 1619872106759,
          "duration" : 2
        }
      }, {
        "uid" : "394b5b59ea7da070",
        "reportUrl" : "https://randy102.github.io/petland-admin/4//#testresult/394b5b59ea7da070",
        "status" : "skipped",
        "statusDetails" : "Element not found {By.xpath: //table[.//th//span[text()[contains(.,'Tên')]] and .//th//span[text()[contains(.,'Thể loại')]]]}\nExpected: visible\nScreenshot: file:/home/runner/work/petland-admin/petland-admin/build/reports/tests/1619871833133.4.png\nPage source: file:/home/runner/work/petland-admin/petland-admin/build/reports/tests/1619871833133.4.html\nTimeout: 10 s.\nCaused by: NoSuchElementException: no such element: Unable to locate element: {\"method\":\"xpath\",\"selector\":\"//table[.//th//span[text()[contains(.,'Tên')]] and .//th//span[text()[contains(.,'Thể loại')]]]\"}",
        "time" : {
          "start" : 1619871833308,
          "stop" : 1619871833310,
          "duration" : 2
        }
      }, {
        "uid" : "3448ca555928ed93",
        "reportUrl" : "https://randy102.github.io/petland-admin/3//#testresult/3448ca555928ed93",
        "status" : "skipped",
        "statusDetails" : "Element not found {By.xpath: //table[.//th//span[text()[contains(.,'Tên')]] and .//th//span[text()[contains(.,'Thể loại')]]]}\nExpected: visible\nScreenshot: file:/home/runner/work/petland-admin/petland-admin/build/reports/tests/1619869260028.5.png\nPage source: file:/home/runner/work/petland-admin/petland-admin/build/reports/tests/1619869260028.5.html\nTimeout: 10 s.\nCaused by: NoSuchElementException: no such element: Unable to locate element: {\"method\":\"xpath\",\"selector\":\"//table[.//th//span[text()[contains(.,'Tên')]] and .//th//span[text()[contains(.,'Thể loại')]]]\"}",
        "time" : {
          "start" : 1619869260184,
          "stop" : 1619869260186,
          "duration" : 2
        }
      }, {
        "uid" : "26acc6e24e9599a8",
        "reportUrl" : "https://randy102.github.io/petland-admin/60//#testresult/26acc6e24e9599a8",
        "status" : "skipped",
        "statusDetails" : "Element not found {By.xpath: //table[.//th//span[text()[contains(.,'Tên')]] and .//th//span[text()[contains(.,'Thể loại')]]]}\nExpected: visible\nScreenshot: file:/home/runner/work/petland-admin/petland-admin/build/reports/tests/1619866795016.5.png\nPage source: file:/home/runner/work/petland-admin/petland-admin/build/reports/tests/1619866795016.5.html\nTimeout: 10 s.\nCaused by: NoSuchElementException: no such element: Unable to locate element: {\"method\":\"xpath\",\"selector\":\"//table[.//th//span[text()[contains(.,'Tên')]] and .//th//span[text()[contains(.,'Thể loại')]]]\"}",
        "time" : {
          "start" : 1619866795195,
          "stop" : 1619866795197,
          "duration" : 2
        }
      }, {
        "uid" : "f31770c30ce02bb0",
        "reportUrl" : "https://randy102.github.io/petland-admin/2//#testresult/f31770c30ce02bb0",
        "status" : "skipped",
        "statusDetails" : "Element not found {By.xpath: //table[.//th//span[text()[contains(.,'Tên')]] and .//th//span[text()[contains(.,'Thể loại')]]]}\nExpected: visible\nScreenshot: file:/home/runner/work/petland-admin/petland-admin/build/reports/tests/1619866784293.5.png\nPage source: file:/home/runner/work/petland-admin/petland-admin/build/reports/tests/1619866784293.5.html\nTimeout: 10 s.\nCaused by: NoSuchElementException: no such element: Unable to locate element: {\"method\":\"xpath\",\"selector\":\"//table[.//th//span[text()[contains(.,'Tên')]] and .//th//span[text()[contains(.,'Thể loại')]]]\"}",
        "time" : {
          "start" : 1619866784483,
          "stop" : 1619866784486,
          "duration" : 3
        }
      }, {
        "uid" : "f65fa2d8a1c7b183",
        "reportUrl" : "https://randy102.github.io/petland-admin/59//#testresult/f65fa2d8a1c7b183",
        "status" : "skipped",
        "statusDetails" : "Element not found {By.xpath: //table[.//th//span[text()[contains(.,'Tên')]] and .//th//span[text()[contains(.,'Thể loại')]]]}\nExpected: visible\nScreenshot: file:/home/runner/work/petland-admin/petland-admin/build/reports/tests/1619865728175.5.png\nPage source: file:/home/runner/work/petland-admin/petland-admin/build/reports/tests/1619865728175.5.html\nTimeout: 10 s.\nCaused by: NoSuchElementException: no such element: Unable to locate element: {\"method\":\"xpath\",\"selector\":\"//table[.//th//span[text()[contains(.,'Tên')]] and .//th//span[text()[contains(.,'Thể loại')]]]\"}",
        "time" : {
          "start" : 1619865728352,
          "stop" : 1619865728354,
          "duration" : 2
        }
      } ]
    },
    "tags" : [ ]
  },
  "source" : "63a25329f5756c61.json",
  "parameterValues" : [ ]
}