{
  "uid" : "3d6db72b36c6f1cd",
  "name" : "testAddCategory",
  "fullName" : "test.TestCategoryPage.testAddCategory",
  "historyId" : "bf5057789477a06f059aa97f3bb62a2b",
  "time" : {
    "start" : 1620744257316,
    "stop" : 1620744268632,
    "duration" : 11316
  },
  "status" : "failed",
  "statusMessage" : "Element not found {By.xpath: //tr[./td[text()='cca2bbd7-7a6b-43b8-9fa5-1eda7ce75e71']]}\nExpected: visible\nScreenshot: file:/home/runner/work/petland-admin/petland-admin/build/reports/tests/1620744268395.1.png\nPage source: file:/home/runner/work/petland-admin/petland-admin/build/reports/tests/1620744268395.1.html\nTimeout: 10 s.\nCaused by: NoSuchElementException: no such element: Unable to locate element: {\"method\":\"xpath\",\"selector\":\"//tr[./td[text()='cca2bbd7-7a6b-43b8-9fa5-1eda7ce75e71']]\"}",
  "statusTrace" : "Element not found {By.xpath: //tr[./td[text()='cca2bbd7-7a6b-43b8-9fa5-1eda7ce75e71']]}\nExpected: visible\nScreenshot: file:/home/runner/work/petland-admin/petland-admin/build/reports/tests/1620744268395.1.png\nPage source: file:/home/runner/work/petland-admin/petland-admin/build/reports/tests/1620744268395.1.html\nTimeout: 10 s.\nCaused by: NoSuchElementException: no such element: Unable to locate element: {\"method\":\"xpath\",\"selector\":\"//tr[./td[text()='cca2bbd7-7a6b-43b8-9fa5-1eda7ce75e71']]\"}\n\tat com.codeborne.selenide.impl.WebElementSource.createElementNotFoundError(WebElementSource.java:83)\n\tat com.codeborne.selenide.impl.ElementFinder.createElementNotFoundError(ElementFinder.java:136)\n\tat com.codeborne.selenide.impl.WebElementSource.checkCondition(WebElementSource.java:114)\n\tat com.codeborne.selenide.commands.Should.execute(Should.java:30)\n\tat com.codeborne.selenide.commands.Should.execute(Should.java:14)\n\tat com.codeborne.selenide.commands.Commands.execute(Commands.java:155)\n\tat com.codeborne.selenide.impl.SelenideElementProxy.dispatchAndRetry(SelenideElementProxy.java:133)\n\tat com.codeborne.selenide.impl.SelenideElementProxy.invoke(SelenideElementProxy.java:85)\n\tat com.sun.proxy.$Proxy19.shouldBe(Unknown Source)\n\tat test.TestCategoryPage.testAddCategory(TestCategoryPage.java:30)\n\tat java.base/jdk.internal.reflect.NativeMethodAccessorImpl.invoke0(Native Method)\n\tat java.base/jdk.internal.reflect.NativeMethodAccessorImpl.invoke(NativeMethodAccessorImpl.java:64)\n\tat java.base/jdk.internal.reflect.DelegatingMethodAccessorImpl.invoke(DelegatingMethodAccessorImpl.java:43)\n\tat java.base/java.lang.reflect.Method.invoke(Method.java:564)\n\tat org.testng.internal.MethodInvocationHelper.invokeMethod(MethodInvocationHelper.java:134)\n\tat org.testng.internal.TestInvoker.invokeMethod(TestInvoker.java:597)\n\tat org.testng.internal.TestInvoker.invokeTestMethod(TestInvoker.java:173)\n\tat org.testng.internal.MethodRunner.runInSequence(MethodRunner.java:46)\n\tat org.testng.internal.TestInvoker$MethodInvocationAgent.invoke(TestInvoker.java:816)\n\tat org.testng.internal.TestInvoker.invokeTestMethods(TestInvoker.java:146)\n\tat org.testng.internal.TestMethodWorker.invokeTestMethods(TestMethodWorker.java:146)\n\tat org.testng.internal.TestMethodWorker.run(TestMethodWorker.java:128)\n\tat java.base/java.util.ArrayList.forEach(ArrayList.java:1511)\n\tat org.testng.TestRunner.privateRun(TestRunner.java:766)\n\tat org.testng.TestRunner.run(TestRunner.java:587)\n\tat org.testng.SuiteRunner.runTest(SuiteRunner.java:384)\n\tat org.testng.SuiteRunner.runSequentially(SuiteRunner.java:378)\n\tat org.testng.SuiteRunner.privateRun(SuiteRunner.java:337)\n\tat org.testng.SuiteRunner.run(SuiteRunner.java:286)\n\tat org.testng.SuiteRunnerWorker.runSuite(SuiteRunnerWorker.java:53)\n\tat org.testng.SuiteRunnerWorker.run(SuiteRunnerWorker.java:96)\n\tat org.testng.TestNG.runSuitesSequentially(TestNG.java:1187)\n\tat org.testng.TestNG.runSuitesLocally(TestNG.java:1109)\n\tat org.testng.TestNG.runSuites(TestNG.java:1039)\n\tat org.testng.TestNG.run(TestNG.java:1007)\n\tat org.apache.maven.surefire.testng.TestNGExecutor.run(TestNGExecutor.java:283)\n\tat org.apache.maven.surefire.testng.TestNGXmlTestSuite.execute(TestNGXmlTestSuite.java:75)\n\tat org.apache.maven.surefire.testng.TestNGProvider.invoke(TestNGProvider.java:120)\n\tat org.apache.maven.surefire.booter.ForkedBooter.invokeProviderInSameClassLoader(ForkedBooter.java:384)\n\tat org.apache.maven.surefire.booter.ForkedBooter.runSuitesInProcess(ForkedBooter.java:345)\n\tat org.apache.maven.surefire.booter.ForkedBooter.execute(ForkedBooter.java:126)\n\tat org.apache.maven.surefire.booter.ForkedBooter.main(ForkedBooter.java:418)\nCaused by: org.openqa.selenium.NoSuchElementException: no such element: Unable to locate element: {\"method\":\"xpath\",\"selector\":\"//tr[./td[text()='cca2bbd7-7a6b-43b8-9fa5-1eda7ce75e71']]\"}\n  (Session info: headless chrome=90.0.4430.93)\nFor documentation on this error, please visit: https://www.seleniumhq.org/exceptions/no_such_element.html\nBuild info: version: '3.141.59', revision: 'e82be7d358', time: '2018-11-14T08:17:03'\nSystem info: host: 'fv-az173-805', ip: '10.1.0.40', os.name: 'Linux', os.arch: 'amd64', os.version: '5.4.0-1046-azure', java.version: '15.0.3'\nDriver info: org.openqa.selenium.chrome.ChromeDriver\nCapabilities {acceptInsecureCerts: true, browserName: chrome, browserVersion: 90.0.4430.93, chrome: {chromedriverVersion: 90.0.4430.24 (4c6d850f087da..., userDataDir: /tmp/.com.google.Chrome.LF0xBP}, goog:chromeOptions: {debuggerAddress: localhost:39235}, javascriptEnabled: true, networkConnectionEnabled: false, pageLoadStrategy: normal, platform: LINUX, platformName: LINUX, proxy: Proxy(), setWindowRect: true, strictFileInteractability: false, timeouts: {implicit: 0, pageLoad: 300000, script: 30000}, unhandledPromptBehavior: dismiss and notify, webauthn:extension:largeBlob: true, webauthn:virtualAuthenticators: true}\nSession ID: 11603bf615844980dabce938f92d76dd\n*** Element info: {Using=xpath, value=//tr[./td[text()='cca2bbd7-7a6b-43b8-9fa5-1eda7ce75e71']]}\n\tat jdk.internal.reflect.GeneratedConstructorAccessor17.newInstance(Unknown Source)\n\tat java.base/jdk.internal.reflect.DelegatingConstructorAccessorImpl.newInstance(DelegatingConstructorAccessorImpl.java:45)\n\tat java.base/java.lang.reflect.Constructor.newInstanceWithCaller(Constructor.java:500)\n\tat java.base/java.lang.reflect.Constructor.newInstance(Constructor.java:481)\n\tat org.openqa.selenium.remote.http.W3CHttpResponseCodec.createException(W3CHttpResponseCodec.java:187)\n\tat org.openqa.selenium.remote.http.W3CHttpResponseCodec.decode(W3CHttpResponseCodec.java:122)\n\tat org.openqa.selenium.remote.http.W3CHttpResponseCodec.decode(W3CHttpResponseCodec.java:49)\n\tat org.openqa.selenium.remote.HttpCommandExecutor.execute(HttpCommandExecutor.java:158)\n\tat org.openqa.selenium.remote.service.DriverCommandExecutor.execute(DriverCommandExecutor.java:83)\n\tat org.openqa.selenium.remote.RemoteWebDriver.execute(RemoteWebDriver.java:552)\n\tat org.openqa.selenium.remote.RemoteWebDriver.findElement(RemoteWebDriver.java:323)\n\tat org.openqa.selenium.remote.RemoteWebDriver.findElementByXPath(RemoteWebDriver.java:428)\n\tat org.openqa.selenium.By$ByXPath.findElement(By.java:353)\n\tat org.openqa.selenium.remote.RemoteWebDriver.findElement(RemoteWebDriver.java:315)\n\tat com.codeborne.selenide.impl.WebElementSelector.findElement(WebElementSelector.java:59)\n\tat com.codeborne.selenide.impl.WebElementSelector.findElement(WebElementSelector.java:34)\n\tat com.codeborne.selenide.impl.ElementFinder.getWebElement(ElementFinder.java:104)\n\tat com.codeborne.selenide.impl.WebElementSource.checkCondition(WebElementSource.java:99)\n\t... 39 more\n",
  "flaky" : true,
  "newFailed" : false,
  "beforeStages" : [ {
    "name" : "setup",
    "time" : {
      "start" : 1620744254343,
      "stop" : 1620744254343,
      "duration" : 0
    },
    "description" : "",
    "status" : "passed",
    "steps" : [ ],
    "attachments" : [ ],
    "parameters" : [ ],
    "stepsCount" : 0,
    "attachmentsCount" : 0,
    "shouldDisplayMessage" : false,
    "hasContent" : false
  }, {
    "name" : "openPage",
    "time" : {
      "start" : 1620744254344,
      "stop" : 1620744257309,
      "duration" : 2965
    },
    "description" : "",
    "status" : "passed",
    "steps" : [ {
      "name" : "Open category page",
      "time" : {
        "start" : 1620744254344,
        "stop" : 1620744257309,
        "duration" : 2965
      },
      "status" : "passed",
      "steps" : [ {
        "name" : "Login with Admin",
        "time" : {
          "start" : 1620744254344,
          "stop" : 1620744256748,
          "duration" : 2404
        },
        "status" : "passed",
        "steps" : [ {
          "name" : "Open login page",
          "time" : {
            "start" : 1620744254344,
            "stop" : 1620744255719,
            "duration" : 1375
          },
          "status" : "passed",
          "steps" : [ ],
          "attachments" : [ ],
          "parameters" : [ ],
          "stepsCount" : 0,
          "attachmentsCount" : 0,
          "shouldDisplayMessage" : false,
          "hasContent" : false
        }, {
          "name" : "Type email and password",
          "time" : {
            "start" : 1620744255720,
            "stop" : 1620744256131,
            "duration" : 411
          },
          "status" : "passed",
          "steps" : [ ],
          "attachments" : [ ],
          "parameters" : [ ],
          "stepsCount" : 0,
          "attachmentsCount" : 0,
          "shouldDisplayMessage" : false,
          "hasContent" : false
        }, {
          "name" : "Click Submit Button",
          "time" : {
            "start" : 1620744256131,
            "stop" : 1620744256219,
            "duration" : 88
          },
          "status" : "passed",
          "steps" : [ ],
          "attachments" : [ ],
          "parameters" : [ ],
          "stepsCount" : 0,
          "attachmentsCount" : 0,
          "shouldDisplayMessage" : false,
          "hasContent" : false
        } ],
        "attachments" : [ ],
        "parameters" : [ ],
        "stepsCount" : 3,
        "attachmentsCount" : 0,
        "shouldDisplayMessage" : false,
        "hasContent" : true
      } ],
      "attachments" : [ ],
      "parameters" : [ ],
      "stepsCount" : 4,
      "attachmentsCount" : 0,
      "shouldDisplayMessage" : false,
      "hasContent" : true
    } ],
    "attachments" : [ ],
    "parameters" : [ ],
    "stepsCount" : 5,
    "attachmentsCount" : 0,
    "shouldDisplayMessage" : false,
    "hasContent" : true
  } ],
  "testStage" : {
    "status" : "failed",
    "statusMessage" : "Element not found {By.xpath: //tr[./td[text()='cca2bbd7-7a6b-43b8-9fa5-1eda7ce75e71']]}\nExpected: visible\nScreenshot: file:/home/runner/work/petland-admin/petland-admin/build/reports/tests/1620744268395.1.png\nPage source: file:/home/runner/work/petland-admin/petland-admin/build/reports/tests/1620744268395.1.html\nTimeout: 10 s.\nCaused by: NoSuchElementException: no such element: Unable to locate element: {\"method\":\"xpath\",\"selector\":\"//tr[./td[text()='cca2bbd7-7a6b-43b8-9fa5-1eda7ce75e71']]\"}",
    "statusTrace" : "Element not found {By.xpath: //tr[./td[text()='cca2bbd7-7a6b-43b8-9fa5-1eda7ce75e71']]}\nExpected: visible\nScreenshot: file:/home/runner/work/petland-admin/petland-admin/build/reports/tests/1620744268395.1.png\nPage source: file:/home/runner/work/petland-admin/petland-admin/build/reports/tests/1620744268395.1.html\nTimeout: 10 s.\nCaused by: NoSuchElementException: no such element: Unable to locate element: {\"method\":\"xpath\",\"selector\":\"//tr[./td[text()='cca2bbd7-7a6b-43b8-9fa5-1eda7ce75e71']]\"}\n\tat com.codeborne.selenide.impl.WebElementSource.createElementNotFoundError(WebElementSource.java:83)\n\tat com.codeborne.selenide.impl.ElementFinder.createElementNotFoundError(ElementFinder.java:136)\n\tat com.codeborne.selenide.impl.WebElementSource.checkCondition(WebElementSource.java:114)\n\tat com.codeborne.selenide.commands.Should.execute(Should.java:30)\n\tat com.codeborne.selenide.commands.Should.execute(Should.java:14)\n\tat com.codeborne.selenide.commands.Commands.execute(Commands.java:155)\n\tat com.codeborne.selenide.impl.SelenideElementProxy.dispatchAndRetry(SelenideElementProxy.java:133)\n\tat com.codeborne.selenide.impl.SelenideElementProxy.invoke(SelenideElementProxy.java:85)\n\tat com.sun.proxy.$Proxy19.shouldBe(Unknown Source)\n\tat test.TestCategoryPage.testAddCategory(TestCategoryPage.java:30)\n\tat java.base/jdk.internal.reflect.NativeMethodAccessorImpl.invoke0(Native Method)\n\tat java.base/jdk.internal.reflect.NativeMethodAccessorImpl.invoke(NativeMethodAccessorImpl.java:64)\n\tat java.base/jdk.internal.reflect.DelegatingMethodAccessorImpl.invoke(DelegatingMethodAccessorImpl.java:43)\n\tat java.base/java.lang.reflect.Method.invoke(Method.java:564)\n\tat org.testng.internal.MethodInvocationHelper.invokeMethod(MethodInvocationHelper.java:134)\n\tat org.testng.internal.TestInvoker.invokeMethod(TestInvoker.java:597)\n\tat org.testng.internal.TestInvoker.invokeTestMethod(TestInvoker.java:173)\n\tat org.testng.internal.MethodRunner.runInSequence(MethodRunner.java:46)\n\tat org.testng.internal.TestInvoker$MethodInvocationAgent.invoke(TestInvoker.java:816)\n\tat org.testng.internal.TestInvoker.invokeTestMethods(TestInvoker.java:146)\n\tat org.testng.internal.TestMethodWorker.invokeTestMethods(TestMethodWorker.java:146)\n\tat org.testng.internal.TestMethodWorker.run(TestMethodWorker.java:128)\n\tat java.base/java.util.ArrayList.forEach(ArrayList.java:1511)\n\tat org.testng.TestRunner.privateRun(TestRunner.java:766)\n\tat org.testng.TestRunner.run(TestRunner.java:587)\n\tat org.testng.SuiteRunner.runTest(SuiteRunner.java:384)\n\tat org.testng.SuiteRunner.runSequentially(SuiteRunner.java:378)\n\tat org.testng.SuiteRunner.privateRun(SuiteRunner.java:337)\n\tat org.testng.SuiteRunner.run(SuiteRunner.java:286)\n\tat org.testng.SuiteRunnerWorker.runSuite(SuiteRunnerWorker.java:53)\n\tat org.testng.SuiteRunnerWorker.run(SuiteRunnerWorker.java:96)\n\tat org.testng.TestNG.runSuitesSequentially(TestNG.java:1187)\n\tat org.testng.TestNG.runSuitesLocally(TestNG.java:1109)\n\tat org.testng.TestNG.runSuites(TestNG.java:1039)\n\tat org.testng.TestNG.run(TestNG.java:1007)\n\tat org.apache.maven.surefire.testng.TestNGExecutor.run(TestNGExecutor.java:283)\n\tat org.apache.maven.surefire.testng.TestNGXmlTestSuite.execute(TestNGXmlTestSuite.java:75)\n\tat org.apache.maven.surefire.testng.TestNGProvider.invoke(TestNGProvider.java:120)\n\tat org.apache.maven.surefire.booter.ForkedBooter.invokeProviderInSameClassLoader(ForkedBooter.java:384)\n\tat org.apache.maven.surefire.booter.ForkedBooter.runSuitesInProcess(ForkedBooter.java:345)\n\tat org.apache.maven.surefire.booter.ForkedBooter.execute(ForkedBooter.java:126)\n\tat org.apache.maven.surefire.booter.ForkedBooter.main(ForkedBooter.java:418)\nCaused by: org.openqa.selenium.NoSuchElementException: no such element: Unable to locate element: {\"method\":\"xpath\",\"selector\":\"//tr[./td[text()='cca2bbd7-7a6b-43b8-9fa5-1eda7ce75e71']]\"}\n  (Session info: headless chrome=90.0.4430.93)\nFor documentation on this error, please visit: https://www.seleniumhq.org/exceptions/no_such_element.html\nBuild info: version: '3.141.59', revision: 'e82be7d358', time: '2018-11-14T08:17:03'\nSystem info: host: 'fv-az173-805', ip: '10.1.0.40', os.name: 'Linux', os.arch: 'amd64', os.version: '5.4.0-1046-azure', java.version: '15.0.3'\nDriver info: org.openqa.selenium.chrome.ChromeDriver\nCapabilities {acceptInsecureCerts: true, browserName: chrome, browserVersion: 90.0.4430.93, chrome: {chromedriverVersion: 90.0.4430.24 (4c6d850f087da..., userDataDir: /tmp/.com.google.Chrome.LF0xBP}, goog:chromeOptions: {debuggerAddress: localhost:39235}, javascriptEnabled: true, networkConnectionEnabled: false, pageLoadStrategy: normal, platform: LINUX, platformName: LINUX, proxy: Proxy(), setWindowRect: true, strictFileInteractability: false, timeouts: {implicit: 0, pageLoad: 300000, script: 30000}, unhandledPromptBehavior: dismiss and notify, webauthn:extension:largeBlob: true, webauthn:virtualAuthenticators: true}\nSession ID: 11603bf615844980dabce938f92d76dd\n*** Element info: {Using=xpath, value=//tr[./td[text()='cca2bbd7-7a6b-43b8-9fa5-1eda7ce75e71']]}\n\tat jdk.internal.reflect.GeneratedConstructorAccessor17.newInstance(Unknown Source)\n\tat java.base/jdk.internal.reflect.DelegatingConstructorAccessorImpl.newInstance(DelegatingConstructorAccessorImpl.java:45)\n\tat java.base/java.lang.reflect.Constructor.newInstanceWithCaller(Constructor.java:500)\n\tat java.base/java.lang.reflect.Constructor.newInstance(Constructor.java:481)\n\tat org.openqa.selenium.remote.http.W3CHttpResponseCodec.createException(W3CHttpResponseCodec.java:187)\n\tat org.openqa.selenium.remote.http.W3CHttpResponseCodec.decode(W3CHttpResponseCodec.java:122)\n\tat org.openqa.selenium.remote.http.W3CHttpResponseCodec.decode(W3CHttpResponseCodec.java:49)\n\tat org.openqa.selenium.remote.HttpCommandExecutor.execute(HttpCommandExecutor.java:158)\n\tat org.openqa.selenium.remote.service.DriverCommandExecutor.execute(DriverCommandExecutor.java:83)\n\tat org.openqa.selenium.remote.RemoteWebDriver.execute(RemoteWebDriver.java:552)\n\tat org.openqa.selenium.remote.RemoteWebDriver.findElement(RemoteWebDriver.java:323)\n\tat org.openqa.selenium.remote.RemoteWebDriver.findElementByXPath(RemoteWebDriver.java:428)\n\tat org.openqa.selenium.By$ByXPath.findElement(By.java:353)\n\tat org.openqa.selenium.remote.RemoteWebDriver.findElement(RemoteWebDriver.java:315)\n\tat com.codeborne.selenide.impl.WebElementSelector.findElement(WebElementSelector.java:59)\n\tat com.codeborne.selenide.impl.WebElementSelector.findElement(WebElementSelector.java:34)\n\tat com.codeborne.selenide.impl.ElementFinder.getWebElement(ElementFinder.java:104)\n\tat com.codeborne.selenide.impl.WebElementSource.checkCondition(WebElementSource.java:99)\n\t... 39 more\n",
    "steps" : [ {
      "name" : "Open create tab",
      "time" : {
        "start" : 1620744257316,
        "stop" : 1620744257483,
        "duration" : 167
      },
      "status" : "passed",
      "steps" : [ ],
      "attachments" : [ ],
      "parameters" : [ ],
      "stepsCount" : 0,
      "attachmentsCount" : 0,
      "shouldDisplayMessage" : false,
      "hasContent" : false
    }, {
      "name" : "Input new category",
      "time" : {
        "start" : 1620744257630,
        "stop" : 1620744258195,
        "duration" : 565
      },
      "status" : "passed",
      "steps" : [ {
        "name" : "Clear and send keys",
        "time" : {
          "start" : 1620744257708,
          "stop" : 1620744258195,
          "duration" : 487
        },
        "status" : "passed",
        "steps" : [ {
          "name" : "Clear input",
          "time" : {
            "start" : 1620744257802,
            "stop" : 1620744257863,
            "duration" : 61
          },
          "status" : "passed",
          "steps" : [ ],
          "attachments" : [ ],
          "parameters" : [ {
            "name" : "input",
            "value" : "<input autocomplete=\"on\" class=\"ant-input\" id=\"name\" type=\"text\" value></input>"
          } ],
          "stepsCount" : 0,
          "attachmentsCount" : 0,
          "shouldDisplayMessage" : false,
          "hasContent" : true
        } ],
        "attachments" : [ ],
        "parameters" : [ {
          "name" : "input",
          "value" : "<input autocomplete=\"on\" class=\"ant-input\" id=\"name\" type=\"text\" value></input>"
        }, {
          "name" : "keys",
          "value" : "cca2bbd7-7a6b-43b8-9fa5-1eda7ce75e71"
        } ],
        "stepsCount" : 1,
        "attachmentsCount" : 0,
        "shouldDisplayMessage" : false,
        "hasContent" : true
      } ],
      "attachments" : [ ],
      "parameters" : [ {
        "name" : "created",
        "value" : "dto.CategoryDTO@394331a8"
      } ],
      "stepsCount" : 2,
      "attachmentsCount" : 0,
      "shouldDisplayMessage" : false,
      "hasContent" : true
    }, {
      "name" : "Submit create",
      "time" : {
        "start" : 1620744258195,
        "stop" : 1620744258285,
        "duration" : 90
      },
      "status" : "passed",
      "steps" : [ ],
      "attachments" : [ ],
      "parameters" : [ ],
      "stepsCount" : 0,
      "attachmentsCount" : 0,
      "shouldDisplayMessage" : false,
      "hasContent" : false
    }, {
      "name" : "Get grid line",
      "time" : {
        "start" : 1620744258285,
        "stop" : 1620744258285,
        "duration" : 0
      },
      "status" : "passed",
      "steps" : [ ],
      "attachments" : [ ],
      "parameters" : [ {
        "name" : "key",
        "value" : "cca2bbd7-7a6b-43b8-9fa5-1eda7ce75e71"
      } ],
      "stepsCount" : 0,
      "attachmentsCount" : 0,
      "shouldDisplayMessage" : false,
      "hasContent" : true
    } ],
    "attachments" : [ {
      "uid" : "60d5153eba30d226",
      "name" : "Page screenshot",
      "source" : "60d5153eba30d226.png",
      "type" : "image/png",
      "size" : 52557
    }, {
      "uid" : "f14c4cb03388f66d",
      "name" : "testAddCategory",
      "source" : "f14c4cb03388f66d.txt",
      "type" : "test/plain",
      "size" : 15
    } ],
    "parameters" : [ ],
    "stepsCount" : 6,
    "attachmentsCount" : 2,
    "shouldDisplayMessage" : true,
    "hasContent" : true
  },
  "afterStages" : [ {
    "name" : "tearDown",
    "time" : {
      "start" : 1620744268938,
      "stop" : 1620744269011,
      "duration" : 73
    },
    "description" : "",
    "status" : "passed",
    "steps" : [ ],
    "attachments" : [ ],
    "parameters" : [ ],
    "stepsCount" : 0,
    "attachmentsCount" : 0,
    "shouldDisplayMessage" : false,
    "hasContent" : false
  } ],
  "labels" : [ {
    "name" : "package",
    "value" : "test.TestCategoryPage"
  }, {
    "name" : "testClass",
    "value" : "test.TestCategoryPage"
  }, {
    "name" : "testMethod",
    "value" : "testAddCategory"
  }, {
    "name" : "parentSuite",
    "value" : "Petland Admin"
  }, {
    "name" : "suite",
    "value" : "Category Page"
  }, {
    "name" : "subSuite",
    "value" : "test.TestCategoryPage"
  }, {
    "name" : "host",
    "value" : "fv-az173-805"
  }, {
    "name" : "thread",
    "value" : "3471@fv-az173-805.main(1)"
  }, {
    "name" : "framework",
    "value" : "testng"
  }, {
    "name" : "language",
    "value" : "java"
  }, {
    "name" : "story",
    "value" : "Admin can add category"
  }, {
    "name" : "resultFormat",
    "value" : "allure2"
  } ],
  "parameters" : [ ],
  "links" : [ ],
  "hidden" : false,
  "retry" : false,
  "extra" : {
    "severity" : "normal",
    "retries" : [ ],
    "categories" : [ {
      "name" : "Product defects",
      "matchedStatuses" : [ ],
      "flaky" : false
    } ],
    "history" : {
      "statistic" : {
        "failed" : 17,
        "broken" : 0,
        "skipped" : 1,
        "passed" : 2,
        "unknown" : 0,
        "total" : 20
      },
      "items" : [ {
        "uid" : "dc4591648ce16b4b",
        "reportUrl" : "https://randy102.github.io/petland-admin/68//#testresult/dc4591648ce16b4b",
        "status" : "failed",
        "statusDetails" : "Element not found {By.xpath: //tr[./td[text()='72a5b507-902c-4d25-99e7-47e27b1a5917']]}\nExpected: visible\nScreenshot: file:/home/runner/work/petland-admin/petland-admin/build/reports/tests/1620653634592.0.png\nPage source: file:/home/runner/work/petland-admin/petland-admin/build/reports/tests/1620653634592.0.html\nTimeout: 10 s.\nCaused by: NoSuchElementException: no such element: Unable to locate element: {\"method\":\"xpath\",\"selector\":\"//tr[./td[text()='72a5b507-902c-4d25-99e7-47e27b1a5917']]\"}",
        "time" : {
          "start" : 1620653623389,
          "stop" : 1620653634901,
          "duration" : 11512
        }
      }, {
        "uid" : "95050de864c72bf2",
        "reportUrl" : "https://randy102.github.io/petland-admin/13//#testresult/95050de864c72bf2",
        "status" : "failed",
        "statusDetails" : "Element not found {By.xpath: //tr[./td[text()='fa49e6c2-7b05-4d69-9e24-c0fdb8f4870e']]}\nExpected: visible\nScreenshot: file:/home/runner/work/petland-admin/petland-admin/build/reports/tests/1620653225821.0.png\nPage source: file:/home/runner/work/petland-admin/petland-admin/build/reports/tests/1620653225821.0.html\nTimeout: 10 s.\nCaused by: NoSuchElementException: no such element: Unable to locate element: {\"method\":\"xpath\",\"selector\":\"//tr[./td[text()='fa49e6c2-7b05-4d69-9e24-c0fdb8f4870e']]\"}",
        "time" : {
          "start" : 1620653214654,
          "stop" : 1620653226117,
          "duration" : 11463
        }
      }, {
        "uid" : "d685ed8859c3ef09",
        "reportUrl" : "https://randy102.github.io/petland-admin/67//#testresult/d685ed8859c3ef09",
        "status" : "failed",
        "statusDetails" : "Element not found {By.xpath: //tr[./td[text()='b64c6b5f-1aab-4270-bd78-a1788b62d91e']]}\nExpected: visible\nScreenshot: file:/home/runner/work/petland-admin/petland-admin/build/reports/tests/1620458397020.0.png\nPage source: file:/home/runner/work/petland-admin/petland-admin/build/reports/tests/1620458397020.0.html\nTimeout: 10 s.\nCaused by: NoSuchElementException: no such element: Unable to locate element: {\"method\":\"xpath\",\"selector\":\"//tr[./td[text()='b64c6b5f-1aab-4270-bd78-a1788b62d91e']]\"}",
        "time" : {
          "start" : 1620458386131,
          "stop" : 1620458397320,
          "duration" : 11189
        }
      }, {
        "uid" : "9400727e11d3e0f",
        "reportUrl" : "https://randy102.github.io/petland-admin/12//#testresult/9400727e11d3e0f",
        "status" : "failed",
        "statusDetails" : "Element not found {By.xpath: //tr[./td[text()='84c37716-5165-4352-b176-46ec4a2b430b']]}\nExpected: visible\nScreenshot: file:/home/runner/work/petland-admin/petland-admin/build/reports/tests/1620457900135.0.png\nPage source: file:/home/runner/work/petland-admin/petland-admin/build/reports/tests/1620457900135.0.html\nTimeout: 10 s.\nCaused by: NoSuchElementException: no such element: Unable to locate element: {\"method\":\"xpath\",\"selector\":\"//tr[./td[text()='84c37716-5165-4352-b176-46ec4a2b430b']]\"}",
        "time" : {
          "start" : 1620457889150,
          "stop" : 1620457900439,
          "duration" : 11289
        }
      }, {
        "uid" : "fb1d22da9701f61a",
        "reportUrl" : "https://randy102.github.io/petland-admin/66//#testresult/fb1d22da9701f61a",
        "status" : "failed",
        "statusDetails" : "Element not found {By.xpath: //tr[./td[text()='9289ad21-cc0f-409b-961e-dfa842e73aeb']]}\nExpected: visible\nScreenshot: file:/home/runner/work/petland-admin/petland-admin/build/reports/tests/1620457749294.0.png\nPage source: file:/home/runner/work/petland-admin/petland-admin/build/reports/tests/1620457749294.0.html\nTimeout: 10 s.\nCaused by: NoSuchElementException: no such element: Unable to locate element: {\"method\":\"xpath\",\"selector\":\"//tr[./td[text()='9289ad21-cc0f-409b-961e-dfa842e73aeb']]\"}",
        "time" : {
          "start" : 1620457738266,
          "stop" : 1620457749587,
          "duration" : 11321
        }
      }, {
        "uid" : "12fff746d41c02cd",
        "reportUrl" : "https://randy102.github.io/petland-admin/11//#testresult/12fff746d41c02cd",
        "status" : "failed",
        "statusDetails" : "Element not found {By.xpath: //tr[./td[text()='b0a2ce0f-cab7-41f0-b350-bb95e6682ccd']]}\nExpected: visible\nScreenshot: file:/home/runner/work/petland-admin/petland-admin/build/reports/tests/1620457297061.0.png\nPage source: file:/home/runner/work/petland-admin/petland-admin/build/reports/tests/1620457297061.0.html\nTimeout: 10 s.\nCaused by: NoSuchElementException: no such element: Unable to locate element: {\"method\":\"xpath\",\"selector\":\"//tr[./td[text()='b0a2ce0f-cab7-41f0-b350-bb95e6682ccd']]\"}",
        "time" : {
          "start" : 1620457286024,
          "stop" : 1620457297321,
          "duration" : 11297
        }
      }, {
        "uid" : "a96cbed19858a526",
        "reportUrl" : "https://randy102.github.io/petland-admin/65//#testresult/a96cbed19858a526",
        "status" : "failed",
        "statusDetails" : "Element not found {By.xpath: //tr[./td[text()='2afe9d24-0c59-45d5-bb54-1edc554c75e9']]}\nExpected: visible\nScreenshot: file:/home/runner/work/petland-admin/petland-admin/build/reports/tests/1620210780463.0.png\nPage source: file:/home/runner/work/petland-admin/petland-admin/build/reports/tests/1620210780463.0.html\nTimeout: 10 s.\nCaused by: NoSuchElementException: no such element: Unable to locate element: {\"method\":\"xpath\",\"selector\":\"//tr[./td[text()='2afe9d24-0c59-45d5-bb54-1edc554c75e9']]\"}",
        "time" : {
          "start" : 1620210769515,
          "stop" : 1620210780741,
          "duration" : 11226
        }
      }, {
        "uid" : "c2923b749524e291",
        "reportUrl" : "https://randy102.github.io/petland-admin/10//#testresult/c2923b749524e291",
        "status" : "failed",
        "statusDetails" : "Element not found {By.xpath: //tr[./td[text()='f437f4de-331a-45f4-8da2-4762b131ec61']]}\nExpected: visible\nScreenshot: file:/home/runner/work/petland-admin/petland-admin/build/reports/tests/1620204810491.0.png\nPage source: file:/home/runner/work/petland-admin/petland-admin/build/reports/tests/1620204810491.0.html\nTimeout: 10 s.\nCaused by: NoSuchElementException: no such element: Unable to locate element: {\"method\":\"xpath\",\"selector\":\"//tr[./td[text()='f437f4de-331a-45f4-8da2-4762b131ec61']]\"}",
        "time" : {
          "start" : 1620204799505,
          "stop" : 1620204810738,
          "duration" : 11233
        }
      }, {
        "uid" : "506b30350f08b8ae",
        "reportUrl" : "https://randy102.github.io/petland-admin/9//#testresult/506b30350f08b8ae",
        "status" : "failed",
        "statusDetails" : "Element not found {By.xpath: //tr[./td[text()='90267cf5-90ae-4053-9e92-8cd66528b163']]}\nExpected: visible\nScreenshot: file:/home/runner/work/petland-admin/petland-admin/build/reports/tests/1620197232472.0.png\nPage source: file:/home/runner/work/petland-admin/petland-admin/build/reports/tests/1620197232472.0.html\nTimeout: 10 s.\nCaused by: NoSuchElementException: no such element: Unable to locate element: {\"method\":\"xpath\",\"selector\":\"//tr[./td[text()='90267cf5-90ae-4053-9e92-8cd66528b163']]\"}",
        "time" : {
          "start" : 1620197221378,
          "stop" : 1620197232758,
          "duration" : 11380
        }
      }, {
        "uid" : "e348956eb4e064ae",
        "reportUrl" : "https://randy102.github.io/petland-admin/8//#testresult/e348956eb4e064ae",
        "status" : "failed",
        "statusDetails" : "Element not found {By.xpath: //tr[./td[text()='c55bff99-4cc4-4048-8d58-8cdd1abab2f5']]}\nExpected: visible\nScreenshot: file:/home/runner/work/petland-admin/petland-admin/build/reports/tests/1620196844866.0.png\nPage source: file:/home/runner/work/petland-admin/petland-admin/build/reports/tests/1620196844866.0.html\nTimeout: 10 s.\nCaused by: NoSuchElementException: no such element: Unable to locate element: {\"method\":\"xpath\",\"selector\":\"//tr[./td[text()='c55bff99-4cc4-4048-8d58-8cdd1abab2f5']]\"}",
        "time" : {
          "start" : 1620196834074,
          "stop" : 1620196845134,
          "duration" : 11060
        }
      }, {
        "uid" : "88601d98794600b4",
        "reportUrl" : "https://randy102.github.io/petland-admin/61//#testresult/88601d98794600b4",
        "status" : "failed",
        "statusDetails" : "Element not found {By.xpath: //tr[./td[text()='51863128-1137-480f-8bac-d3f73cd9b89c']]}\nExpected: visible\nScreenshot: file:/home/runner/work/petland-admin/petland-admin/build/reports/tests/1620030086862.0.png\nPage source: file:/home/runner/work/petland-admin/petland-admin/build/reports/tests/1620030086862.0.html\nTimeout: 10 s.\nCaused by: NoSuchElementException: no such element: Unable to locate element: {\"method\":\"xpath\",\"selector\":\"//tr[./td[text()='51863128-1137-480f-8bac-d3f73cd9b89c']]\"}",
        "time" : {
          "start" : 1620030076040,
          "stop" : 1620030087126,
          "duration" : 11086
        }
      }, {
        "uid" : "5b3e0bd10db3ce2f",
        "reportUrl" : "https://randy102.github.io/petland-admin/7//#testresult/5b3e0bd10db3ce2f",
        "status" : "skipped",
        "statusDetails" : "timeout: Timed out receiving message from renderer: -0.000\n  (Session info: headless chrome=90.0.4430.85)\nBuild info: version: '3.141.59', revision: 'e82be7d358', time: '2018-11-14T08:17:03'\nSystem info: host: 'fv-az231-191', ip: '10.1.0.93', os.name: 'Linux', os.arch: 'amd64', os.version: '5.4.0-1046-azure', java.version: '15.0.3'\nDriver info: org.openqa.selenium.chrome.ChromeDriver\nselenide.url: https://petland-admin.herokuapp.com//login\nCapabilities {acceptInsecureCerts: true, browserName: chrome, browserVersion: 90.0.4430.85, chrome: {chromedriverVersion: 90.0.4430.24 (4c6d850f087da..., userDataDir: /tmp/.com.google.Chrome.JZ8Rjf}, goog:chromeOptions: {debuggerAddress: localhost:39485}, javascriptEnabled: true, networkConnectionEnabled: false, pageLoadStrategy: normal, platform: LINUX, platformName: LINUX, proxy: Proxy(), setWindowRect: true, strictFileInteractability: false, timeouts: {implicit: 0, pageLoad: 300000, script: 30000}, unhandledPromptBehavior: dismiss and notify, webauthn:extension:largeBlob: true, webauthn:virtualAuthenticators: true}\nselenide.baseUrl: https://petland-admin.herokuapp.com/\nSession ID: 6163b9aeff969df94389055026aaf883",
        "time" : {
          "start" : 1620029619843,
          "stop" : 1620029619845,
          "duration" : 2
        }
      }, {
        "uid" : "c2dcd09eda7c66b0",
        "reportUrl" : "https://randy102.github.io/petland-admin/6//#testresult/c2dcd09eda7c66b0",
        "status" : "failed",
        "statusDetails" : "Element not found {By.xpath: //tr[./td[text()='67742e0e-d020-432e-9cfd-6e98083d7d59']]}\nExpected: visible\nScreenshot: file:/home/runner/work/petland-admin/petland-admin/build/reports/tests/1619873185659.0.png\nPage source: file:/home/runner/work/petland-admin/petland-admin/build/reports/tests/1619873185659.0.html\nTimeout: 10 s.\nCaused by: NoSuchElementException: no such element: Unable to locate element: {\"method\":\"xpath\",\"selector\":\"//tr[./td[text()='67742e0e-d020-432e-9cfd-6e98083d7d59']]\"}",
        "time" : {
          "start" : 1619873174561,
          "stop" : 1619873185933,
          "duration" : 11372
        }
      }, {
        "uid" : "3f368e27938a5722",
        "reportUrl" : "https://randy102.github.io/petland-admin/5//#testresult/3f368e27938a5722",
        "status" : "passed",
        "time" : {
          "start" : 1619872042140,
          "stop" : 1619872043042,
          "duration" : 902
        }
      }, {
        "uid" : "3053950c43103010",
        "reportUrl" : "https://randy102.github.io/petland-admin/4//#testresult/3053950c43103010",
        "status" : "passed",
        "time" : {
          "start" : 1619871758357,
          "stop" : 1619871759338,
          "duration" : 981
        }
      }, {
        "uid" : "c0176c8cf45a186f",
        "reportUrl" : "https://randy102.github.io/petland-admin/3//#testresult/c0176c8cf45a186f",
        "status" : "failed",
        "statusDetails" : "Element not found {By.xpath: //tr[./td[text()='b8bdef20-4bfc-4cbf-bfb5-f23354980418']]}\nExpected: visible\nScreenshot: file:/home/runner/work/petland-admin/petland-admin/build/reports/tests/1619869195743.0.png\nPage source: file:/home/runner/work/petland-admin/petland-admin/build/reports/tests/1619869195743.0.html\nTimeout: 10 s.\nCaused by: NoSuchElementException: no such element: Unable to locate element: {\"method\":\"xpath\",\"selector\":\"//tr[./td[text()='b8bdef20-4bfc-4cbf-bfb5-f23354980418']]\"}",
        "time" : {
          "start" : 1619869184624,
          "stop" : 1619869195930,
          "duration" : 11306
        }
      }, {
        "uid" : "6af7b997dc34f4ce",
        "reportUrl" : "https://randy102.github.io/petland-admin/60//#testresult/6af7b997dc34f4ce",
        "status" : "failed",
        "statusDetails" : "Element not found {By.xpath: //tr[./td[text()='28e8e8fd-31b5-463d-836c-e7d045789e2b']]}\nExpected: visible\nScreenshot: file:/home/runner/work/petland-admin/petland-admin/build/reports/tests/1619866729557.0.png\nPage source: file:/home/runner/work/petland-admin/petland-admin/build/reports/tests/1619866729557.0.html\nTimeout: 10 s.\nCaused by: NoSuchElementException: no such element: Unable to locate element: {\"method\":\"xpath\",\"selector\":\"//tr[./td[text()='28e8e8fd-31b5-463d-836c-e7d045789e2b']]\"}",
        "time" : {
          "start" : 1619866718463,
          "stop" : 1619866729742,
          "duration" : 11279
        }
      }, {
        "uid" : "dfc11d6863c5e641",
        "reportUrl" : "https://randy102.github.io/petland-admin/2//#testresult/dfc11d6863c5e641",
        "status" : "failed",
        "statusDetails" : "Element not found {By.xpath: //tr[./td[text()='38eb0fc4-5b55-4046-bffb-9d2791de1791']]}\nExpected: visible\nScreenshot: file:/home/runner/work/petland-admin/petland-admin/build/reports/tests/1619866711199.0.png\nPage source: file:/home/runner/work/petland-admin/petland-admin/build/reports/tests/1619866711199.0.html\nTimeout: 10 s.\nCaused by: NoSuchElementException: no such element: Unable to locate element: {\"method\":\"xpath\",\"selector\":\"//tr[./td[text()='38eb0fc4-5b55-4046-bffb-9d2791de1791']]\"}",
        "time" : {
          "start" : 1619866700061,
          "stop" : 1619866711377,
          "duration" : 11316
        }
      }, {
        "uid" : "3d41d60dd55d1815",
        "reportUrl" : "https://randy102.github.io/petland-admin/59//#testresult/3d41d60dd55d1815",
        "status" : "failed",
        "statusDetails" : "Element not found {By.xpath: //tr[./td[text()='cd232f88-7492-41de-a3ad-46da59133316']]}\nExpected: visible\nScreenshot: file:/home/runner/work/petland-admin/petland-admin/build/reports/tests/1619865655831.0.png\nPage source: file:/home/runner/work/petland-admin/petland-admin/build/reports/tests/1619865655831.0.html\nTimeout: 10 s.\nCaused by: NoSuchElementException: no such element: Unable to locate element: {\"method\":\"xpath\",\"selector\":\"//tr[./td[text()='cd232f88-7492-41de-a3ad-46da59133316']]\"}",
        "time" : {
          "start" : 1619865644644,
          "stop" : 1619865656016,
          "duration" : 11372
        }
      } ]
    },
    "tags" : [ ]
  },
  "source" : "3d6db72b36c6f1cd.json",
  "parameterValues" : [ ]
}