{
  "uid" : "34f5863f96f77f8e",
  "name" : "testDeleteCategory",
  "fullName" : "test.TestCategoryPage.testDeleteCategory",
  "historyId" : "82fe6afb3306d87fe53980dfcb8efee9",
  "time" : {
    "start" : 1619862261070,
    "stop" : 1619862271396,
    "duration" : 10326
  },
  "status" : "failed",
  "statusMessage" : "Element not found {By.xpath: //tr[./td[text()='4cbbba08-c194-41c8-a718-d2c28bb86a54']]}\nExpected: exist\nScreenshot: file:/home/runner/work/petland-admin/petland-admin/build/reports/tests/1619862271256.4.png\nPage source: file:/home/runner/work/petland-admin/petland-admin/build/reports/tests/1619862271256.4.html\nTimeout: 10 s.\nCaused by: NoSuchElementException: no such element: Unable to locate element: {\"method\":\"xpath\",\"selector\":\"//tr[./td[text()='4cbbba08-c194-41c8-a718-d2c28bb86a54']]\"}",
  "statusTrace" : "Element not found {By.xpath: //tr[./td[text()='4cbbba08-c194-41c8-a718-d2c28bb86a54']]}\nExpected: exist\nScreenshot: file:/home/runner/work/petland-admin/petland-admin/build/reports/tests/1619862271256.4.png\nPage source: file:/home/runner/work/petland-admin/petland-admin/build/reports/tests/1619862271256.4.html\nTimeout: 10 s.\nCaused by: NoSuchElementException: no such element: Unable to locate element: {\"method\":\"xpath\",\"selector\":\"//tr[./td[text()='4cbbba08-c194-41c8-a718-d2c28bb86a54']]\"}\n\tat com.codeborne.selenide.impl.WebElementSource.createElementNotFoundError(WebElementSource.java:83)\n\tat com.codeborne.selenide.impl.ElementFinder.createElementNotFoundError(ElementFinder.java:136)\n\tat com.codeborne.selenide.impl.WebElementSource.checkCondition(WebElementSource.java:114)\n\tat com.codeborne.selenide.commands.Should.execute(Should.java:30)\n\tat com.codeborne.selenide.commands.Should.execute(Should.java:14)\n\tat com.codeborne.selenide.commands.Commands.execute(Commands.java:155)\n\tat com.codeborne.selenide.impl.SelenideElementProxy.dispatchAndRetry(SelenideElementProxy.java:133)\n\tat com.codeborne.selenide.impl.SelenideElementProxy.invoke(SelenideElementProxy.java:85)\n\tat com.sun.proxy.$Proxy19.should(Unknown Source)\n\tat com.codeborne.selenide.impl.ElementFinder.createElementNotFoundError(ElementFinder.java:130)\n\tat com.codeborne.selenide.impl.WebElementSource.checkCondition(WebElementSource.java:114)\n\tat com.codeborne.selenide.impl.WebElementSource.findAndAssertElementIsInteractable(WebElementSource.java:139)\n\tat com.codeborne.selenide.commands.Click.execute(Click.java:24)\n\tat com.codeborne.selenide.commands.Click.execute(Click.java:16)\n\tat com.codeborne.selenide.commands.Commands.execute(Commands.java:155)\n\tat com.codeborne.selenide.impl.SelenideElementProxy.dispatchAndRetry(SelenideElementProxy.java:133)\n\tat com.codeborne.selenide.impl.SelenideElementProxy.invoke(SelenideElementProxy.java:85)\n\tat com.sun.proxy.$Proxy19.click(Unknown Source)\n\tat pages.BasePage.checkLine(BasePage.java:58)\n\tat test.TestCategoryPage.testDeleteCategory(TestCategoryPage.java:50)\n\tat java.base/jdk.internal.reflect.NativeMethodAccessorImpl.invoke0(Native Method)\n\tat java.base/jdk.internal.reflect.NativeMethodAccessorImpl.invoke(NativeMethodAccessorImpl.java:64)\n\tat java.base/jdk.internal.reflect.DelegatingMethodAccessorImpl.invoke(DelegatingMethodAccessorImpl.java:43)\n\tat java.base/java.lang.reflect.Method.invoke(Method.java:564)\n\tat org.testng.internal.MethodInvocationHelper.invokeMethod(MethodInvocationHelper.java:134)\n\tat org.testng.internal.TestInvoker.invokeMethod(TestInvoker.java:597)\n\tat org.testng.internal.TestInvoker.invokeTestMethod(TestInvoker.java:173)\n\tat org.testng.internal.MethodRunner.runInSequence(MethodRunner.java:46)\n\tat org.testng.internal.TestInvoker$MethodInvocationAgent.invoke(TestInvoker.java:816)\n\tat org.testng.internal.TestInvoker.invokeTestMethods(TestInvoker.java:146)\n\tat org.testng.internal.TestMethodWorker.invokeTestMethods(TestMethodWorker.java:146)\n\tat org.testng.internal.TestMethodWorker.run(TestMethodWorker.java:128)\n\tat java.base/java.util.ArrayList.forEach(ArrayList.java:1511)\n\tat org.testng.TestRunner.privateRun(TestRunner.java:766)\n\tat org.testng.TestRunner.run(TestRunner.java:587)\n\tat org.testng.SuiteRunner.runTest(SuiteRunner.java:384)\n\tat org.testng.SuiteRunner.runSequentially(SuiteRunner.java:378)\n\tat org.testng.SuiteRunner.privateRun(SuiteRunner.java:337)\n\tat org.testng.SuiteRunner.run(SuiteRunner.java:286)\n\tat org.testng.SuiteRunnerWorker.runSuite(SuiteRunnerWorker.java:53)\n\tat org.testng.SuiteRunnerWorker.run(SuiteRunnerWorker.java:96)\n\tat org.testng.TestNG.runSuitesSequentially(TestNG.java:1187)\n\tat org.testng.TestNG.runSuitesLocally(TestNG.java:1109)\n\tat org.testng.TestNG.runSuites(TestNG.java:1039)\n\tat org.testng.TestNG.run(TestNG.java:1007)\n\tat org.apache.maven.surefire.testng.TestNGExecutor.run(TestNGExecutor.java:283)\n\tat org.apache.maven.surefire.testng.TestNGXmlTestSuite.execute(TestNGXmlTestSuite.java:75)\n\tat org.apache.maven.surefire.testng.TestNGProvider.invoke(TestNGProvider.java:120)\n\tat org.apache.maven.surefire.booter.ForkedBooter.invokeProviderInSameClassLoader(ForkedBooter.java:384)\n\tat org.apache.maven.surefire.booter.ForkedBooter.runSuitesInProcess(ForkedBooter.java:345)\n\tat org.apache.maven.surefire.booter.ForkedBooter.execute(ForkedBooter.java:126)\n\tat org.apache.maven.surefire.booter.ForkedBooter.main(ForkedBooter.java:418)\nCaused by: org.openqa.selenium.NoSuchElementException: no such element: Unable to locate element: {\"method\":\"xpath\",\"selector\":\"//tr[./td[text()='4cbbba08-c194-41c8-a718-d2c28bb86a54']]\"}\n  (Session info: headless chrome=90.0.4430.85)\nFor documentation on this error, please visit: https://www.seleniumhq.org/exceptions/no_such_element.html\nBuild info: version: '3.141.59', revision: 'e82be7d358', time: '2018-11-14T08:17:03'\nSystem info: host: 'fv-az129-152', ip: '10.1.1.212', os.name: 'Linux', os.arch: 'amd64', os.version: '5.4.0-1046-azure', java.version: '15.0.3'\nDriver info: org.openqa.selenium.chrome.ChromeDriver\nCapabilities {acceptInsecureCerts: true, browserName: chrome, browserVersion: 90.0.4430.85, chrome: {chromedriverVersion: 90.0.4430.24 (4c6d850f087da..., userDataDir: /tmp/.com.google.Chrome.iwx4Fk}, goog:chromeOptions: {debuggerAddress: localhost:35265}, javascriptEnabled: true, networkConnectionEnabled: false, pageLoadStrategy: normal, platform: LINUX, platformName: LINUX, proxy: Proxy(), setWindowRect: true, strictFileInteractability: false, timeouts: {implicit: 0, pageLoad: 300000, script: 30000}, unhandledPromptBehavior: dismiss and notify, webauthn:extension:largeBlob: true, webauthn:virtualAuthenticators: true}\nSession ID: 4ba41943c44837cc8a4d615a2a7d8678\n*** Element info: {Using=xpath, value=//tr[./td[text()='4cbbba08-c194-41c8-a718-d2c28bb86a54']]}\n\tat jdk.internal.reflect.GeneratedConstructorAccessor17.newInstance(Unknown Source)\n\tat java.base/jdk.internal.reflect.DelegatingConstructorAccessorImpl.newInstance(DelegatingConstructorAccessorImpl.java:45)\n\tat java.base/java.lang.reflect.Constructor.newInstanceWithCaller(Constructor.java:500)\n\tat java.base/java.lang.reflect.Constructor.newInstance(Constructor.java:481)\n\tat org.openqa.selenium.remote.http.W3CHttpResponseCodec.createException(W3CHttpResponseCodec.java:187)\n\tat org.openqa.selenium.remote.http.W3CHttpResponseCodec.decode(W3CHttpResponseCodec.java:122)\n\tat org.openqa.selenium.remote.http.W3CHttpResponseCodec.decode(W3CHttpResponseCodec.java:49)\n\tat org.openqa.selenium.remote.HttpCommandExecutor.execute(HttpCommandExecutor.java:158)\n\tat org.openqa.selenium.remote.service.DriverCommandExecutor.execute(DriverCommandExecutor.java:83)\n\tat org.openqa.selenium.remote.RemoteWebDriver.execute(RemoteWebDriver.java:552)\n\tat org.openqa.selenium.remote.RemoteWebDriver.findElement(RemoteWebDriver.java:323)\n\tat org.openqa.selenium.remote.RemoteWebDriver.findElementByXPath(RemoteWebDriver.java:428)\n\tat org.openqa.selenium.By$ByXPath.findElement(By.java:353)\n\tat org.openqa.selenium.remote.RemoteWebDriver.findElement(RemoteWebDriver.java:315)\n\tat com.codeborne.selenide.impl.WebElementSelector.findElement(WebElementSelector.java:59)\n\tat com.codeborne.selenide.impl.WebElementSelector.findElement(WebElementSelector.java:34)\n\tat com.codeborne.selenide.impl.ElementFinder.getWebElement(ElementFinder.java:104)\n\tat com.codeborne.selenide.impl.WebElementSource.checkCondition(WebElementSource.java:99)\n\t... 49 more\n",
  "flaky" : false,
  "newFailed" : false,
  "beforeStages" : [ {
    "name" : "setup",
    "time" : {
      "start" : 1619862233577,
      "stop" : 1619862233577,
      "duration" : 0
    },
    "description" : "",
    "status" : "passed",
    "steps" : [ ],
    "attachments" : [ ],
    "parameters" : [ ],
    "stepsCount" : 0,
    "attachmentsCount" : 0,
    "shouldDisplayMessage" : false,
    "hasContent" : false
  }, {
    "name" : "openPage",
    "time" : {
      "start" : 1619862259283,
      "stop" : 1619862261069,
      "duration" : 1786
    },
    "description" : "",
    "status" : "passed",
    "steps" : [ {
      "name" : "Open category page",
      "time" : {
        "start" : 1619862259284,
        "stop" : 1619862261069,
        "duration" : 1785
      },
      "status" : "passed",
      "steps" : [ {
        "name" : "Login with Admin",
        "time" : {
          "start" : 1619862259284,
          "stop" : 1619862260722,
          "duration" : 1438
        },
        "status" : "passed",
        "steps" : [ {
          "name" : "Open login page",
          "time" : {
            "start" : 1619862260319,
            "stop" : 1619862260722,
            "duration" : 403
          },
          "status" : "passed",
          "steps" : [ ],
          "attachments" : [ ],
          "parameters" : [ ],
          "stepsCount" : 0,
          "attachmentsCount" : 0,
          "shouldDisplayMessage" : false,
          "hasContent" : false
        } ],
        "attachments" : [ ],
        "parameters" : [ ],
        "stepsCount" : 1,
        "attachmentsCount" : 0,
        "shouldDisplayMessage" : false,
        "hasContent" : true
      } ],
      "attachments" : [ ],
      "parameters" : [ ],
      "stepsCount" : 2,
      "attachmentsCount" : 0,
      "shouldDisplayMessage" : false,
      "hasContent" : true
    } ],
    "attachments" : [ ],
    "parameters" : [ ],
    "stepsCount" : 3,
    "attachmentsCount" : 0,
    "shouldDisplayMessage" : false,
    "hasContent" : true
  } ],
  "testStage" : {
    "status" : "failed",
    "statusMessage" : "Element not found {By.xpath: //tr[./td[text()='4cbbba08-c194-41c8-a718-d2c28bb86a54']]}\nExpected: exist\nScreenshot: file:/home/runner/work/petland-admin/petland-admin/build/reports/tests/1619862271256.4.png\nPage source: file:/home/runner/work/petland-admin/petland-admin/build/reports/tests/1619862271256.4.html\nTimeout: 10 s.\nCaused by: NoSuchElementException: no such element: Unable to locate element: {\"method\":\"xpath\",\"selector\":\"//tr[./td[text()='4cbbba08-c194-41c8-a718-d2c28bb86a54']]\"}",
    "statusTrace" : "Element not found {By.xpath: //tr[./td[text()='4cbbba08-c194-41c8-a718-d2c28bb86a54']]}\nExpected: exist\nScreenshot: file:/home/runner/work/petland-admin/petland-admin/build/reports/tests/1619862271256.4.png\nPage source: file:/home/runner/work/petland-admin/petland-admin/build/reports/tests/1619862271256.4.html\nTimeout: 10 s.\nCaused by: NoSuchElementException: no such element: Unable to locate element: {\"method\":\"xpath\",\"selector\":\"//tr[./td[text()='4cbbba08-c194-41c8-a718-d2c28bb86a54']]\"}\n\tat com.codeborne.selenide.impl.WebElementSource.createElementNotFoundError(WebElementSource.java:83)\n\tat com.codeborne.selenide.impl.ElementFinder.createElementNotFoundError(ElementFinder.java:136)\n\tat com.codeborne.selenide.impl.WebElementSource.checkCondition(WebElementSource.java:114)\n\tat com.codeborne.selenide.commands.Should.execute(Should.java:30)\n\tat com.codeborne.selenide.commands.Should.execute(Should.java:14)\n\tat com.codeborne.selenide.commands.Commands.execute(Commands.java:155)\n\tat com.codeborne.selenide.impl.SelenideElementProxy.dispatchAndRetry(SelenideElementProxy.java:133)\n\tat com.codeborne.selenide.impl.SelenideElementProxy.invoke(SelenideElementProxy.java:85)\n\tat com.sun.proxy.$Proxy19.should(Unknown Source)\n\tat com.codeborne.selenide.impl.ElementFinder.createElementNotFoundError(ElementFinder.java:130)\n\tat com.codeborne.selenide.impl.WebElementSource.checkCondition(WebElementSource.java:114)\n\tat com.codeborne.selenide.impl.WebElementSource.findAndAssertElementIsInteractable(WebElementSource.java:139)\n\tat com.codeborne.selenide.commands.Click.execute(Click.java:24)\n\tat com.codeborne.selenide.commands.Click.execute(Click.java:16)\n\tat com.codeborne.selenide.commands.Commands.execute(Commands.java:155)\n\tat com.codeborne.selenide.impl.SelenideElementProxy.dispatchAndRetry(SelenideElementProxy.java:133)\n\tat com.codeborne.selenide.impl.SelenideElementProxy.invoke(SelenideElementProxy.java:85)\n\tat com.sun.proxy.$Proxy19.click(Unknown Source)\n\tat pages.BasePage.checkLine(BasePage.java:58)\n\tat test.TestCategoryPage.testDeleteCategory(TestCategoryPage.java:50)\n\tat java.base/jdk.internal.reflect.NativeMethodAccessorImpl.invoke0(Native Method)\n\tat java.base/jdk.internal.reflect.NativeMethodAccessorImpl.invoke(NativeMethodAccessorImpl.java:64)\n\tat java.base/jdk.internal.reflect.DelegatingMethodAccessorImpl.invoke(DelegatingMethodAccessorImpl.java:43)\n\tat java.base/java.lang.reflect.Method.invoke(Method.java:564)\n\tat org.testng.internal.MethodInvocationHelper.invokeMethod(MethodInvocationHelper.java:134)\n\tat org.testng.internal.TestInvoker.invokeMethod(TestInvoker.java:597)\n\tat org.testng.internal.TestInvoker.invokeTestMethod(TestInvoker.java:173)\n\tat org.testng.internal.MethodRunner.runInSequence(MethodRunner.java:46)\n\tat org.testng.internal.TestInvoker$MethodInvocationAgent.invoke(TestInvoker.java:816)\n\tat org.testng.internal.TestInvoker.invokeTestMethods(TestInvoker.java:146)\n\tat org.testng.internal.TestMethodWorker.invokeTestMethods(TestMethodWorker.java:146)\n\tat org.testng.internal.TestMethodWorker.run(TestMethodWorker.java:128)\n\tat java.base/java.util.ArrayList.forEach(ArrayList.java:1511)\n\tat org.testng.TestRunner.privateRun(TestRunner.java:766)\n\tat org.testng.TestRunner.run(TestRunner.java:587)\n\tat org.testng.SuiteRunner.runTest(SuiteRunner.java:384)\n\tat org.testng.SuiteRunner.runSequentially(SuiteRunner.java:378)\n\tat org.testng.SuiteRunner.privateRun(SuiteRunner.java:337)\n\tat org.testng.SuiteRunner.run(SuiteRunner.java:286)\n\tat org.testng.SuiteRunnerWorker.runSuite(SuiteRunnerWorker.java:53)\n\tat org.testng.SuiteRunnerWorker.run(SuiteRunnerWorker.java:96)\n\tat org.testng.TestNG.runSuitesSequentially(TestNG.java:1187)\n\tat org.testng.TestNG.runSuitesLocally(TestNG.java:1109)\n\tat org.testng.TestNG.runSuites(TestNG.java:1039)\n\tat org.testng.TestNG.run(TestNG.java:1007)\n\tat org.apache.maven.surefire.testng.TestNGExecutor.run(TestNGExecutor.java:283)\n\tat org.apache.maven.surefire.testng.TestNGXmlTestSuite.execute(TestNGXmlTestSuite.java:75)\n\tat org.apache.maven.surefire.testng.TestNGProvider.invoke(TestNGProvider.java:120)\n\tat org.apache.maven.surefire.booter.ForkedBooter.invokeProviderInSameClassLoader(ForkedBooter.java:384)\n\tat org.apache.maven.surefire.booter.ForkedBooter.runSuitesInProcess(ForkedBooter.java:345)\n\tat org.apache.maven.surefire.booter.ForkedBooter.execute(ForkedBooter.java:126)\n\tat org.apache.maven.surefire.booter.ForkedBooter.main(ForkedBooter.java:418)\nCaused by: org.openqa.selenium.NoSuchElementException: no such element: Unable to locate element: {\"method\":\"xpath\",\"selector\":\"//tr[./td[text()='4cbbba08-c194-41c8-a718-d2c28bb86a54']]\"}\n  (Session info: headless chrome=90.0.4430.85)\nFor documentation on this error, please visit: https://www.seleniumhq.org/exceptions/no_such_element.html\nBuild info: version: '3.141.59', revision: 'e82be7d358', time: '2018-11-14T08:17:03'\nSystem info: host: 'fv-az129-152', ip: '10.1.1.212', os.name: 'Linux', os.arch: 'amd64', os.version: '5.4.0-1046-azure', java.version: '15.0.3'\nDriver info: org.openqa.selenium.chrome.ChromeDriver\nCapabilities {acceptInsecureCerts: true, browserName: chrome, browserVersion: 90.0.4430.85, chrome: {chromedriverVersion: 90.0.4430.24 (4c6d850f087da..., userDataDir: /tmp/.com.google.Chrome.iwx4Fk}, goog:chromeOptions: {debuggerAddress: localhost:35265}, javascriptEnabled: true, networkConnectionEnabled: false, pageLoadStrategy: normal, platform: LINUX, platformName: LINUX, proxy: Proxy(), setWindowRect: true, strictFileInteractability: false, timeouts: {implicit: 0, pageLoad: 300000, script: 30000}, unhandledPromptBehavior: dismiss and notify, webauthn:extension:largeBlob: true, webauthn:virtualAuthenticators: true}\nSession ID: 4ba41943c44837cc8a4d615a2a7d8678\n*** Element info: {Using=xpath, value=//tr[./td[text()='4cbbba08-c194-41c8-a718-d2c28bb86a54']]}\n\tat jdk.internal.reflect.GeneratedConstructorAccessor17.newInstance(Unknown Source)\n\tat java.base/jdk.internal.reflect.DelegatingConstructorAccessorImpl.newInstance(DelegatingConstructorAccessorImpl.java:45)\n\tat java.base/java.lang.reflect.Constructor.newInstanceWithCaller(Constructor.java:500)\n\tat java.base/java.lang.reflect.Constructor.newInstance(Constructor.java:481)\n\tat org.openqa.selenium.remote.http.W3CHttpResponseCodec.createException(W3CHttpResponseCodec.java:187)\n\tat org.openqa.selenium.remote.http.W3CHttpResponseCodec.decode(W3CHttpResponseCodec.java:122)\n\tat org.openqa.selenium.remote.http.W3CHttpResponseCodec.decode(W3CHttpResponseCodec.java:49)\n\tat org.openqa.selenium.remote.HttpCommandExecutor.execute(HttpCommandExecutor.java:158)\n\tat org.openqa.selenium.remote.service.DriverCommandExecutor.execute(DriverCommandExecutor.java:83)\n\tat org.openqa.selenium.remote.RemoteWebDriver.execute(RemoteWebDriver.java:552)\n\tat org.openqa.selenium.remote.RemoteWebDriver.findElement(RemoteWebDriver.java:323)\n\tat org.openqa.selenium.remote.RemoteWebDriver.findElementByXPath(RemoteWebDriver.java:428)\n\tat org.openqa.selenium.By$ByXPath.findElement(By.java:353)\n\tat org.openqa.selenium.remote.RemoteWebDriver.findElement(RemoteWebDriver.java:315)\n\tat com.codeborne.selenide.impl.WebElementSelector.findElement(WebElementSelector.java:59)\n\tat com.codeborne.selenide.impl.WebElementSelector.findElement(WebElementSelector.java:34)\n\tat com.codeborne.selenide.impl.ElementFinder.getWebElement(ElementFinder.java:104)\n\tat com.codeborne.selenide.impl.WebElementSource.checkCondition(WebElementSource.java:99)\n\t... 49 more\n",
    "steps" : [ {
      "name" : "Check grid line",
      "time" : {
        "start" : 1619862261071,
        "stop" : 1619862271391,
        "duration" : 10320
      },
      "status" : "failed",
      "statusMessage" : "Element not found {By.xpath: //tr[./td[text()='4cbbba08-c194-41c8-a718-d2c28bb86a54']]}\nExpected: exist\nScreenshot: file:/home/runner/work/petland-admin/petland-admin/build/reports/tests/1619862271256.4.png\nPage source: file:/home/runner/work/petland-admin/petland-admin/build/reports/tests/1619862271256.4.html\nTimeout: 10 s.\nCaused by: NoSuchElementException: no such element: Unable to locate element: {\"method\":\"xpath\",\"selector\":\"//tr[./td[text()='4cbbba08-c194-41c8-a718-d2c28bb86a54']]\"}",
      "statusTrace" : "Element not found {By.xpath: //tr[./td[text()='4cbbba08-c194-41c8-a718-d2c28bb86a54']]}\nExpected: exist\nScreenshot: file:/home/runner/work/petland-admin/petland-admin/build/reports/tests/1619862271256.4.png\nPage source: file:/home/runner/work/petland-admin/petland-admin/build/reports/tests/1619862271256.4.html\nTimeout: 10 s.\nCaused by: NoSuchElementException: no such element: Unable to locate element: {\"method\":\"xpath\",\"selector\":\"//tr[./td[text()='4cbbba08-c194-41c8-a718-d2c28bb86a54']]\"}\n\tat com.codeborne.selenide.impl.WebElementSource.createElementNotFoundError(WebElementSource.java:83)\n\tat com.codeborne.selenide.impl.ElementFinder.createElementNotFoundError(ElementFinder.java:136)\n\tat com.codeborne.selenide.impl.WebElementSource.checkCondition(WebElementSource.java:114)\n\tat com.codeborne.selenide.commands.Should.execute(Should.java:30)\n\tat com.codeborne.selenide.commands.Should.execute(Should.java:14)\n\tat com.codeborne.selenide.commands.Commands.execute(Commands.java:155)\n\tat com.codeborne.selenide.impl.SelenideElementProxy.dispatchAndRetry(SelenideElementProxy.java:133)\n\tat com.codeborne.selenide.impl.SelenideElementProxy.invoke(SelenideElementProxy.java:85)\n\tat com.sun.proxy.$Proxy19.should(Unknown Source)\n\tat com.codeborne.selenide.impl.ElementFinder.createElementNotFoundError(ElementFinder.java:130)\n\tat com.codeborne.selenide.impl.WebElementSource.checkCondition(WebElementSource.java:114)\n\tat com.codeborne.selenide.impl.WebElementSource.findAndAssertElementIsInteractable(WebElementSource.java:139)\n\tat com.codeborne.selenide.commands.Click.execute(Click.java:24)\n\tat com.codeborne.selenide.commands.Click.execute(Click.java:16)\n\tat com.codeborne.selenide.commands.Commands.execute(Commands.java:155)\n\tat com.codeborne.selenide.impl.SelenideElementProxy.dispatchAndRetry(SelenideElementProxy.java:133)\n\tat com.codeborne.selenide.impl.SelenideElementProxy.invoke(SelenideElementProxy.java:85)\n\tat com.sun.proxy.$Proxy19.click(Unknown Source)\n\tat pages.BasePage.checkLine(BasePage.java:58)\n\tat test.TestCategoryPage.testDeleteCategory(TestCategoryPage.java:50)\n\tat java.base/jdk.internal.reflect.NativeMethodAccessorImpl.invoke0(Native Method)\n\tat java.base/jdk.internal.reflect.NativeMethodAccessorImpl.invoke(NativeMethodAccessorImpl.java:64)\n\tat java.base/jdk.internal.reflect.DelegatingMethodAccessorImpl.invoke(DelegatingMethodAccessorImpl.java:43)\n\tat java.base/java.lang.reflect.Method.invoke(Method.java:564)\n\tat org.testng.internal.MethodInvocationHelper.invokeMethod(MethodInvocationHelper.java:134)\n\tat org.testng.internal.TestInvoker.invokeMethod(TestInvoker.java:597)\n\tat org.testng.internal.TestInvoker.invokeTestMethod(TestInvoker.java:173)\n\tat org.testng.internal.MethodRunner.runInSequence(MethodRunner.java:46)\n\tat org.testng.internal.TestInvoker$MethodInvocationAgent.invoke(TestInvoker.java:816)\n\tat org.testng.internal.TestInvoker.invokeTestMethods(TestInvoker.java:146)\n\tat org.testng.internal.TestMethodWorker.invokeTestMethods(TestMethodWorker.java:146)\n\tat org.testng.internal.TestMethodWorker.run(TestMethodWorker.java:128)\n\tat java.base/java.util.ArrayList.forEach(ArrayList.java:1511)\n\tat org.testng.TestRunner.privateRun(TestRunner.java:766)\n\tat org.testng.TestRunner.run(TestRunner.java:587)\n\tat org.testng.SuiteRunner.runTest(SuiteRunner.java:384)\n\tat org.testng.SuiteRunner.runSequentially(SuiteRunner.java:378)\n\tat org.testng.SuiteRunner.privateRun(SuiteRunner.java:337)\n\tat org.testng.SuiteRunner.run(SuiteRunner.java:286)\n\tat org.testng.SuiteRunnerWorker.runSuite(SuiteRunnerWorker.java:53)\n\tat org.testng.SuiteRunnerWorker.run(SuiteRunnerWorker.java:96)\n\tat org.testng.TestNG.runSuitesSequentially(TestNG.java:1187)\n\tat org.testng.TestNG.runSuitesLocally(TestNG.java:1109)\n\tat org.testng.TestNG.runSuites(TestNG.java:1039)\n\tat org.testng.TestNG.run(TestNG.java:1007)\n\tat org.apache.maven.surefire.testng.TestNGExecutor.run(TestNGExecutor.java:283)\n\tat org.apache.maven.surefire.testng.TestNGXmlTestSuite.execute(TestNGXmlTestSuite.java:75)\n\tat org.apache.maven.surefire.testng.TestNGProvider.invoke(TestNGProvider.java:120)\n\tat org.apache.maven.surefire.booter.ForkedBooter.invokeProviderInSameClassLoader(ForkedBooter.java:384)\n\tat org.apache.maven.surefire.booter.ForkedBooter.runSuitesInProcess(ForkedBooter.java:345)\n\tat org.apache.maven.surefire.booter.ForkedBooter.execute(ForkedBooter.java:126)\n\tat org.apache.maven.surefire.booter.ForkedBooter.main(ForkedBooter.java:418)\nCaused by: org.openqa.selenium.NoSuchElementException: no such element: Unable to locate element: {\"method\":\"xpath\",\"selector\":\"//tr[./td[text()='4cbbba08-c194-41c8-a718-d2c28bb86a54']]\"}\n  (Session info: headless chrome=90.0.4430.85)\nFor documentation on this error, please visit: https://www.seleniumhq.org/exceptions/no_such_element.html\nBuild info: version: '3.141.59', revision: 'e82be7d358', time: '2018-11-14T08:17:03'\nSystem info: host: 'fv-az129-152', ip: '10.1.1.212', os.name: 'Linux', os.arch: 'amd64', os.version: '5.4.0-1046-azure', java.version: '15.0.3'\nDriver info: org.openqa.selenium.chrome.ChromeDriver\nCapabilities {acceptInsecureCerts: true, browserName: chrome, browserVersion: 90.0.4430.85, chrome: {chromedriverVersion: 90.0.4430.24 (4c6d850f087da..., userDataDir: /tmp/.com.google.Chrome.iwx4Fk}, goog:chromeOptions: {debuggerAddress: localhost:35265}, javascriptEnabled: true, networkConnectionEnabled: false, pageLoadStrategy: normal, platform: LINUX, platformName: LINUX, proxy: Proxy(), setWindowRect: true, strictFileInteractability: false, timeouts: {implicit: 0, pageLoad: 300000, script: 30000}, unhandledPromptBehavior: dismiss and notify, webauthn:extension:largeBlob: true, webauthn:virtualAuthenticators: true}\nSession ID: 4ba41943c44837cc8a4d615a2a7d8678\n*** Element info: {Using=xpath, value=//tr[./td[text()='4cbbba08-c194-41c8-a718-d2c28bb86a54']]}\n\tat jdk.internal.reflect.GeneratedConstructorAccessor17.newInstance(Unknown Source)\n\tat java.base/jdk.internal.reflect.DelegatingConstructorAccessorImpl.newInstance(DelegatingConstructorAccessorImpl.java:45)\n\tat java.base/java.lang.reflect.Constructor.newInstanceWithCaller(Constructor.java:500)\n\tat java.base/java.lang.reflect.Constructor.newInstance(Constructor.java:481)\n\tat org.openqa.selenium.remote.http.W3CHttpResponseCodec.createException(W3CHttpResponseCodec.java:187)\n\tat org.openqa.selenium.remote.http.W3CHttpResponseCodec.decode(W3CHttpResponseCodec.java:122)\n\tat org.openqa.selenium.remote.http.W3CHttpResponseCodec.decode(W3CHttpResponseCodec.java:49)\n\tat org.openqa.selenium.remote.HttpCommandExecutor.execute(HttpCommandExecutor.java:158)\n\tat org.openqa.selenium.remote.service.DriverCommandExecutor.execute(DriverCommandExecutor.java:83)\n\tat org.openqa.selenium.remote.RemoteWebDriver.execute(RemoteWebDriver.java:552)\n\tat org.openqa.selenium.remote.RemoteWebDriver.findElement(RemoteWebDriver.java:323)\n\tat org.openqa.selenium.remote.RemoteWebDriver.findElementByXPath(RemoteWebDriver.java:428)\n\tat org.openqa.selenium.By$ByXPath.findElement(By.java:353)\n\tat org.openqa.selenium.remote.RemoteWebDriver.findElement(RemoteWebDriver.java:315)\n\tat com.codeborne.selenide.impl.WebElementSelector.findElement(WebElementSelector.java:59)\n\tat com.codeborne.selenide.impl.WebElementSelector.findElement(WebElementSelector.java:34)\n\tat com.codeborne.selenide.impl.ElementFinder.getWebElement(ElementFinder.java:104)\n\tat com.codeborne.selenide.impl.WebElementSource.checkCondition(WebElementSource.java:99)\n\t... 49 more\n",
      "steps" : [ {
        "name" : "Get grid line",
        "time" : {
          "start" : 1619862261071,
          "stop" : 1619862261071,
          "duration" : 0
        },
        "status" : "passed",
        "steps" : [ ],
        "attachments" : [ ],
        "parameters" : [ {
          "name" : "key",
          "value" : "4cbbba08-c194-41c8-a718-d2c28bb86a54"
        } ],
        "stepsCount" : 0,
        "attachmentsCount" : 0,
        "shouldDisplayMessage" : false,
        "hasContent" : true
      } ],
      "attachments" : [ ],
      "parameters" : [ {
        "name" : "key",
        "value" : "4cbbba08-c194-41c8-a718-d2c28bb86a54"
      } ],
      "stepsCount" : 1,
      "attachmentsCount" : 0,
      "shouldDisplayMessage" : true,
      "hasContent" : true
    } ],
    "attachments" : [ ],
    "parameters" : [ ],
    "stepsCount" : 2,
    "attachmentsCount" : 0,
    "shouldDisplayMessage" : false,
    "hasContent" : true
  },
  "afterStages" : [ {
    "name" : "tearDown",
    "time" : {
      "start" : 1619862271398,
      "stop" : 1619862271461,
      "duration" : 63
    },
    "description" : "",
    "status" : "passed",
    "steps" : [ ],
    "attachments" : [ ],
    "parameters" : [ ],
    "stepsCount" : 0,
    "attachmentsCount" : 0,
    "shouldDisplayMessage" : false,
    "hasContent" : false
  } ],
  "labels" : [ {
    "name" : "package",
    "value" : "test.TestCategoryPage"
  }, {
    "name" : "testClass",
    "value" : "test.TestCategoryPage"
  }, {
    "name" : "testMethod",
    "value" : "testDeleteCategory"
  }, {
    "name" : "parentSuite",
    "value" : "Petland Admin"
  }, {
    "name" : "suite",
    "value" : "Category Page"
  }, {
    "name" : "subSuite",
    "value" : "test.TestCategoryPage"
  }, {
    "name" : "host",
    "value" : "fv-az129-152"
  }, {
    "name" : "thread",
    "value" : "3773@fv-az129-152.main(1)"
  }, {
    "name" : "framework",
    "value" : "testng"
  }, {
    "name" : "language",
    "value" : "java"
  }, {
    "name" : "story",
    "value" : "Admin can delete category"
  }, {
    "name" : "resultFormat",
    "value" : "allure2"
  } ],
  "parameters" : [ ],
  "links" : [ ],
  "hidden" : false,
  "retry" : false,
  "extra" : {
    "severity" : "normal",
    "retries" : [ ],
    "categories" : [ {
      "name" : "Product defects",
      "matchedStatuses" : [ ],
      "flaky" : false
    } ],
    "tags" : [ ]
  },
  "source" : "34f5863f96f77f8e.json",
  "parameterValues" : [ ]
}