{
  "uid" : "8a91818738eab447",
  "name" : "openPage",
  "fullName" : "test.BaseTest.openPage",
  "historyId" : "2a6b07d7836eac78a8c46a6db15e9f19",
  "time" : {
    "start" : 1619866844576,
    "stop" : 1619866844578,
    "duration" : 2
  },
  "status" : "failed",
  "statusMessage" : "Element not found {By.xpath: //table[.//th//span[text()[contains(.,'Tên bài đăng')]] and .//th//span[text()[contains(.,'Thể loại')]] and .//th//span[text()[contains(.,'Giống')]] and .//th//span[text()[contains(.,'Xuất xứ')]]]}\nExpected: visible\nScreenshot: file:/home/runner/work/petland-admin/petland-admin/build/reports/tests/1619866844425.9.png\nPage source: file:/home/runner/work/petland-admin/petland-admin/build/reports/tests/1619866844425.9.html\nTimeout: 10 s.\nCaused by: NoSuchElementException: no such element: Unable to locate element: {\"method\":\"xpath\",\"selector\":\"//table[.//th//span[text()[contains(.,'Tên bài đăng')]] and .//th//span[text()[contains(.,'Thể loại')]] and .//th//span[text()[contains(.,'Giống')]] and .//th//span[text()[contains(.,'Xuất xứ')]]]\"}",
  "statusTrace" : "Element not found {By.xpath: //table[.//th//span[text()[contains(.,'Tên bài đăng')]] and .//th//span[text()[contains(.,'Thể loại')]] and .//th//span[text()[contains(.,'Giống')]] and .//th//span[text()[contains(.,'Xuất xứ')]]]}\nExpected: visible\nScreenshot: file:/home/runner/work/petland-admin/petland-admin/build/reports/tests/1619866844425.9.png\nPage source: file:/home/runner/work/petland-admin/petland-admin/build/reports/tests/1619866844425.9.html\nTimeout: 10 s.\nCaused by: NoSuchElementException: no such element: Unable to locate element: {\"method\":\"xpath\",\"selector\":\"//table[.//th//span[text()[contains(.,'Tên bài đăng')]] and .//th//span[text()[contains(.,'Thể loại')]] and .//th//span[text()[contains(.,'Giống')]] and .//th//span[text()[contains(.,'Xuất xứ')]]]\"}\n\tat com.codeborne.selenide.impl.WebElementSource.createElementNotFoundError(WebElementSource.java:83)\n\tat com.codeborne.selenide.impl.ElementFinder.createElementNotFoundError(ElementFinder.java:136)\n\tat com.codeborne.selenide.impl.WebElementSource.checkCondition(WebElementSource.java:114)\n\tat com.codeborne.selenide.commands.Should.execute(Should.java:30)\n\tat com.codeborne.selenide.commands.Should.execute(Should.java:14)\n\tat com.codeborne.selenide.commands.Commands.execute(Commands.java:155)\n\tat com.codeborne.selenide.impl.SelenideElementProxy.dispatchAndRetry(SelenideElementProxy.java:133)\n\tat com.codeborne.selenide.impl.SelenideElementProxy.invoke(SelenideElementProxy.java:85)\n\tat com.sun.proxy.$Proxy19.shouldBe(Unknown Source)\n\tat pages.PostPage.openPage(PostPage.java:17)\n\tat test.BaseTest.openPage(BaseTest.java:16)\n\tat java.base/jdk.internal.reflect.NativeMethodAccessorImpl.invoke0(Native Method)\n\tat java.base/jdk.internal.reflect.NativeMethodAccessorImpl.invoke(NativeMethodAccessorImpl.java:64)\n\tat java.base/jdk.internal.reflect.DelegatingMethodAccessorImpl.invoke(DelegatingMethodAccessorImpl.java:43)\n\tat java.base/java.lang.reflect.Method.invoke(Method.java:564)\n\tat org.testng.internal.MethodInvocationHelper.invokeMethod(MethodInvocationHelper.java:134)\n\tat org.testng.internal.MethodInvocationHelper.invokeMethodConsideringTimeout(MethodInvocationHelper.java:63)\n\tat org.testng.internal.ConfigInvoker.invokeConfigurationMethod(ConfigInvoker.java:348)\n\tat org.testng.internal.ConfigInvoker.invokeConfigurations(ConfigInvoker.java:302)\n\tat org.testng.internal.TestInvoker.runConfigMethods(TestInvoker.java:695)\n\tat org.testng.internal.TestInvoker.invokeMethod(TestInvoker.java:523)\n\tat org.testng.internal.TestInvoker.invokeTestMethod(TestInvoker.java:173)\n\tat org.testng.internal.MethodRunner.runInSequence(MethodRunner.java:46)\n\tat org.testng.internal.TestInvoker$MethodInvocationAgent.invoke(TestInvoker.java:816)\n\tat org.testng.internal.TestInvoker.invokeTestMethods(TestInvoker.java:146)\n\tat org.testng.internal.TestMethodWorker.invokeTestMethods(TestMethodWorker.java:146)\n\tat org.testng.internal.TestMethodWorker.run(TestMethodWorker.java:128)\n\tat java.base/java.util.ArrayList.forEach(ArrayList.java:1511)\n\tat org.testng.TestRunner.privateRun(TestRunner.java:766)\n\tat org.testng.TestRunner.run(TestRunner.java:587)\n\tat org.testng.SuiteRunner.runTest(SuiteRunner.java:384)\n\tat org.testng.SuiteRunner.runSequentially(SuiteRunner.java:378)\n\tat org.testng.SuiteRunner.privateRun(SuiteRunner.java:337)\n\tat org.testng.SuiteRunner.run(SuiteRunner.java:286)\n\tat org.testng.SuiteRunnerWorker.runSuite(SuiteRunnerWorker.java:53)\n\tat org.testng.SuiteRunnerWorker.run(SuiteRunnerWorker.java:96)\n\tat org.testng.TestNG.runSuitesSequentially(TestNG.java:1187)\n\tat org.testng.TestNG.runSuitesLocally(TestNG.java:1109)\n\tat org.testng.TestNG.runSuites(TestNG.java:1039)\n\tat org.testng.TestNG.run(TestNG.java:1007)\n\tat org.apache.maven.surefire.testng.TestNGExecutor.run(TestNGExecutor.java:283)\n\tat org.apache.maven.surefire.testng.TestNGXmlTestSuite.execute(TestNGXmlTestSuite.java:75)\n\tat org.apache.maven.surefire.testng.TestNGProvider.invoke(TestNGProvider.java:120)\n\tat org.apache.maven.surefire.booter.ForkedBooter.invokeProviderInSameClassLoader(ForkedBooter.java:384)\n\tat org.apache.maven.surefire.booter.ForkedBooter.runSuitesInProcess(ForkedBooter.java:345)\n\tat org.apache.maven.surefire.booter.ForkedBooter.execute(ForkedBooter.java:126)\n\tat org.apache.maven.surefire.booter.ForkedBooter.main(ForkedBooter.java:418)\nCaused by: org.openqa.selenium.NoSuchElementException: no such element: Unable to locate element: {\"method\":\"xpath\",\"selector\":\"//table[.//th//span[text()[contains(.,'Tên bài đăng')]] and .//th//span[text()[contains(.,'Thể loại')]] and .//th//span[text()[contains(.,'Giống')]] and .//th//span[text()[contains(.,'Xuất xứ')]]]\"}\n  (Session info: headless chrome=90.0.4430.85)\nFor documentation on this error, please visit: https://www.seleniumhq.org/exceptions/no_such_element.html\nBuild info: version: '3.141.59', revision: 'e82be7d358', time: '2018-11-14T08:17:03'\nSystem info: host: 'fv-az173-419', ip: '10.1.1.13', os.name: 'Linux', os.arch: 'amd64', os.version: '5.4.0-1046-azure', java.version: '15.0.3'\nDriver info: org.openqa.selenium.chrome.ChromeDriver\nCapabilities {acceptInsecureCerts: true, browserName: chrome, browserVersion: 90.0.4430.85, chrome: {chromedriverVersion: 90.0.4430.24 (4c6d850f087da..., userDataDir: /tmp/.com.google.Chrome.FK3SJE}, goog:chromeOptions: {debuggerAddress: localhost:41827}, javascriptEnabled: true, networkConnectionEnabled: false, pageLoadStrategy: normal, platform: LINUX, platformName: LINUX, proxy: Proxy(), setWindowRect: true, strictFileInteractability: false, timeouts: {implicit: 0, pageLoad: 300000, script: 30000}, unhandledPromptBehavior: dismiss and notify, webauthn:extension:largeBlob: true, webauthn:virtualAuthenticators: true}\nSession ID: 53999507e7e2211e5c7c5f45e3084261\n*** Element info: {Using=xpath, value=//table[.//th//span[text()[contains(.,'Tên bài đăng')]] and .//th//span[text()[contains(.,'Thể loại')]] and .//th//span[text()[contains(.,'Giống')]] and .//th//span[text()[contains(.,'Xuất xứ')]]]}\n\tat jdk.internal.reflect.GeneratedConstructorAccessor17.newInstance(Unknown Source)\n\tat java.base/jdk.internal.reflect.DelegatingConstructorAccessorImpl.newInstance(DelegatingConstructorAccessorImpl.java:45)\n\tat java.base/java.lang.reflect.Constructor.newInstanceWithCaller(Constructor.java:500)\n\tat java.base/java.lang.reflect.Constructor.newInstance(Constructor.java:481)\n\tat org.openqa.selenium.remote.http.W3CHttpResponseCodec.createException(W3CHttpResponseCodec.java:187)\n\tat org.openqa.selenium.remote.http.W3CHttpResponseCodec.decode(W3CHttpResponseCodec.java:122)\n\tat org.openqa.selenium.remote.http.W3CHttpResponseCodec.decode(W3CHttpResponseCodec.java:49)\n\tat org.openqa.selenium.remote.HttpCommandExecutor.execute(HttpCommandExecutor.java:158)\n\tat org.openqa.selenium.remote.service.DriverCommandExecutor.execute(DriverCommandExecutor.java:83)\n\tat org.openqa.selenium.remote.RemoteWebDriver.execute(RemoteWebDriver.java:552)\n\tat org.openqa.selenium.remote.RemoteWebDriver.findElement(RemoteWebDriver.java:323)\n\tat org.openqa.selenium.remote.RemoteWebDriver.findElementByXPath(RemoteWebDriver.java:428)\n\tat org.openqa.selenium.By$ByXPath.findElement(By.java:353)\n\tat org.openqa.selenium.remote.RemoteWebDriver.findElement(RemoteWebDriver.java:315)\n\tat com.codeborne.selenide.impl.WebElementSelector.findElement(WebElementSelector.java:59)\n\tat com.codeborne.selenide.impl.WebElementSelector.findElement(WebElementSelector.java:34)\n\tat com.codeborne.selenide.impl.ElementFinder.getWebElement(ElementFinder.java:104)\n\tat com.codeborne.selenide.impl.WebElementSource.checkCondition(WebElementSource.java:99)\n\t... 44 more\n",
  "flaky" : false,
  "newFailed" : false,
  "beforeStages" : [ ],
  "afterStages" : [ ],
  "labels" : [ {
    "name" : "package",
    "value" : "test.TestPostPage"
  }, {
    "name" : "testClass",
    "value" : "test.TestPostPage"
  }, {
    "name" : "testMethod",
    "value" : "openPage"
  }, {
    "name" : "parentSuite",
    "value" : "Petland Admin"
  }, {
    "name" : "suite",
    "value" : "Post Page"
  }, {
    "name" : "subSuite",
    "value" : "test.TestPostPage"
  }, {
    "name" : "host",
    "value" : "fv-az173-419"
  }, {
    "name" : "thread",
    "value" : "2871@fv-az173-419.main(1)"
  }, {
    "name" : "framework",
    "value" : "testng"
  }, {
    "name" : "language",
    "value" : "java"
  }, {
    "name" : "AS_ID",
    "value" : "-1"
  }, {
    "name" : "resultFormat",
    "value" : "allure2"
  } ],
  "parameters" : [ ],
  "links" : [ ],
  "hidden" : false,
  "retry" : false,
  "extra" : {
    "severity" : "normal",
    "retries" : [ {
      "uid" : "61cad4b1da87a999",
      "status" : "failed",
      "statusDetails" : "Element not found {By.xpath: //table[.//th//span[text()[contains(.,'Tên bài đăng')]] and .//th//span[text()[contains(.,'Thể loại')]] and .//th//span[text()[contains(.,'Giống')]] and .//th//span[text()[contains(.,'Xuất xứ')]]]}\nExpected: visible\nScreenshot: file:/home/runner/work/petland-admin/petland-admin/build/reports/tests/1619866832013.8.png\nPage source: file:/home/runner/work/petland-admin/petland-admin/build/reports/tests/1619866832013.8.html\nTimeout: 10 s.\nCaused by: NoSuchElementException: no such element: Unable to locate element: {\"method\":\"xpath\",\"selector\":\"//table[.//th//span[text()[contains(.,'Tên bài đăng')]] and .//th//span[text()[contains(.,'Thể loại')]] and .//th//span[text()[contains(.,'Giống')]] and .//th//span[text()[contains(.,'Xuất xứ')]]]\"}",
      "time" : {
        "start" : 1619866832176,
        "stop" : 1619866832185,
        "duration" : 9
      }
    } ],
    "categories" : [ {
      "name" : "Product defects",
      "matchedStatuses" : [ ],
      "flaky" : false
    } ],
    "history" : {
      "statistic" : {
        "failed" : 3,
        "broken" : 0,
        "skipped" : 0,
        "passed" : 0,
        "unknown" : 0,
        "total" : 3
      },
      "items" : [ {
        "uid" : "710bee23e567469",
        "reportUrl" : "https://randy102.github.io/petland-admin/2//#testresult/710bee23e567469",
        "status" : "failed",
        "statusDetails" : "Element not found {By.xpath: //table[.//th//span[text()[contains(.,'Tên bài đăng')]] and .//th//span[text()[contains(.,'Thể loại')]] and .//th//span[text()[contains(.,'Giống')]] and .//th//span[text()[contains(.,'Xuất xứ')]]]}\nExpected: visible\nScreenshot: file:/home/runner/work/petland-admin/petland-admin/build/reports/tests/1619866837028.9.png\nPage source: file:/home/runner/work/petland-admin/petland-admin/build/reports/tests/1619866837028.9.html\nTimeout: 10 s.\nCaused by: NoSuchElementException: no such element: Unable to locate element: {\"method\":\"xpath\",\"selector\":\"//table[.//th//span[text()[contains(.,'Tên bài đăng')]] and .//th//span[text()[contains(.,'Thể loại')]] and .//th//span[text()[contains(.,'Giống')]] and .//th//span[text()[contains(.,'Xuất xứ')]]]\"}",
        "time" : {
          "start" : 1619866837200,
          "stop" : 1619866837202,
          "duration" : 2
        }
      }, {
        "uid" : "86e9609da30da612",
        "reportUrl" : "https://randy102.github.io/petland-admin/59//#testresult/86e9609da30da612",
        "status" : "failed",
        "statusDetails" : "Element not found {By.xpath: //table[.//th//span[text()[contains(.,'Tên bài đăng')]] and .//th//span[text()[contains(.,'Thể loại')]] and .//th//span[text()[contains(.,'Giống')]] and .//th//span[text()[contains(.,'Xuất xứ')]]]}\nExpected: visible\nScreenshot: file:/home/runner/work/petland-admin/petland-admin/build/reports/tests/1619865779854.9.png\nPage source: file:/home/runner/work/petland-admin/petland-admin/build/reports/tests/1619865779854.9.html\nTimeout: 10 s.\nCaused by: NoSuchElementException: no such element: Unable to locate element: {\"method\":\"xpath\",\"selector\":\"//table[.//th//span[text()[contains(.,'Tên bài đăng')]] and .//th//span[text()[contains(.,'Thể loại')]] and .//th//span[text()[contains(.,'Giống')]] and .//th//span[text()[contains(.,'Xuất xứ')]]]\"}",
        "time" : {
          "start" : 1619865780026,
          "stop" : 1619865780028,
          "duration" : 2
        }
      } ]
    },
    "tags" : [ ]
  },
  "source" : "8a91818738eab447.json",
  "parameterValues" : [ ]
}