{
  "uid" : "f09eab6ad39a0528",
  "name" : "testDeclinePost",
  "fullName" : "test.TestPostPage.testDeclinePost",
  "historyId" : "d9160c091487ed2e7055695f6ae4195f",
  "time" : {
    "start" : 1620458514468,
    "stop" : 1620458514471,
    "duration" : 3
  },
  "status" : "skipped",
  "statusMessage" : "Element not found {By.xpath: //table[.//th//span[text()[contains(.,'Tên bài đăng')]] and .//th//span[text()[contains(.,'Thể loại')]] and .//th//span[text()[contains(.,'Giống')]] and .//th//span[text()[contains(.,'Xuất xứ')]]]}\nExpected: visible\nScreenshot: file:/home/runner/work/petland-admin/petland-admin/build/reports/tests/1620458514301.9.png\nPage source: file:/home/runner/work/petland-admin/petland-admin/build/reports/tests/1620458514301.9.html\nTimeout: 10 s.\nCaused by: NoSuchElementException: no such element: Unable to locate element: {\"method\":\"xpath\",\"selector\":\"//table[.//th//span[text()[contains(.,'Tên bài đăng')]] and .//th//span[text()[contains(.,'Thể loại')]] and .//th//span[text()[contains(.,'Giống')]] and .//th//span[text()[contains(.,'Xuất xứ')]]]\"}",
  "statusTrace" : "Element not found {By.xpath: //table[.//th//span[text()[contains(.,'Tên bài đăng')]] and .//th//span[text()[contains(.,'Thể loại')]] and .//th//span[text()[contains(.,'Giống')]] and .//th//span[text()[contains(.,'Xuất xứ')]]]}\nExpected: visible\nScreenshot: file:/home/runner/work/petland-admin/petland-admin/build/reports/tests/1620458514301.9.png\nPage source: file:/home/runner/work/petland-admin/petland-admin/build/reports/tests/1620458514301.9.html\nTimeout: 10 s.\nCaused by: NoSuchElementException: no such element: Unable to locate element: {\"method\":\"xpath\",\"selector\":\"//table[.//th//span[text()[contains(.,'Tên bài đăng')]] and .//th//span[text()[contains(.,'Thể loại')]] and .//th//span[text()[contains(.,'Giống')]] and .//th//span[text()[contains(.,'Xuất xứ')]]]\"}\n\tat com.codeborne.selenide.impl.WebElementSource.createElementNotFoundError(WebElementSource.java:83)\n\tat com.codeborne.selenide.impl.ElementFinder.createElementNotFoundError(ElementFinder.java:136)\n\tat com.codeborne.selenide.impl.WebElementSource.checkCondition(WebElementSource.java:114)\n\tat com.codeborne.selenide.commands.Should.execute(Should.java:30)\n\tat com.codeborne.selenide.commands.Should.execute(Should.java:14)\n\tat com.codeborne.selenide.commands.Commands.execute(Commands.java:155)\n\tat com.codeborne.selenide.impl.SelenideElementProxy.dispatchAndRetry(SelenideElementProxy.java:133)\n\tat com.codeborne.selenide.impl.SelenideElementProxy.invoke(SelenideElementProxy.java:85)\n\tat com.sun.proxy.$Proxy19.shouldBe(Unknown Source)\n\tat pages.PostPage.openPage(PostPage.java:17)\n\tat test.BaseTest.openPage(BaseTest.java:19)\n\tat java.base/jdk.internal.reflect.NativeMethodAccessorImpl.invoke0(Native Method)\n\tat java.base/jdk.internal.reflect.NativeMethodAccessorImpl.invoke(NativeMethodAccessorImpl.java:64)\n\tat java.base/jdk.internal.reflect.DelegatingMethodAccessorImpl.invoke(DelegatingMethodAccessorImpl.java:43)\n\tat java.base/java.lang.reflect.Method.invoke(Method.java:564)\n\tat org.testng.internal.MethodInvocationHelper.invokeMethod(MethodInvocationHelper.java:134)\n\tat org.testng.internal.MethodInvocationHelper.invokeMethodConsideringTimeout(MethodInvocationHelper.java:63)\n\tat org.testng.internal.ConfigInvoker.invokeConfigurationMethod(ConfigInvoker.java:348)\n\tat org.testng.internal.ConfigInvoker.invokeConfigurations(ConfigInvoker.java:302)\n\tat org.testng.internal.TestInvoker.runConfigMethods(TestInvoker.java:695)\n\tat org.testng.internal.TestInvoker.invokeMethod(TestInvoker.java:523)\n\tat org.testng.internal.TestInvoker.invokeTestMethod(TestInvoker.java:173)\n\tat org.testng.internal.MethodRunner.runInSequence(MethodRunner.java:46)\n\tat org.testng.internal.TestInvoker$MethodInvocationAgent.invoke(TestInvoker.java:816)\n\tat org.testng.internal.TestInvoker.invokeTestMethods(TestInvoker.java:146)\n\tat org.testng.internal.TestMethodWorker.invokeTestMethods(TestMethodWorker.java:146)\n\tat org.testng.internal.TestMethodWorker.run(TestMethodWorker.java:128)\n\tat java.base/java.util.ArrayList.forEach(ArrayList.java:1511)\n\tat org.testng.TestRunner.privateRun(TestRunner.java:766)\n\tat org.testng.TestRunner.run(TestRunner.java:587)\n\tat org.testng.SuiteRunner.runTest(SuiteRunner.java:384)\n\tat org.testng.SuiteRunner.runSequentially(SuiteRunner.java:378)\n\tat org.testng.SuiteRunner.privateRun(SuiteRunner.java:337)\n\tat org.testng.SuiteRunner.run(SuiteRunner.java:286)\n\tat org.testng.SuiteRunnerWorker.runSuite(SuiteRunnerWorker.java:53)\n\tat org.testng.SuiteRunnerWorker.run(SuiteRunnerWorker.java:96)\n\tat org.testng.TestNG.runSuitesSequentially(TestNG.java:1187)\n\tat org.testng.TestNG.runSuitesLocally(TestNG.java:1109)\n\tat org.testng.TestNG.runSuites(TestNG.java:1039)\n\tat org.testng.TestNG.run(TestNG.java:1007)\n\tat org.apache.maven.surefire.testng.TestNGExecutor.run(TestNGExecutor.java:283)\n\tat org.apache.maven.surefire.testng.TestNGXmlTestSuite.execute(TestNGXmlTestSuite.java:75)\n\tat org.apache.maven.surefire.testng.TestNGProvider.invoke(TestNGProvider.java:120)\n\tat org.apache.maven.surefire.booter.ForkedBooter.invokeProviderInSameClassLoader(ForkedBooter.java:384)\n\tat org.apache.maven.surefire.booter.ForkedBooter.runSuitesInProcess(ForkedBooter.java:345)\n\tat org.apache.maven.surefire.booter.ForkedBooter.execute(ForkedBooter.java:126)\n\tat org.apache.maven.surefire.booter.ForkedBooter.main(ForkedBooter.java:418)\nCaused by: org.openqa.selenium.NoSuchElementException: no such element: Unable to locate element: {\"method\":\"xpath\",\"selector\":\"//table[.//th//span[text()[contains(.,'Tên bài đăng')]] and .//th//span[text()[contains(.,'Thể loại')]] and .//th//span[text()[contains(.,'Giống')]] and .//th//span[text()[contains(.,'Xuất xứ')]]]\"}\n  (Session info: headless chrome=90.0.4430.93)\nFor documentation on this error, please visit: https://www.seleniumhq.org/exceptions/no_such_element.html\nBuild info: version: '3.141.59', revision: 'e82be7d358', time: '2018-11-14T08:17:03'\nSystem info: host: 'fv-az129-439', ip: '10.1.1.36', os.name: 'Linux', os.arch: 'amd64', os.version: '5.4.0-1046-azure', java.version: '15.0.3'\nDriver info: org.openqa.selenium.chrome.ChromeDriver\nCapabilities {acceptInsecureCerts: true, browserName: chrome, browserVersion: 90.0.4430.93, chrome: {chromedriverVersion: 90.0.4430.24 (4c6d850f087da..., userDataDir: /tmp/.com.google.Chrome.vqKyyZ}, goog:chromeOptions: {debuggerAddress: localhost:40107}, javascriptEnabled: true, networkConnectionEnabled: false, pageLoadStrategy: normal, platform: LINUX, platformName: LINUX, proxy: Proxy(), setWindowRect: true, strictFileInteractability: false, timeouts: {implicit: 0, pageLoad: 300000, script: 30000}, unhandledPromptBehavior: dismiss and notify, webauthn:extension:largeBlob: true, webauthn:virtualAuthenticators: true}\nSession ID: 4d3f818ab23f84b6a10856b3f93c5cbb\n*** Element info: {Using=xpath, value=//table[.//th//span[text()[contains(.,'Tên bài đăng')]] and .//th//span[text()[contains(.,'Thể loại')]] and .//th//span[text()[contains(.,'Giống')]] and .//th//span[text()[contains(.,'Xuất xứ')]]]}\n\tat jdk.internal.reflect.GeneratedConstructorAccessor17.newInstance(Unknown Source)\n\tat java.base/jdk.internal.reflect.DelegatingConstructorAccessorImpl.newInstance(DelegatingConstructorAccessorImpl.java:45)\n\tat java.base/java.lang.reflect.Constructor.newInstanceWithCaller(Constructor.java:500)\n\tat java.base/java.lang.reflect.Constructor.newInstance(Constructor.java:481)\n\tat org.openqa.selenium.remote.http.W3CHttpResponseCodec.createException(W3CHttpResponseCodec.java:187)\n\tat org.openqa.selenium.remote.http.W3CHttpResponseCodec.decode(W3CHttpResponseCodec.java:122)\n\tat org.openqa.selenium.remote.http.W3CHttpResponseCodec.decode(W3CHttpResponseCodec.java:49)\n\tat org.openqa.selenium.remote.HttpCommandExecutor.execute(HttpCommandExecutor.java:158)\n\tat org.openqa.selenium.remote.service.DriverCommandExecutor.execute(DriverCommandExecutor.java:83)\n\tat org.openqa.selenium.remote.RemoteWebDriver.execute(RemoteWebDriver.java:552)\n\tat org.openqa.selenium.remote.RemoteWebDriver.findElement(RemoteWebDriver.java:323)\n\tat org.openqa.selenium.remote.RemoteWebDriver.findElementByXPath(RemoteWebDriver.java:428)\n\tat org.openqa.selenium.By$ByXPath.findElement(By.java:353)\n\tat org.openqa.selenium.remote.RemoteWebDriver.findElement(RemoteWebDriver.java:315)\n\tat com.codeborne.selenide.impl.WebElementSelector.findElement(WebElementSelector.java:59)\n\tat com.codeborne.selenide.impl.WebElementSelector.findElement(WebElementSelector.java:34)\n\tat com.codeborne.selenide.impl.ElementFinder.getWebElement(ElementFinder.java:104)\n\tat com.codeborne.selenide.impl.WebElementSource.checkCondition(WebElementSource.java:99)\n\t... 44 more\n",
  "flaky" : false,
  "newFailed" : false,
  "beforeStages" : [ {
    "name" : "setup",
    "time" : {
      "start" : 1620458489691,
      "stop" : 1620458489691,
      "duration" : 0
    },
    "description" : "",
    "status" : "passed",
    "steps" : [ ],
    "attachments" : [ ],
    "parameters" : [ ],
    "stepsCount" : 0,
    "attachmentsCount" : 0,
    "shouldDisplayMessage" : false,
    "hasContent" : false
  }, {
    "name" : "openPage",
    "time" : {
      "start" : 1620458502144,
      "stop" : 1620458514458,
      "duration" : 12314
    },
    "description" : "",
    "status" : "failed",
    "statusMessage" : "Element not found {By.xpath: //table[.//th//span[text()[contains(.,'Tên bài đăng')]] and .//th//span[text()[contains(.,'Thể loại')]] and .//th//span[text()[contains(.,'Giống')]] and .//th//span[text()[contains(.,'Xuất xứ')]]]}\nExpected: visible\nScreenshot: file:/home/runner/work/petland-admin/petland-admin/build/reports/tests/1620458514301.9.png\nPage source: file:/home/runner/work/petland-admin/petland-admin/build/reports/tests/1620458514301.9.html\nTimeout: 10 s.\nCaused by: NoSuchElementException: no such element: Unable to locate element: {\"method\":\"xpath\",\"selector\":\"//table[.//th//span[text()[contains(.,'Tên bài đăng')]] and .//th//span[text()[contains(.,'Thể loại')]] and .//th//span[text()[contains(.,'Giống')]] and .//th//span[text()[contains(.,'Xuất xứ')]]]\"}",
    "statusTrace" : "Element not found {By.xpath: //table[.//th//span[text()[contains(.,'Tên bài đăng')]] and .//th//span[text()[contains(.,'Thể loại')]] and .//th//span[text()[contains(.,'Giống')]] and .//th//span[text()[contains(.,'Xuất xứ')]]]}\nExpected: visible\nScreenshot: file:/home/runner/work/petland-admin/petland-admin/build/reports/tests/1620458514301.9.png\nPage source: file:/home/runner/work/petland-admin/petland-admin/build/reports/tests/1620458514301.9.html\nTimeout: 10 s.\nCaused by: NoSuchElementException: no such element: Unable to locate element: {\"method\":\"xpath\",\"selector\":\"//table[.//th//span[text()[contains(.,'Tên bài đăng')]] and .//th//span[text()[contains(.,'Thể loại')]] and .//th//span[text()[contains(.,'Giống')]] and .//th//span[text()[contains(.,'Xuất xứ')]]]\"}\n\tat com.codeborne.selenide.impl.WebElementSource.createElementNotFoundError(WebElementSource.java:83)\n\tat com.codeborne.selenide.impl.ElementFinder.createElementNotFoundError(ElementFinder.java:136)\n\tat com.codeborne.selenide.impl.WebElementSource.checkCondition(WebElementSource.java:114)\n\tat com.codeborne.selenide.commands.Should.execute(Should.java:30)\n\tat com.codeborne.selenide.commands.Should.execute(Should.java:14)\n\tat com.codeborne.selenide.commands.Commands.execute(Commands.java:155)\n\tat com.codeborne.selenide.impl.SelenideElementProxy.dispatchAndRetry(SelenideElementProxy.java:133)\n\tat com.codeborne.selenide.impl.SelenideElementProxy.invoke(SelenideElementProxy.java:85)\n\tat com.sun.proxy.$Proxy19.shouldBe(Unknown Source)\n\tat pages.PostPage.openPage(PostPage.java:17)\n\tat test.BaseTest.openPage(BaseTest.java:19)\n\tat java.base/jdk.internal.reflect.NativeMethodAccessorImpl.invoke0(Native Method)\n\tat java.base/jdk.internal.reflect.NativeMethodAccessorImpl.invoke(NativeMethodAccessorImpl.java:64)\n\tat java.base/jdk.internal.reflect.DelegatingMethodAccessorImpl.invoke(DelegatingMethodAccessorImpl.java:43)\n\tat java.base/java.lang.reflect.Method.invoke(Method.java:564)\n\tat org.testng.internal.MethodInvocationHelper.invokeMethod(MethodInvocationHelper.java:134)\n\tat org.testng.internal.MethodInvocationHelper.invokeMethodConsideringTimeout(MethodInvocationHelper.java:63)\n\tat org.testng.internal.ConfigInvoker.invokeConfigurationMethod(ConfigInvoker.java:348)\n\tat org.testng.internal.ConfigInvoker.invokeConfigurations(ConfigInvoker.java:302)\n\tat org.testng.internal.TestInvoker.runConfigMethods(TestInvoker.java:695)\n\tat org.testng.internal.TestInvoker.invokeMethod(TestInvoker.java:523)\n\tat org.testng.internal.TestInvoker.invokeTestMethod(TestInvoker.java:173)\n\tat org.testng.internal.MethodRunner.runInSequence(MethodRunner.java:46)\n\tat org.testng.internal.TestInvoker$MethodInvocationAgent.invoke(TestInvoker.java:816)\n\tat org.testng.internal.TestInvoker.invokeTestMethods(TestInvoker.java:146)\n\tat org.testng.internal.TestMethodWorker.invokeTestMethods(TestMethodWorker.java:146)\n\tat org.testng.internal.TestMethodWorker.run(TestMethodWorker.java:128)\n\tat java.base/java.util.ArrayList.forEach(ArrayList.java:1511)\n\tat org.testng.TestRunner.privateRun(TestRunner.java:766)\n\tat org.testng.TestRunner.run(TestRunner.java:587)\n\tat org.testng.SuiteRunner.runTest(SuiteRunner.java:384)\n\tat org.testng.SuiteRunner.runSequentially(SuiteRunner.java:378)\n\tat org.testng.SuiteRunner.privateRun(SuiteRunner.java:337)\n\tat org.testng.SuiteRunner.run(SuiteRunner.java:286)\n\tat org.testng.SuiteRunnerWorker.runSuite(SuiteRunnerWorker.java:53)\n\tat org.testng.SuiteRunnerWorker.run(SuiteRunnerWorker.java:96)\n\tat org.testng.TestNG.runSuitesSequentially(TestNG.java:1187)\n\tat org.testng.TestNG.runSuitesLocally(TestNG.java:1109)\n\tat org.testng.TestNG.runSuites(TestNG.java:1039)\n\tat org.testng.TestNG.run(TestNG.java:1007)\n\tat org.apache.maven.surefire.testng.TestNGExecutor.run(TestNGExecutor.java:283)\n\tat org.apache.maven.surefire.testng.TestNGXmlTestSuite.execute(TestNGXmlTestSuite.java:75)\n\tat org.apache.maven.surefire.testng.TestNGProvider.invoke(TestNGProvider.java:120)\n\tat org.apache.maven.surefire.booter.ForkedBooter.invokeProviderInSameClassLoader(ForkedBooter.java:384)\n\tat org.apache.maven.surefire.booter.ForkedBooter.runSuitesInProcess(ForkedBooter.java:345)\n\tat org.apache.maven.surefire.booter.ForkedBooter.execute(ForkedBooter.java:126)\n\tat org.apache.maven.surefire.booter.ForkedBooter.main(ForkedBooter.java:418)\nCaused by: org.openqa.selenium.NoSuchElementException: no such element: Unable to locate element: {\"method\":\"xpath\",\"selector\":\"//table[.//th//span[text()[contains(.,'Tên bài đăng')]] and .//th//span[text()[contains(.,'Thể loại')]] and .//th//span[text()[contains(.,'Giống')]] and .//th//span[text()[contains(.,'Xuất xứ')]]]\"}\n  (Session info: headless chrome=90.0.4430.93)\nFor documentation on this error, please visit: https://www.seleniumhq.org/exceptions/no_such_element.html\nBuild info: version: '3.141.59', revision: 'e82be7d358', time: '2018-11-14T08:17:03'\nSystem info: host: 'fv-az129-439', ip: '10.1.1.36', os.name: 'Linux', os.arch: 'amd64', os.version: '5.4.0-1046-azure', java.version: '15.0.3'\nDriver info: org.openqa.selenium.chrome.ChromeDriver\nCapabilities {acceptInsecureCerts: true, browserName: chrome, browserVersion: 90.0.4430.93, chrome: {chromedriverVersion: 90.0.4430.24 (4c6d850f087da..., userDataDir: /tmp/.com.google.Chrome.vqKyyZ}, goog:chromeOptions: {debuggerAddress: localhost:40107}, javascriptEnabled: true, networkConnectionEnabled: false, pageLoadStrategy: normal, platform: LINUX, platformName: LINUX, proxy: Proxy(), setWindowRect: true, strictFileInteractability: false, timeouts: {implicit: 0, pageLoad: 300000, script: 30000}, unhandledPromptBehavior: dismiss and notify, webauthn:extension:largeBlob: true, webauthn:virtualAuthenticators: true}\nSession ID: 4d3f818ab23f84b6a10856b3f93c5cbb\n*** Element info: {Using=xpath, value=//table[.//th//span[text()[contains(.,'Tên bài đăng')]] and .//th//span[text()[contains(.,'Thể loại')]] and .//th//span[text()[contains(.,'Giống')]] and .//th//span[text()[contains(.,'Xuất xứ')]]]}\n\tat jdk.internal.reflect.GeneratedConstructorAccessor17.newInstance(Unknown Source)\n\tat java.base/jdk.internal.reflect.DelegatingConstructorAccessorImpl.newInstance(DelegatingConstructorAccessorImpl.java:45)\n\tat java.base/java.lang.reflect.Constructor.newInstanceWithCaller(Constructor.java:500)\n\tat java.base/java.lang.reflect.Constructor.newInstance(Constructor.java:481)\n\tat org.openqa.selenium.remote.http.W3CHttpResponseCodec.createException(W3CHttpResponseCodec.java:187)\n\tat org.openqa.selenium.remote.http.W3CHttpResponseCodec.decode(W3CHttpResponseCodec.java:122)\n\tat org.openqa.selenium.remote.http.W3CHttpResponseCodec.decode(W3CHttpResponseCodec.java:49)\n\tat org.openqa.selenium.remote.HttpCommandExecutor.execute(HttpCommandExecutor.java:158)\n\tat org.openqa.selenium.remote.service.DriverCommandExecutor.execute(DriverCommandExecutor.java:83)\n\tat org.openqa.selenium.remote.RemoteWebDriver.execute(RemoteWebDriver.java:552)\n\tat org.openqa.selenium.remote.RemoteWebDriver.findElement(RemoteWebDriver.java:323)\n\tat org.openqa.selenium.remote.RemoteWebDriver.findElementByXPath(RemoteWebDriver.java:428)\n\tat org.openqa.selenium.By$ByXPath.findElement(By.java:353)\n\tat org.openqa.selenium.remote.RemoteWebDriver.findElement(RemoteWebDriver.java:315)\n\tat com.codeborne.selenide.impl.WebElementSelector.findElement(WebElementSelector.java:59)\n\tat com.codeborne.selenide.impl.WebElementSelector.findElement(WebElementSelector.java:34)\n\tat com.codeborne.selenide.impl.ElementFinder.getWebElement(ElementFinder.java:104)\n\tat com.codeborne.selenide.impl.WebElementSource.checkCondition(WebElementSource.java:99)\n\t... 44 more\n",
    "steps" : [ {
      "name" : "Open post page",
      "time" : {
        "start" : 1620458502144,
        "stop" : 1620458514456,
        "duration" : 12312
      },
      "status" : "failed",
      "statusMessage" : "Element not found {By.xpath: //table[.//th//span[text()[contains(.,'Tên bài đăng')]] and .//th//span[text()[contains(.,'Thể loại')]] and .//th//span[text()[contains(.,'Giống')]] and .//th//span[text()[contains(.,'Xuất xứ')]]]}\nExpected: visible\nScreenshot: file:/home/runner/work/petland-admin/petland-admin/build/reports/tests/1620458514301.9.png\nPage source: file:/home/runner/work/petland-admin/petland-admin/build/reports/tests/1620458514301.9.html\nTimeout: 10 s.\nCaused by: NoSuchElementException: no such element: Unable to locate element: {\"method\":\"xpath\",\"selector\":\"//table[.//th//span[text()[contains(.,'Tên bài đăng')]] and .//th//span[text()[contains(.,'Thể loại')]] and .//th//span[text()[contains(.,'Giống')]] and .//th//span[text()[contains(.,'Xuất xứ')]]]\"}",
      "statusTrace" : "Element not found {By.xpath: //table[.//th//span[text()[contains(.,'Tên bài đăng')]] and .//th//span[text()[contains(.,'Thể loại')]] and .//th//span[text()[contains(.,'Giống')]] and .//th//span[text()[contains(.,'Xuất xứ')]]]}\nExpected: visible\nScreenshot: file:/home/runner/work/petland-admin/petland-admin/build/reports/tests/1620458514301.9.png\nPage source: file:/home/runner/work/petland-admin/petland-admin/build/reports/tests/1620458514301.9.html\nTimeout: 10 s.\nCaused by: NoSuchElementException: no such element: Unable to locate element: {\"method\":\"xpath\",\"selector\":\"//table[.//th//span[text()[contains(.,'Tên bài đăng')]] and .//th//span[text()[contains(.,'Thể loại')]] and .//th//span[text()[contains(.,'Giống')]] and .//th//span[text()[contains(.,'Xuất xứ')]]]\"}\n\tat com.codeborne.selenide.impl.WebElementSource.createElementNotFoundError(WebElementSource.java:83)\n\tat com.codeborne.selenide.impl.ElementFinder.createElementNotFoundError(ElementFinder.java:136)\n\tat com.codeborne.selenide.impl.WebElementSource.checkCondition(WebElementSource.java:114)\n\tat com.codeborne.selenide.commands.Should.execute(Should.java:30)\n\tat com.codeborne.selenide.commands.Should.execute(Should.java:14)\n\tat com.codeborne.selenide.commands.Commands.execute(Commands.java:155)\n\tat com.codeborne.selenide.impl.SelenideElementProxy.dispatchAndRetry(SelenideElementProxy.java:133)\n\tat com.codeborne.selenide.impl.SelenideElementProxy.invoke(SelenideElementProxy.java:85)\n\tat com.sun.proxy.$Proxy19.shouldBe(Unknown Source)\n\tat pages.PostPage.openPage(PostPage.java:17)\n\tat test.BaseTest.openPage(BaseTest.java:19)\n\tat java.base/jdk.internal.reflect.NativeMethodAccessorImpl.invoke0(Native Method)\n\tat java.base/jdk.internal.reflect.NativeMethodAccessorImpl.invoke(NativeMethodAccessorImpl.java:64)\n\tat java.base/jdk.internal.reflect.DelegatingMethodAccessorImpl.invoke(DelegatingMethodAccessorImpl.java:43)\n\tat java.base/java.lang.reflect.Method.invoke(Method.java:564)\n\tat org.testng.internal.MethodInvocationHelper.invokeMethod(MethodInvocationHelper.java:134)\n\tat org.testng.internal.MethodInvocationHelper.invokeMethodConsideringTimeout(MethodInvocationHelper.java:63)\n\tat org.testng.internal.ConfigInvoker.invokeConfigurationMethod(ConfigInvoker.java:348)\n\tat org.testng.internal.ConfigInvoker.invokeConfigurations(ConfigInvoker.java:302)\n\tat org.testng.internal.TestInvoker.runConfigMethods(TestInvoker.java:695)\n\tat org.testng.internal.TestInvoker.invokeMethod(TestInvoker.java:523)\n\tat org.testng.internal.TestInvoker.invokeTestMethod(TestInvoker.java:173)\n\tat org.testng.internal.MethodRunner.runInSequence(MethodRunner.java:46)\n\tat org.testng.internal.TestInvoker$MethodInvocationAgent.invoke(TestInvoker.java:816)\n\tat org.testng.internal.TestInvoker.invokeTestMethods(TestInvoker.java:146)\n\tat org.testng.internal.TestMethodWorker.invokeTestMethods(TestMethodWorker.java:146)\n\tat org.testng.internal.TestMethodWorker.run(TestMethodWorker.java:128)\n\tat java.base/java.util.ArrayList.forEach(ArrayList.java:1511)\n\tat org.testng.TestRunner.privateRun(TestRunner.java:766)\n\tat org.testng.TestRunner.run(TestRunner.java:587)\n\tat org.testng.SuiteRunner.runTest(SuiteRunner.java:384)\n\tat org.testng.SuiteRunner.runSequentially(SuiteRunner.java:378)\n\tat org.testng.SuiteRunner.privateRun(SuiteRunner.java:337)\n\tat org.testng.SuiteRunner.run(SuiteRunner.java:286)\n\tat org.testng.SuiteRunnerWorker.runSuite(SuiteRunnerWorker.java:53)\n\tat org.testng.SuiteRunnerWorker.run(SuiteRunnerWorker.java:96)\n\tat org.testng.TestNG.runSuitesSequentially(TestNG.java:1187)\n\tat org.testng.TestNG.runSuitesLocally(TestNG.java:1109)\n\tat org.testng.TestNG.runSuites(TestNG.java:1039)\n\tat org.testng.TestNG.run(TestNG.java:1007)\n\tat org.apache.maven.surefire.testng.TestNGExecutor.run(TestNGExecutor.java:283)\n\tat org.apache.maven.surefire.testng.TestNGXmlTestSuite.execute(TestNGXmlTestSuite.java:75)\n\tat org.apache.maven.surefire.testng.TestNGProvider.invoke(TestNGProvider.java:120)\n\tat org.apache.maven.surefire.booter.ForkedBooter.invokeProviderInSameClassLoader(ForkedBooter.java:384)\n\tat org.apache.maven.surefire.booter.ForkedBooter.runSuitesInProcess(ForkedBooter.java:345)\n\tat org.apache.maven.surefire.booter.ForkedBooter.execute(ForkedBooter.java:126)\n\tat org.apache.maven.surefire.booter.ForkedBooter.main(ForkedBooter.java:418)\nCaused by: org.openqa.selenium.NoSuchElementException: no such element: Unable to locate element: {\"method\":\"xpath\",\"selector\":\"//table[.//th//span[text()[contains(.,'Tên bài đăng')]] and .//th//span[text()[contains(.,'Thể loại')]] and .//th//span[text()[contains(.,'Giống')]] and .//th//span[text()[contains(.,'Xuất xứ')]]]\"}\n  (Session info: headless chrome=90.0.4430.93)\nFor documentation on this error, please visit: https://www.seleniumhq.org/exceptions/no_such_element.html\nBuild info: version: '3.141.59', revision: 'e82be7d358', time: '2018-11-14T08:17:03'\nSystem info: host: 'fv-az129-439', ip: '10.1.1.36', os.name: 'Linux', os.arch: 'amd64', os.version: '5.4.0-1046-azure', java.version: '15.0.3'\nDriver info: org.openqa.selenium.chrome.ChromeDriver\nCapabilities {acceptInsecureCerts: true, browserName: chrome, browserVersion: 90.0.4430.93, chrome: {chromedriverVersion: 90.0.4430.24 (4c6d850f087da..., userDataDir: /tmp/.com.google.Chrome.vqKyyZ}, goog:chromeOptions: {debuggerAddress: localhost:40107}, javascriptEnabled: true, networkConnectionEnabled: false, pageLoadStrategy: normal, platform: LINUX, platformName: LINUX, proxy: Proxy(), setWindowRect: true, strictFileInteractability: false, timeouts: {implicit: 0, pageLoad: 300000, script: 30000}, unhandledPromptBehavior: dismiss and notify, webauthn:extension:largeBlob: true, webauthn:virtualAuthenticators: true}\nSession ID: 4d3f818ab23f84b6a10856b3f93c5cbb\n*** Element info: {Using=xpath, value=//table[.//th//span[text()[contains(.,'Tên bài đăng')]] and .//th//span[text()[contains(.,'Thể loại')]] and .//th//span[text()[contains(.,'Giống')]] and .//th//span[text()[contains(.,'Xuất xứ')]]]}\n\tat jdk.internal.reflect.GeneratedConstructorAccessor17.newInstance(Unknown Source)\n\tat java.base/jdk.internal.reflect.DelegatingConstructorAccessorImpl.newInstance(DelegatingConstructorAccessorImpl.java:45)\n\tat java.base/java.lang.reflect.Constructor.newInstanceWithCaller(Constructor.java:500)\n\tat java.base/java.lang.reflect.Constructor.newInstance(Constructor.java:481)\n\tat org.openqa.selenium.remote.http.W3CHttpResponseCodec.createException(W3CHttpResponseCodec.java:187)\n\tat org.openqa.selenium.remote.http.W3CHttpResponseCodec.decode(W3CHttpResponseCodec.java:122)\n\tat org.openqa.selenium.remote.http.W3CHttpResponseCodec.decode(W3CHttpResponseCodec.java:49)\n\tat org.openqa.selenium.remote.HttpCommandExecutor.execute(HttpCommandExecutor.java:158)\n\tat org.openqa.selenium.remote.service.DriverCommandExecutor.execute(DriverCommandExecutor.java:83)\n\tat org.openqa.selenium.remote.RemoteWebDriver.execute(RemoteWebDriver.java:552)\n\tat org.openqa.selenium.remote.RemoteWebDriver.findElement(RemoteWebDriver.java:323)\n\tat org.openqa.selenium.remote.RemoteWebDriver.findElementByXPath(RemoteWebDriver.java:428)\n\tat org.openqa.selenium.By$ByXPath.findElement(By.java:353)\n\tat org.openqa.selenium.remote.RemoteWebDriver.findElement(RemoteWebDriver.java:315)\n\tat com.codeborne.selenide.impl.WebElementSelector.findElement(WebElementSelector.java:59)\n\tat com.codeborne.selenide.impl.WebElementSelector.findElement(WebElementSelector.java:34)\n\tat com.codeborne.selenide.impl.ElementFinder.getWebElement(ElementFinder.java:104)\n\tat com.codeborne.selenide.impl.WebElementSource.checkCondition(WebElementSource.java:99)\n\t... 44 more\n",
      "steps" : [ {
        "name" : "Login with Admin",
        "time" : {
          "start" : 1620458502145,
          "stop" : 1620458503780,
          "duration" : 1635
        },
        "status" : "passed",
        "steps" : [ {
          "name" : "Open login page",
          "time" : {
            "start" : 1620458503311,
            "stop" : 1620458503780,
            "duration" : 469
          },
          "status" : "passed",
          "steps" : [ ],
          "attachments" : [ ],
          "parameters" : [ ],
          "stepsCount" : 0,
          "attachmentsCount" : 0,
          "shouldDisplayMessage" : false,
          "hasContent" : false
        } ],
        "attachments" : [ ],
        "parameters" : [ ],
        "stepsCount" : 1,
        "attachmentsCount" : 0,
        "shouldDisplayMessage" : false,
        "hasContent" : true
      } ],
      "attachments" : [ ],
      "parameters" : [ ],
      "stepsCount" : 2,
      "attachmentsCount" : 0,
      "shouldDisplayMessage" : true,
      "hasContent" : true
    } ],
    "attachments" : [ ],
    "parameters" : [ ],
    "stepsCount" : 3,
    "attachmentsCount" : 0,
    "shouldDisplayMessage" : false,
    "hasContent" : true
  } ],
  "afterStages" : [ {
    "name" : "cleanUp",
    "time" : {
      "start" : 1620458514536,
      "stop" : 1620458514537,
      "duration" : 1
    },
    "description" : "",
    "status" : "broken",
    "statusMessage" : "Cannot read field \"id\" because \"dto\" is null",
    "statusTrace" : "java.lang.NullPointerException: Cannot read field \"id\" because \"dto\" is null\n\tat api.PostApi.delete(PostApi.java:39)\n\tat test.TestPostPage.cleanUp(TestPostPage.java:36)\n\tat java.base/jdk.internal.reflect.NativeMethodAccessorImpl.invoke0(Native Method)\n\tat java.base/jdk.internal.reflect.NativeMethodAccessorImpl.invoke(NativeMethodAccessorImpl.java:64)\n\tat java.base/jdk.internal.reflect.DelegatingMethodAccessorImpl.invoke(DelegatingMethodAccessorImpl.java:43)\n\tat java.base/java.lang.reflect.Method.invoke(Method.java:564)\n\tat org.testng.internal.MethodInvocationHelper.invokeMethod(MethodInvocationHelper.java:134)\n\tat org.testng.internal.MethodInvocationHelper.invokeMethodConsideringTimeout(MethodInvocationHelper.java:63)\n\tat org.testng.internal.ConfigInvoker.invokeConfigurationMethod(ConfigInvoker.java:348)\n\tat org.testng.internal.ConfigInvoker.invokeConfigurations(ConfigInvoker.java:302)\n\tat org.testng.internal.TestMethodWorker.invokeAfterClassMethods(TestMethodWorker.java:217)\n\tat org.testng.internal.TestMethodWorker.run(TestMethodWorker.java:130)\n\tat java.base/java.util.ArrayList.forEach(ArrayList.java:1511)\n\tat org.testng.TestRunner.privateRun(TestRunner.java:766)\n\tat org.testng.TestRunner.run(TestRunner.java:587)\n\tat org.testng.SuiteRunner.runTest(SuiteRunner.java:384)\n\tat org.testng.SuiteRunner.runSequentially(SuiteRunner.java:378)\n\tat org.testng.SuiteRunner.privateRun(SuiteRunner.java:337)\n\tat org.testng.SuiteRunner.run(SuiteRunner.java:286)\n\tat org.testng.SuiteRunnerWorker.runSuite(SuiteRunnerWorker.java:53)\n\tat org.testng.SuiteRunnerWorker.run(SuiteRunnerWorker.java:96)\n\tat org.testng.TestNG.runSuitesSequentially(TestNG.java:1187)\n\tat org.testng.TestNG.runSuitesLocally(TestNG.java:1109)\n\tat org.testng.TestNG.runSuites(TestNG.java:1039)\n\tat org.testng.TestNG.run(TestNG.java:1007)\n\tat org.apache.maven.surefire.testng.TestNGExecutor.run(TestNGExecutor.java:283)\n\tat org.apache.maven.surefire.testng.TestNGXmlTestSuite.execute(TestNGXmlTestSuite.java:75)\n\tat org.apache.maven.surefire.testng.TestNGProvider.invoke(TestNGProvider.java:120)\n\tat org.apache.maven.surefire.booter.ForkedBooter.invokeProviderInSameClassLoader(ForkedBooter.java:384)\n\tat org.apache.maven.surefire.booter.ForkedBooter.runSuitesInProcess(ForkedBooter.java:345)\n\tat org.apache.maven.surefire.booter.ForkedBooter.execute(ForkedBooter.java:126)\n\tat org.apache.maven.surefire.booter.ForkedBooter.main(ForkedBooter.java:418)\n",
    "steps" : [ ],
    "attachments" : [ ],
    "parameters" : [ ],
    "stepsCount" : 0,
    "attachmentsCount" : 0,
    "shouldDisplayMessage" : true,
    "hasContent" : true
  }, {
    "name" : "tearDown",
    "time" : {
      "start" : 1620458514472,
      "stop" : 1620458514535,
      "duration" : 63
    },
    "description" : "",
    "status" : "passed",
    "steps" : [ ],
    "attachments" : [ ],
    "parameters" : [ ],
    "stepsCount" : 0,
    "attachmentsCount" : 0,
    "shouldDisplayMessage" : false,
    "hasContent" : false
  } ],
  "labels" : [ {
    "name" : "package",
    "value" : "test.TestPostPage"
  }, {
    "name" : "testClass",
    "value" : "test.TestPostPage"
  }, {
    "name" : "testMethod",
    "value" : "testDeclinePost"
  }, {
    "name" : "parentSuite",
    "value" : "Petland Admin"
  }, {
    "name" : "suite",
    "value" : "Post Page"
  }, {
    "name" : "subSuite",
    "value" : "test.TestPostPage"
  }, {
    "name" : "host",
    "value" : "fv-az129-439"
  }, {
    "name" : "thread",
    "value" : "3463@fv-az129-439.main(1)"
  }, {
    "name" : "framework",
    "value" : "testng"
  }, {
    "name" : "language",
    "value" : "java"
  }, {
    "name" : "story",
    "value" : "Admin can decline post"
  }, {
    "name" : "resultFormat",
    "value" : "allure2"
  } ],
  "parameters" : [ ],
  "links" : [ ],
  "hidden" : false,
  "retry" : false,
  "extra" : {
    "severity" : "normal",
    "retries" : [ ],
    "categories" : [ ],
    "history" : {
      "statistic" : {
        "failed" : 0,
        "broken" : 0,
        "skipped" : 17,
        "passed" : 0,
        "unknown" : 0,
        "total" : 17
      },
      "items" : [ {
        "uid" : "c6d014fd033b2811",
        "reportUrl" : "https://randy102.github.io/petland-admin/12//#testresult/c6d014fd033b2811",
        "status" : "skipped",
        "statusDetails" : "Element not found {By.xpath: //table[.//th//span[text()[contains(.,'Tên bài đăng')]] and .//th//span[text()[contains(.,'Thể loại')]] and .//th//span[text()[contains(.,'Giống')]] and .//th//span[text()[contains(.,'Xuất xứ')]]]}\nExpected: visible\nScreenshot: file:/home/runner/work/petland-admin/petland-admin/build/reports/tests/1620458015751.9.png\nPage source: file:/home/runner/work/petland-admin/petland-admin/build/reports/tests/1620458015751.9.html\nTimeout: 10 s.\nCaused by: NoSuchElementException: no such element: Unable to locate element: {\"method\":\"xpath\",\"selector\":\"//table[.//th//span[text()[contains(.,'Tên bài đăng')]] and .//th//span[text()[contains(.,'Thể loại')]] and .//th//span[text()[contains(.,'Giống')]] and .//th//span[text()[contains(.,'Xuất xứ')]]]\"}",
        "time" : {
          "start" : 1620458015920,
          "stop" : 1620458015923,
          "duration" : 3
        }
      }, {
        "uid" : "3b9e52202962ecee",
        "reportUrl" : "https://randy102.github.io/petland-admin/66//#testresult/3b9e52202962ecee",
        "status" : "skipped",
        "statusDetails" : "Element not found {By.xpath: //table[.//th//span[text()[contains(.,'Tên bài đăng')]] and .//th//span[text()[contains(.,'Thể loại')]] and .//th//span[text()[contains(.,'Giống')]] and .//th//span[text()[contains(.,'Xuất xứ')]]]}\nExpected: visible\nScreenshot: file:/home/runner/work/petland-admin/petland-admin/build/reports/tests/1620457861639.8.png\nPage source: file:/home/runner/work/petland-admin/petland-admin/build/reports/tests/1620457861639.8.html\nTimeout: 10 s.\nCaused by: NoSuchElementException: no such element: Unable to locate element: {\"method\":\"xpath\",\"selector\":\"//table[.//th//span[text()[contains(.,'Tên bài đăng')]] and .//th//span[text()[contains(.,'Thể loại')]] and .//th//span[text()[contains(.,'Giống')]] and .//th//span[text()[contains(.,'Xuất xứ')]]]\"}",
        "time" : {
          "start" : 1620457874873,
          "stop" : 1620457874876,
          "duration" : 3
        }
      }, {
        "uid" : "209c6d515de34ce3",
        "reportUrl" : "https://randy102.github.io/petland-admin/11//#testresult/209c6d515de34ce3",
        "status" : "skipped",
        "statusDetails" : "Element not found {By.xpath: //table[.//th//span[text()[contains(.,'Tên bài đăng')]] and .//th//span[text()[contains(.,'Thể loại')]] and .//th//span[text()[contains(.,'Giống')]] and .//th//span[text()[contains(.,'Xuất xứ')]]]}\nExpected: visible\nScreenshot: file:/home/runner/work/petland-admin/petland-admin/build/reports/tests/1620457412029.8.png\nPage source: file:/home/runner/work/petland-admin/petland-admin/build/reports/tests/1620457412029.8.html\nTimeout: 10 s.\nCaused by: NoSuchElementException: no such element: Unable to locate element: {\"method\":\"xpath\",\"selector\":\"//table[.//th//span[text()[contains(.,'Tên bài đăng')]] and .//th//span[text()[contains(.,'Thể loại')]] and .//th//span[text()[contains(.,'Giống')]] and .//th//span[text()[contains(.,'Xuất xứ')]]]\"}",
        "time" : {
          "start" : 1620457425400,
          "stop" : 1620457425403,
          "duration" : 3
        }
      }, {
        "uid" : "40a6dd958cdb11c5",
        "reportUrl" : "https://randy102.github.io/petland-admin/65//#testresult/40a6dd958cdb11c5",
        "status" : "skipped",
        "statusDetails" : "Element not found {By.xpath: //table[.//th//span[text()[contains(.,'Tên bài đăng')]] and .//th//span[text()[contains(.,'Thể loại')]] and .//th//span[text()[contains(.,'Giống')]] and .//th//span[text()[contains(.,'Xuất xứ')]]]}\nExpected: visible\nScreenshot: file:/home/runner/work/petland-admin/petland-admin/build/reports/tests/1620210907575.9.png\nPage source: file:/home/runner/work/petland-admin/petland-admin/build/reports/tests/1620210907575.9.html\nTimeout: 10 s.\nCaused by: NoSuchElementException: no such element: Unable to locate element: {\"method\":\"xpath\",\"selector\":\"//table[.//th//span[text()[contains(.,'Tên bài đăng')]] and .//th//span[text()[contains(.,'Thể loại')]] and .//th//span[text()[contains(.,'Giống')]] and .//th//span[text()[contains(.,'Xuất xứ')]]]\"}",
        "time" : {
          "start" : 1620210907729,
          "stop" : 1620210907732,
          "duration" : 3
        }
      }, {
        "uid" : "26329ff182229325",
        "reportUrl" : "https://randy102.github.io/petland-admin/10//#testresult/26329ff182229325",
        "status" : "skipped",
        "statusDetails" : "Element not found {By.xpath: //table[.//th//span[text()[contains(.,'Tên bài đăng')]] and .//th//span[text()[contains(.,'Thể loại')]] and .//th//span[text()[contains(.,'Giống')]] and .//th//span[text()[contains(.,'Xuất xứ')]]]}\nExpected: visible\nScreenshot: file:/home/runner/work/petland-admin/petland-admin/build/reports/tests/1620204936023.9.png\nPage source: file:/home/runner/work/petland-admin/petland-admin/build/reports/tests/1620204936023.9.html\nTimeout: 10 s.\nCaused by: NoSuchElementException: no such element: Unable to locate element: {\"method\":\"xpath\",\"selector\":\"//table[.//th//span[text()[contains(.,'Tên bài đăng')]] and .//th//span[text()[contains(.,'Thể loại')]] and .//th//span[text()[contains(.,'Giống')]] and .//th//span[text()[contains(.,'Xuất xứ')]]]\"}",
        "time" : {
          "start" : 1620204936188,
          "stop" : 1620204936192,
          "duration" : 4
        }
      }, {
        "uid" : "d9c455fe0b046610",
        "reportUrl" : "https://randy102.github.io/petland-admin/9//#testresult/d9c455fe0b046610",
        "status" : "skipped",
        "statusDetails" : "Element not found {By.xpath: //table[.//th//span[text()[contains(.,'Tên bài đăng')]] and .//th//span[text()[contains(.,'Thể loại')]] and .//th//span[text()[contains(.,'Giống')]] and .//th//span[text()[contains(.,'Xuất xứ')]]]}\nExpected: visible\nScreenshot: file:/home/runner/work/petland-admin/petland-admin/build/reports/tests/1620197348395.9.png\nPage source: file:/home/runner/work/petland-admin/petland-admin/build/reports/tests/1620197348395.9.html\nTimeout: 10 s.\nCaused by: NoSuchElementException: no such element: Unable to locate element: {\"method\":\"xpath\",\"selector\":\"//table[.//th//span[text()[contains(.,'Tên bài đăng')]] and .//th//span[text()[contains(.,'Thể loại')]] and .//th//span[text()[contains(.,'Giống')]] and .//th//span[text()[contains(.,'Xuất xứ')]]]\"}",
        "time" : {
          "start" : 1620197348549,
          "stop" : 1620197348552,
          "duration" : 3
        }
      }, {
        "uid" : "c27ef61e4282741f",
        "reportUrl" : "https://randy102.github.io/petland-admin/8//#testresult/c27ef61e4282741f",
        "status" : "skipped",
        "statusDetails" : "Element not found {By.xpath: //table[.//th//span[text()[contains(.,'Tên bài đăng')]] and .//th//span[text()[contains(.,'Thể loại')]] and .//th//span[text()[contains(.,'Giống')]] and .//th//span[text()[contains(.,'Xuất xứ')]]]}\nExpected: visible\nScreenshot: file:/home/runner/work/petland-admin/petland-admin/build/reports/tests/1620196955758.9.png\nPage source: file:/home/runner/work/petland-admin/petland-admin/build/reports/tests/1620196955758.9.html\nTimeout: 10 s.\nCaused by: NoSuchElementException: no such element: Unable to locate element: {\"method\":\"xpath\",\"selector\":\"//table[.//th//span[text()[contains(.,'Tên bài đăng')]] and .//th//span[text()[contains(.,'Thể loại')]] and .//th//span[text()[contains(.,'Giống')]] and .//th//span[text()[contains(.,'Xuất xứ')]]]\"}",
        "time" : {
          "start" : 1620196955903,
          "stop" : 1620196955906,
          "duration" : 3
        }
      }, {
        "uid" : "a16ec2ae7c664e70",
        "reportUrl" : "https://randy102.github.io/petland-admin/61//#testresult/a16ec2ae7c664e70",
        "status" : "skipped",
        "statusDetails" : "Element not found {By.xpath: //table[.//th//span[text()[contains(.,'Tên bài đăng')]] and .//th//span[text()[contains(.,'Thể loại')]] and .//th//span[text()[contains(.,'Giống')]] and .//th//span[text()[contains(.,'Xuất xứ')]]]}\nExpected: visible\nScreenshot: file:/home/runner/work/petland-admin/petland-admin/build/reports/tests/1620030184841.8.png\nPage source: file:/home/runner/work/petland-admin/petland-admin/build/reports/tests/1620030184841.8.html\nTimeout: 10 s.\nCaused by: NoSuchElementException: no such element: Unable to locate element: {\"method\":\"xpath\",\"selector\":\"//table[.//th//span[text()[contains(.,'Tên bài đăng')]] and .//th//span[text()[contains(.,'Thể loại')]] and .//th//span[text()[contains(.,'Giống')]] and .//th//span[text()[contains(.,'Xuất xứ')]]]\"}",
        "time" : {
          "start" : 1620030196953,
          "stop" : 1620030196956,
          "duration" : 3
        }
      }, {
        "uid" : "8e112a4abbbbee6b",
        "reportUrl" : "https://randy102.github.io/petland-admin/7//#testresult/8e112a4abbbbee6b",
        "status" : "skipped",
        "statusDetails" : "Element not found {By.xpath: //table[.//th//span[text()[contains(.,'Tên bài đăng')]] and .//th//span[text()[contains(.,'Thể loại')]] and .//th//span[text()[contains(.,'Giống')]] and .//th//span[text()[contains(.,'Xuất xứ')]]]}\nExpected: visible\nScreenshot: file:/home/runner/work/petland-admin/petland-admin/build/reports/tests/1620029722383.5.png\nPage source: file:/home/runner/work/petland-admin/petland-admin/build/reports/tests/1620029722383.5.html\nTimeout: 10 s.\nCaused by: NoSuchElementException: no such element: Unable to locate element: {\"method\":\"xpath\",\"selector\":\"//table[.//th//span[text()[contains(.,'Tên bài đăng')]] and .//th//span[text()[contains(.,'Thể loại')]] and .//th//span[text()[contains(.,'Giống')]] and .//th//span[text()[contains(.,'Xuất xứ')]]]\"}",
        "time" : {
          "start" : 1620029735618,
          "stop" : 1620029735621,
          "duration" : 3
        }
      }, {
        "uid" : "44a70fde77ae6b4f",
        "reportUrl" : "https://randy102.github.io/petland-admin/6//#testresult/44a70fde77ae6b4f",
        "status" : "skipped",
        "statusDetails" : "Element not found {By.xpath: //table[.//th//span[text()[contains(.,'Tên bài đăng')]] and .//th//span[text()[contains(.,'Thể loại')]] and .//th//span[text()[contains(.,'Giống')]] and .//th//span[text()[contains(.,'Xuất xứ')]]]}\nExpected: visible\nScreenshot: file:/home/runner/work/petland-admin/petland-admin/build/reports/tests/1619873310224.9.png\nPage source: file:/home/runner/work/petland-admin/petland-admin/build/reports/tests/1619873310224.9.html\nTimeout: 10 s.\nCaused by: NoSuchElementException: no such element: Unable to locate element: {\"method\":\"xpath\",\"selector\":\"//table[.//th//span[text()[contains(.,'Tên bài đăng')]] and .//th//span[text()[contains(.,'Thể loại')]] and .//th//span[text()[contains(.,'Giống')]] and .//th//span[text()[contains(.,'Xuất xứ')]]]\"}",
        "time" : {
          "start" : 1619873310393,
          "stop" : 1619873310396,
          "duration" : 3
        }
      }, {
        "uid" : "fe0cc98e10ff6a82",
        "reportUrl" : "https://randy102.github.io/petland-admin/5//#testresult/fe0cc98e10ff6a82",
        "status" : "skipped",
        "statusDetails" : "Element not found {By.xpath: //table[.//th//span[text()[contains(.,'Tên bài đăng')]] and .//th//span[text()[contains(.,'Thể loại')]] and .//th//span[text()[contains(.,'Giống')]] and .//th//span[text()[contains(.,'Xuất xứ')]]]}\nExpected: visible\nScreenshot: file:/home/runner/work/petland-admin/petland-admin/build/reports/tests/1619872155085.8.png\nPage source: file:/home/runner/work/petland-admin/petland-admin/build/reports/tests/1619872155085.8.html\nTimeout: 10 s.\nCaused by: NoSuchElementException: no such element: Unable to locate element: {\"method\":\"xpath\",\"selector\":\"//table[.//th//span[text()[contains(.,'Tên bài đăng')]] and .//th//span[text()[contains(.,'Thể loại')]] and .//th//span[text()[contains(.,'Giống')]] and .//th//span[text()[contains(.,'Xuất xứ')]]]\"}",
        "time" : {
          "start" : 1619872155250,
          "stop" : 1619872155252,
          "duration" : 2
        }
      }, {
        "uid" : "a7d75de77048016a",
        "reportUrl" : "https://randy102.github.io/petland-admin/4//#testresult/a7d75de77048016a",
        "status" : "skipped",
        "statusDetails" : "Element not found {By.xpath: //table[.//th//span[text()[contains(.,'Tên bài đăng')]] and .//th//span[text()[contains(.,'Thể loại')]] and .//th//span[text()[contains(.,'Giống')]] and .//th//span[text()[contains(.,'Xuất xứ')]]]}\nExpected: visible\nScreenshot: file:/home/runner/work/petland-admin/petland-admin/build/reports/tests/1619871872641.7.png\nPage source: file:/home/runner/work/petland-admin/petland-admin/build/reports/tests/1619871872641.7.html\nTimeout: 10 s.\nCaused by: NoSuchElementException: no such element: Unable to locate element: {\"method\":\"xpath\",\"selector\":\"//table[.//th//span[text()[contains(.,'Tên bài đăng')]] and .//th//span[text()[contains(.,'Thể loại')]] and .//th//span[text()[contains(.,'Giống')]] and .//th//span[text()[contains(.,'Xuất xứ')]]]\"}",
        "time" : {
          "start" : 1619871885998,
          "stop" : 1619871886001,
          "duration" : 3
        }
      }, {
        "uid" : "a04abcea1b6c72ce",
        "reportUrl" : "https://randy102.github.io/petland-admin/3//#testresult/a04abcea1b6c72ce",
        "status" : "skipped",
        "statusDetails" : "Element not found {By.xpath: //table[.//th//span[text()[contains(.,'Tên bài đăng')]] and .//th//span[text()[contains(.,'Thể loại')]] and .//th//span[text()[contains(.,'Giống')]] and .//th//span[text()[contains(.,'Xuất xứ')]]]}\nExpected: visible\nScreenshot: file:/home/runner/work/petland-admin/petland-admin/build/reports/tests/1619869309500.9.png\nPage source: file:/home/runner/work/petland-admin/petland-admin/build/reports/tests/1619869309500.9.html\nTimeout: 10 s.\nCaused by: NoSuchElementException: no such element: Unable to locate element: {\"method\":\"xpath\",\"selector\":\"//table[.//th//span[text()[contains(.,'Tên bài đăng')]] and .//th//span[text()[contains(.,'Thể loại')]] and .//th//span[text()[contains(.,'Giống')]] and .//th//span[text()[contains(.,'Xuất xứ')]]]\"}",
        "time" : {
          "start" : 1619869309664,
          "stop" : 1619869309668,
          "duration" : 4
        }
      }, {
        "uid" : "671324d74d7d0c19",
        "reportUrl" : "https://randy102.github.io/petland-admin/60//#testresult/671324d74d7d0c19",
        "status" : "skipped",
        "statusDetails" : "Element not found {By.xpath: //table[.//th//span[text()[contains(.,'Tên bài đăng')]] and .//th//span[text()[contains(.,'Thể loại')]] and .//th//span[text()[contains(.,'Giống')]] and .//th//span[text()[contains(.,'Xuất xứ')]]]}\nExpected: visible\nScreenshot: file:/home/runner/work/petland-admin/petland-admin/build/reports/tests/1619866844425.9.png\nPage source: file:/home/runner/work/petland-admin/petland-admin/build/reports/tests/1619866844425.9.html\nTimeout: 10 s.\nCaused by: NoSuchElementException: no such element: Unable to locate element: {\"method\":\"xpath\",\"selector\":\"//table[.//th//span[text()[contains(.,'Tên bài đăng')]] and .//th//span[text()[contains(.,'Thể loại')]] and .//th//span[text()[contains(.,'Giống')]] and .//th//span[text()[contains(.,'Xuất xứ')]]]\"}",
        "time" : {
          "start" : 1619866844579,
          "stop" : 1619866844582,
          "duration" : 3
        }
      }, {
        "uid" : "632e1945d01d63c3",
        "reportUrl" : "https://randy102.github.io/petland-admin/2//#testresult/632e1945d01d63c3",
        "status" : "skipped",
        "statusDetails" : "Element not found {By.xpath: //table[.//th//span[text()[contains(.,'Tên bài đăng')]] and .//th//span[text()[contains(.,'Thể loại')]] and .//th//span[text()[contains(.,'Giống')]] and .//th//span[text()[contains(.,'Xuất xứ')]]]}\nExpected: visible\nScreenshot: file:/home/runner/work/petland-admin/petland-admin/build/reports/tests/1619866837028.9.png\nPage source: file:/home/runner/work/petland-admin/petland-admin/build/reports/tests/1619866837028.9.html\nTimeout: 10 s.\nCaused by: NoSuchElementException: no such element: Unable to locate element: {\"method\":\"xpath\",\"selector\":\"//table[.//th//span[text()[contains(.,'Tên bài đăng')]] and .//th//span[text()[contains(.,'Thể loại')]] and .//th//span[text()[contains(.,'Giống')]] and .//th//span[text()[contains(.,'Xuất xứ')]]]\"}",
        "time" : {
          "start" : 1619866837203,
          "stop" : 1619866837206,
          "duration" : 3
        }
      }, {
        "uid" : "f9a35d50d88f317d",
        "reportUrl" : "https://randy102.github.io/petland-admin/59//#testresult/f9a35d50d88f317d",
        "status" : "skipped",
        "statusDetails" : "Element not found {By.xpath: //table[.//th//span[text()[contains(.,'Tên bài đăng')]] and .//th//span[text()[contains(.,'Thể loại')]] and .//th//span[text()[contains(.,'Giống')]] and .//th//span[text()[contains(.,'Xuất xứ')]]]}\nExpected: visible\nScreenshot: file:/home/runner/work/petland-admin/petland-admin/build/reports/tests/1619865779854.9.png\nPage source: file:/home/runner/work/petland-admin/petland-admin/build/reports/tests/1619865779854.9.html\nTimeout: 10 s.\nCaused by: NoSuchElementException: no such element: Unable to locate element: {\"method\":\"xpath\",\"selector\":\"//table[.//th//span[text()[contains(.,'Tên bài đăng')]] and .//th//span[text()[contains(.,'Thể loại')]] and .//th//span[text()[contains(.,'Giống')]] and .//th//span[text()[contains(.,'Xuất xứ')]]]\"}",
        "time" : {
          "start" : 1619865780035,
          "stop" : 1619865780038,
          "duration" : 3
        }
      } ]
    },
    "tags" : [ ]
  },
  "source" : "f09eab6ad39a0528.json",
  "parameterValues" : [ ]
}