{
  "uid" : "7edcb163121313d8",
  "name" : "testDeleteCategory",
  "fullName" : "test.TestCategoryPage.testDeleteCategory",
  "historyId" : "82fe6afb3306d87fe53980dfcb8efee9",
  "time" : {
    "start" : 1620744692422,
    "stop" : 1620744703000,
    "duration" : 10578
  },
  "status" : "failed",
  "statusMessage" : "Element not found {By.xpath: //tr[./td[text()='2320008a-8e1c-4293-9062-55a1b20aaf13']]}\nExpected: exist\nScreenshot: file:/home/runner/work/petland-admin/petland-admin/build/reports/tests/1620744702697.4.png\nPage source: file:/home/runner/work/petland-admin/petland-admin/build/reports/tests/1620744702697.4.html\nTimeout: 10 s.\nCaused by: NoSuchElementException: no such element: Unable to locate element: {\"method\":\"xpath\",\"selector\":\"//tr[./td[text()='2320008a-8e1c-4293-9062-55a1b20aaf13']]\"}",
  "statusTrace" : "Element not found {By.xpath: //tr[./td[text()='2320008a-8e1c-4293-9062-55a1b20aaf13']]}\nExpected: exist\nScreenshot: file:/home/runner/work/petland-admin/petland-admin/build/reports/tests/1620744702697.4.png\nPage source: file:/home/runner/work/petland-admin/petland-admin/build/reports/tests/1620744702697.4.html\nTimeout: 10 s.\nCaused by: NoSuchElementException: no such element: Unable to locate element: {\"method\":\"xpath\",\"selector\":\"//tr[./td[text()='2320008a-8e1c-4293-9062-55a1b20aaf13']]\"}\n\tat com.codeborne.selenide.impl.WebElementSource.createElementNotFoundError(WebElementSource.java:83)\n\tat com.codeborne.selenide.impl.ElementFinder.createElementNotFoundError(ElementFinder.java:136)\n\tat com.codeborne.selenide.impl.WebElementSource.checkCondition(WebElementSource.java:114)\n\tat com.codeborne.selenide.commands.Should.execute(Should.java:30)\n\tat com.codeborne.selenide.commands.Should.execute(Should.java:14)\n\tat com.codeborne.selenide.commands.Commands.execute(Commands.java:155)\n\tat com.codeborne.selenide.impl.SelenideElementProxy.dispatchAndRetry(SelenideElementProxy.java:133)\n\tat com.codeborne.selenide.impl.SelenideElementProxy.invoke(SelenideElementProxy.java:85)\n\tat com.sun.proxy.$Proxy19.should(Unknown Source)\n\tat com.codeborne.selenide.impl.ElementFinder.createElementNotFoundError(ElementFinder.java:130)\n\tat com.codeborne.selenide.impl.WebElementSource.checkCondition(WebElementSource.java:114)\n\tat com.codeborne.selenide.impl.WebElementSource.findAndAssertElementIsInteractable(WebElementSource.java:139)\n\tat com.codeborne.selenide.commands.Click.execute(Click.java:24)\n\tat com.codeborne.selenide.commands.Click.execute(Click.java:16)\n\tat com.codeborne.selenide.commands.Commands.execute(Commands.java:155)\n\tat com.codeborne.selenide.impl.SelenideElementProxy.dispatchAndRetry(SelenideElementProxy.java:133)\n\tat com.codeborne.selenide.impl.SelenideElementProxy.invoke(SelenideElementProxy.java:85)\n\tat com.sun.proxy.$Proxy19.click(Unknown Source)\n\tat pages.BasePage.checkLine(BasePage.java:58)\n\tat test.TestCategoryPage.testDeleteCategory(TestCategoryPage.java:51)\n\tat java.base/jdk.internal.reflect.NativeMethodAccessorImpl.invoke0(Native Method)\n\tat java.base/jdk.internal.reflect.NativeMethodAccessorImpl.invoke(NativeMethodAccessorImpl.java:64)\n\tat java.base/jdk.internal.reflect.DelegatingMethodAccessorImpl.invoke(DelegatingMethodAccessorImpl.java:43)\n\tat java.base/java.lang.reflect.Method.invoke(Method.java:564)\n\tat org.testng.internal.MethodInvocationHelper.invokeMethod(MethodInvocationHelper.java:134)\n\tat org.testng.internal.TestInvoker.invokeMethod(TestInvoker.java:597)\n\tat org.testng.internal.TestInvoker.invokeTestMethod(TestInvoker.java:173)\n\tat org.testng.internal.MethodRunner.runInSequence(MethodRunner.java:46)\n\tat org.testng.internal.TestInvoker$MethodInvocationAgent.invoke(TestInvoker.java:816)\n\tat org.testng.internal.TestInvoker.invokeTestMethods(TestInvoker.java:146)\n\tat org.testng.internal.TestMethodWorker.invokeTestMethods(TestMethodWorker.java:146)\n\tat org.testng.internal.TestMethodWorker.run(TestMethodWorker.java:128)\n\tat java.base/java.util.ArrayList.forEach(ArrayList.java:1511)\n\tat org.testng.TestRunner.privateRun(TestRunner.java:766)\n\tat org.testng.TestRunner.run(TestRunner.java:587)\n\tat org.testng.SuiteRunner.runTest(SuiteRunner.java:384)\n\tat org.testng.SuiteRunner.runSequentially(SuiteRunner.java:378)\n\tat org.testng.SuiteRunner.privateRun(SuiteRunner.java:337)\n\tat org.testng.SuiteRunner.run(SuiteRunner.java:286)\n\tat org.testng.SuiteRunnerWorker.runSuite(SuiteRunnerWorker.java:53)\n\tat org.testng.SuiteRunnerWorker.run(SuiteRunnerWorker.java:96)\n\tat org.testng.TestNG.runSuitesSequentially(TestNG.java:1187)\n\tat org.testng.TestNG.runSuitesLocally(TestNG.java:1109)\n\tat org.testng.TestNG.runSuites(TestNG.java:1039)\n\tat org.testng.TestNG.run(TestNG.java:1007)\n\tat org.apache.maven.surefire.testng.TestNGExecutor.run(TestNGExecutor.java:283)\n\tat org.apache.maven.surefire.testng.TestNGXmlTestSuite.execute(TestNGXmlTestSuite.java:75)\n\tat org.apache.maven.surefire.testng.TestNGProvider.invoke(TestNGProvider.java:120)\n\tat org.apache.maven.surefire.booter.ForkedBooter.invokeProviderInSameClassLoader(ForkedBooter.java:384)\n\tat org.apache.maven.surefire.booter.ForkedBooter.runSuitesInProcess(ForkedBooter.java:345)\n\tat org.apache.maven.surefire.booter.ForkedBooter.execute(ForkedBooter.java:126)\n\tat org.apache.maven.surefire.booter.ForkedBooter.main(ForkedBooter.java:418)\nCaused by: org.openqa.selenium.NoSuchElementException: no such element: Unable to locate element: {\"method\":\"xpath\",\"selector\":\"//tr[./td[text()='2320008a-8e1c-4293-9062-55a1b20aaf13']]\"}\n  (Session info: headless chrome=90.0.4430.93)\nFor documentation on this error, please visit: https://www.seleniumhq.org/exceptions/no_such_element.html\nBuild info: version: '3.141.59', revision: 'e82be7d358', time: '2018-11-14T08:17:03'\nSystem info: host: 'fv-az278-801', ip: '10.1.1.124', os.name: 'Linux', os.arch: 'amd64', os.version: '5.4.0-1046-azure', java.version: '15.0.3'\nDriver info: org.openqa.selenium.chrome.ChromeDriver\nCapabilities {acceptInsecureCerts: true, browserName: chrome, browserVersion: 90.0.4430.93, chrome: {chromedriverVersion: 90.0.4430.24 (4c6d850f087da..., userDataDir: /tmp/.com.google.Chrome.zHJS5G}, goog:chromeOptions: {debuggerAddress: localhost:37223}, javascriptEnabled: true, networkConnectionEnabled: false, pageLoadStrategy: normal, platform: LINUX, platformName: LINUX, proxy: Proxy(), setWindowRect: true, strictFileInteractability: false, timeouts: {implicit: 0, pageLoad: 300000, script: 30000}, unhandledPromptBehavior: dismiss and notify, webauthn:extension:largeBlob: true, webauthn:virtualAuthenticators: true}\nSession ID: e6b19aa9efaa9293a4109111cb0db182\n*** Element info: {Using=xpath, value=//tr[./td[text()='2320008a-8e1c-4293-9062-55a1b20aaf13']]}\n\tat jdk.internal.reflect.GeneratedConstructorAccessor17.newInstance(Unknown Source)\n\tat java.base/jdk.internal.reflect.DelegatingConstructorAccessorImpl.newInstance(DelegatingConstructorAccessorImpl.java:45)\n\tat java.base/java.lang.reflect.Constructor.newInstanceWithCaller(Constructor.java:500)\n\tat java.base/java.lang.reflect.Constructor.newInstance(Constructor.java:481)\n\tat org.openqa.selenium.remote.http.W3CHttpResponseCodec.createException(W3CHttpResponseCodec.java:187)\n\tat org.openqa.selenium.remote.http.W3CHttpResponseCodec.decode(W3CHttpResponseCodec.java:122)\n\tat org.openqa.selenium.remote.http.W3CHttpResponseCodec.decode(W3CHttpResponseCodec.java:49)\n\tat org.openqa.selenium.remote.HttpCommandExecutor.execute(HttpCommandExecutor.java:158)\n\tat org.openqa.selenium.remote.service.DriverCommandExecutor.execute(DriverCommandExecutor.java:83)\n\tat org.openqa.selenium.remote.RemoteWebDriver.execute(RemoteWebDriver.java:552)\n\tat org.openqa.selenium.remote.RemoteWebDriver.findElement(RemoteWebDriver.java:323)\n\tat org.openqa.selenium.remote.RemoteWebDriver.findElementByXPath(RemoteWebDriver.java:428)\n\tat org.openqa.selenium.By$ByXPath.findElement(By.java:353)\n\tat org.openqa.selenium.remote.RemoteWebDriver.findElement(RemoteWebDriver.java:315)\n\tat com.codeborne.selenide.impl.WebElementSelector.findElement(WebElementSelector.java:59)\n\tat com.codeborne.selenide.impl.WebElementSelector.findElement(WebElementSelector.java:34)\n\tat com.codeborne.selenide.impl.ElementFinder.getWebElement(ElementFinder.java:104)\n\tat com.codeborne.selenide.impl.WebElementSource.checkCondition(WebElementSource.java:99)\n\t... 49 more\n",
  "flaky" : false,
  "newFailed" : false,
  "beforeStages" : [ {
    "name" : "setup",
    "time" : {
      "start" : 1620744659650,
      "stop" : 1620744659650,
      "duration" : 0
    },
    "description" : "",
    "status" : "passed",
    "steps" : [ ],
    "attachments" : [ ],
    "parameters" : [ ],
    "stepsCount" : 0,
    "attachmentsCount" : 0,
    "shouldDisplayMessage" : false,
    "hasContent" : false
  }, {
    "name" : "openPage",
    "time" : {
      "start" : 1620744689426,
      "stop" : 1620744692420,
      "duration" : 2994
    },
    "description" : "",
    "status" : "passed",
    "steps" : [ {
      "name" : "Open category page",
      "time" : {
        "start" : 1620744689426,
        "stop" : 1620744692420,
        "duration" : 2994
      },
      "status" : "passed",
      "steps" : [ {
        "name" : "Login with Admin",
        "time" : {
          "start" : 1620744689426,
          "stop" : 1620744691888,
          "duration" : 2462
        },
        "status" : "passed",
        "steps" : [ {
          "name" : "Open login page",
          "time" : {
            "start" : 1620744691316,
            "stop" : 1620744691888,
            "duration" : 572
          },
          "status" : "passed",
          "steps" : [ ],
          "attachments" : [ ],
          "parameters" : [ ],
          "stepsCount" : 0,
          "attachmentsCount" : 0,
          "shouldDisplayMessage" : false,
          "hasContent" : false
        } ],
        "attachments" : [ ],
        "parameters" : [ ],
        "stepsCount" : 1,
        "attachmentsCount" : 0,
        "shouldDisplayMessage" : false,
        "hasContent" : true
      } ],
      "attachments" : [ ],
      "parameters" : [ ],
      "stepsCount" : 2,
      "attachmentsCount" : 0,
      "shouldDisplayMessage" : false,
      "hasContent" : true
    } ],
    "attachments" : [ ],
    "parameters" : [ ],
    "stepsCount" : 3,
    "attachmentsCount" : 0,
    "shouldDisplayMessage" : false,
    "hasContent" : true
  } ],
  "testStage" : {
    "status" : "failed",
    "statusMessage" : "Element not found {By.xpath: //tr[./td[text()='2320008a-8e1c-4293-9062-55a1b20aaf13']]}\nExpected: exist\nScreenshot: file:/home/runner/work/petland-admin/petland-admin/build/reports/tests/1620744702697.4.png\nPage source: file:/home/runner/work/petland-admin/petland-admin/build/reports/tests/1620744702697.4.html\nTimeout: 10 s.\nCaused by: NoSuchElementException: no such element: Unable to locate element: {\"method\":\"xpath\",\"selector\":\"//tr[./td[text()='2320008a-8e1c-4293-9062-55a1b20aaf13']]\"}",
    "statusTrace" : "Element not found {By.xpath: //tr[./td[text()='2320008a-8e1c-4293-9062-55a1b20aaf13']]}\nExpected: exist\nScreenshot: file:/home/runner/work/petland-admin/petland-admin/build/reports/tests/1620744702697.4.png\nPage source: file:/home/runner/work/petland-admin/petland-admin/build/reports/tests/1620744702697.4.html\nTimeout: 10 s.\nCaused by: NoSuchElementException: no such element: Unable to locate element: {\"method\":\"xpath\",\"selector\":\"//tr[./td[text()='2320008a-8e1c-4293-9062-55a1b20aaf13']]\"}\n\tat com.codeborne.selenide.impl.WebElementSource.createElementNotFoundError(WebElementSource.java:83)\n\tat com.codeborne.selenide.impl.ElementFinder.createElementNotFoundError(ElementFinder.java:136)\n\tat com.codeborne.selenide.impl.WebElementSource.checkCondition(WebElementSource.java:114)\n\tat com.codeborne.selenide.commands.Should.execute(Should.java:30)\n\tat com.codeborne.selenide.commands.Should.execute(Should.java:14)\n\tat com.codeborne.selenide.commands.Commands.execute(Commands.java:155)\n\tat com.codeborne.selenide.impl.SelenideElementProxy.dispatchAndRetry(SelenideElementProxy.java:133)\n\tat com.codeborne.selenide.impl.SelenideElementProxy.invoke(SelenideElementProxy.java:85)\n\tat com.sun.proxy.$Proxy19.should(Unknown Source)\n\tat com.codeborne.selenide.impl.ElementFinder.createElementNotFoundError(ElementFinder.java:130)\n\tat com.codeborne.selenide.impl.WebElementSource.checkCondition(WebElementSource.java:114)\n\tat com.codeborne.selenide.impl.WebElementSource.findAndAssertElementIsInteractable(WebElementSource.java:139)\n\tat com.codeborne.selenide.commands.Click.execute(Click.java:24)\n\tat com.codeborne.selenide.commands.Click.execute(Click.java:16)\n\tat com.codeborne.selenide.commands.Commands.execute(Commands.java:155)\n\tat com.codeborne.selenide.impl.SelenideElementProxy.dispatchAndRetry(SelenideElementProxy.java:133)\n\tat com.codeborne.selenide.impl.SelenideElementProxy.invoke(SelenideElementProxy.java:85)\n\tat com.sun.proxy.$Proxy19.click(Unknown Source)\n\tat pages.BasePage.checkLine(BasePage.java:58)\n\tat test.TestCategoryPage.testDeleteCategory(TestCategoryPage.java:51)\n\tat java.base/jdk.internal.reflect.NativeMethodAccessorImpl.invoke0(Native Method)\n\tat java.base/jdk.internal.reflect.NativeMethodAccessorImpl.invoke(NativeMethodAccessorImpl.java:64)\n\tat java.base/jdk.internal.reflect.DelegatingMethodAccessorImpl.invoke(DelegatingMethodAccessorImpl.java:43)\n\tat java.base/java.lang.reflect.Method.invoke(Method.java:564)\n\tat org.testng.internal.MethodInvocationHelper.invokeMethod(MethodInvocationHelper.java:134)\n\tat org.testng.internal.TestInvoker.invokeMethod(TestInvoker.java:597)\n\tat org.testng.internal.TestInvoker.invokeTestMethod(TestInvoker.java:173)\n\tat org.testng.internal.MethodRunner.runInSequence(MethodRunner.java:46)\n\tat org.testng.internal.TestInvoker$MethodInvocationAgent.invoke(TestInvoker.java:816)\n\tat org.testng.internal.TestInvoker.invokeTestMethods(TestInvoker.java:146)\n\tat org.testng.internal.TestMethodWorker.invokeTestMethods(TestMethodWorker.java:146)\n\tat org.testng.internal.TestMethodWorker.run(TestMethodWorker.java:128)\n\tat java.base/java.util.ArrayList.forEach(ArrayList.java:1511)\n\tat org.testng.TestRunner.privateRun(TestRunner.java:766)\n\tat org.testng.TestRunner.run(TestRunner.java:587)\n\tat org.testng.SuiteRunner.runTest(SuiteRunner.java:384)\n\tat org.testng.SuiteRunner.runSequentially(SuiteRunner.java:378)\n\tat org.testng.SuiteRunner.privateRun(SuiteRunner.java:337)\n\tat org.testng.SuiteRunner.run(SuiteRunner.java:286)\n\tat org.testng.SuiteRunnerWorker.runSuite(SuiteRunnerWorker.java:53)\n\tat org.testng.SuiteRunnerWorker.run(SuiteRunnerWorker.java:96)\n\tat org.testng.TestNG.runSuitesSequentially(TestNG.java:1187)\n\tat org.testng.TestNG.runSuitesLocally(TestNG.java:1109)\n\tat org.testng.TestNG.runSuites(TestNG.java:1039)\n\tat org.testng.TestNG.run(TestNG.java:1007)\n\tat org.apache.maven.surefire.testng.TestNGExecutor.run(TestNGExecutor.java:283)\n\tat org.apache.maven.surefire.testng.TestNGXmlTestSuite.execute(TestNGXmlTestSuite.java:75)\n\tat org.apache.maven.surefire.testng.TestNGProvider.invoke(TestNGProvider.java:120)\n\tat org.apache.maven.surefire.booter.ForkedBooter.invokeProviderInSameClassLoader(ForkedBooter.java:384)\n\tat org.apache.maven.surefire.booter.ForkedBooter.runSuitesInProcess(ForkedBooter.java:345)\n\tat org.apache.maven.surefire.booter.ForkedBooter.execute(ForkedBooter.java:126)\n\tat org.apache.maven.surefire.booter.ForkedBooter.main(ForkedBooter.java:418)\nCaused by: org.openqa.selenium.NoSuchElementException: no such element: Unable to locate element: {\"method\":\"xpath\",\"selector\":\"//tr[./td[text()='2320008a-8e1c-4293-9062-55a1b20aaf13']]\"}\n  (Session info: headless chrome=90.0.4430.93)\nFor documentation on this error, please visit: https://www.seleniumhq.org/exceptions/no_such_element.html\nBuild info: version: '3.141.59', revision: 'e82be7d358', time: '2018-11-14T08:17:03'\nSystem info: host: 'fv-az278-801', ip: '10.1.1.124', os.name: 'Linux', os.arch: 'amd64', os.version: '5.4.0-1046-azure', java.version: '15.0.3'\nDriver info: org.openqa.selenium.chrome.ChromeDriver\nCapabilities {acceptInsecureCerts: true, browserName: chrome, browserVersion: 90.0.4430.93, chrome: {chromedriverVersion: 90.0.4430.24 (4c6d850f087da..., userDataDir: /tmp/.com.google.Chrome.zHJS5G}, goog:chromeOptions: {debuggerAddress: localhost:37223}, javascriptEnabled: true, networkConnectionEnabled: false, pageLoadStrategy: normal, platform: LINUX, platformName: LINUX, proxy: Proxy(), setWindowRect: true, strictFileInteractability: false, timeouts: {implicit: 0, pageLoad: 300000, script: 30000}, unhandledPromptBehavior: dismiss and notify, webauthn:extension:largeBlob: true, webauthn:virtualAuthenticators: true}\nSession ID: e6b19aa9efaa9293a4109111cb0db182\n*** Element info: {Using=xpath, value=//tr[./td[text()='2320008a-8e1c-4293-9062-55a1b20aaf13']]}\n\tat jdk.internal.reflect.GeneratedConstructorAccessor17.newInstance(Unknown Source)\n\tat java.base/jdk.internal.reflect.DelegatingConstructorAccessorImpl.newInstance(DelegatingConstructorAccessorImpl.java:45)\n\tat java.base/java.lang.reflect.Constructor.newInstanceWithCaller(Constructor.java:500)\n\tat java.base/java.lang.reflect.Constructor.newInstance(Constructor.java:481)\n\tat org.openqa.selenium.remote.http.W3CHttpResponseCodec.createException(W3CHttpResponseCodec.java:187)\n\tat org.openqa.selenium.remote.http.W3CHttpResponseCodec.decode(W3CHttpResponseCodec.java:122)\n\tat org.openqa.selenium.remote.http.W3CHttpResponseCodec.decode(W3CHttpResponseCodec.java:49)\n\tat org.openqa.selenium.remote.HttpCommandExecutor.execute(HttpCommandExecutor.java:158)\n\tat org.openqa.selenium.remote.service.DriverCommandExecutor.execute(DriverCommandExecutor.java:83)\n\tat org.openqa.selenium.remote.RemoteWebDriver.execute(RemoteWebDriver.java:552)\n\tat org.openqa.selenium.remote.RemoteWebDriver.findElement(RemoteWebDriver.java:323)\n\tat org.openqa.selenium.remote.RemoteWebDriver.findElementByXPath(RemoteWebDriver.java:428)\n\tat org.openqa.selenium.By$ByXPath.findElement(By.java:353)\n\tat org.openqa.selenium.remote.RemoteWebDriver.findElement(RemoteWebDriver.java:315)\n\tat com.codeborne.selenide.impl.WebElementSelector.findElement(WebElementSelector.java:59)\n\tat com.codeborne.selenide.impl.WebElementSelector.findElement(WebElementSelector.java:34)\n\tat com.codeborne.selenide.impl.ElementFinder.getWebElement(ElementFinder.java:104)\n\tat com.codeborne.selenide.impl.WebElementSource.checkCondition(WebElementSource.java:99)\n\t... 49 more\n",
    "steps" : [ {
      "name" : "Check grid line",
      "time" : {
        "start" : 1620744692422,
        "stop" : 1620744702872,
        "duration" : 10450
      },
      "status" : "failed",
      "statusMessage" : "Element not found {By.xpath: //tr[./td[text()='2320008a-8e1c-4293-9062-55a1b20aaf13']]}\nExpected: exist\nScreenshot: file:/home/runner/work/petland-admin/petland-admin/build/reports/tests/1620744702697.4.png\nPage source: file:/home/runner/work/petland-admin/petland-admin/build/reports/tests/1620744702697.4.html\nTimeout: 10 s.\nCaused by: NoSuchElementException: no such element: Unable to locate element: {\"method\":\"xpath\",\"selector\":\"//tr[./td[text()='2320008a-8e1c-4293-9062-55a1b20aaf13']]\"}",
      "statusTrace" : "Element not found {By.xpath: //tr[./td[text()='2320008a-8e1c-4293-9062-55a1b20aaf13']]}\nExpected: exist\nScreenshot: file:/home/runner/work/petland-admin/petland-admin/build/reports/tests/1620744702697.4.png\nPage source: file:/home/runner/work/petland-admin/petland-admin/build/reports/tests/1620744702697.4.html\nTimeout: 10 s.\nCaused by: NoSuchElementException: no such element: Unable to locate element: {\"method\":\"xpath\",\"selector\":\"//tr[./td[text()='2320008a-8e1c-4293-9062-55a1b20aaf13']]\"}\n\tat com.codeborne.selenide.impl.WebElementSource.createElementNotFoundError(WebElementSource.java:83)\n\tat com.codeborne.selenide.impl.ElementFinder.createElementNotFoundError(ElementFinder.java:136)\n\tat com.codeborne.selenide.impl.WebElementSource.checkCondition(WebElementSource.java:114)\n\tat com.codeborne.selenide.commands.Should.execute(Should.java:30)\n\tat com.codeborne.selenide.commands.Should.execute(Should.java:14)\n\tat com.codeborne.selenide.commands.Commands.execute(Commands.java:155)\n\tat com.codeborne.selenide.impl.SelenideElementProxy.dispatchAndRetry(SelenideElementProxy.java:133)\n\tat com.codeborne.selenide.impl.SelenideElementProxy.invoke(SelenideElementProxy.java:85)\n\tat com.sun.proxy.$Proxy19.should(Unknown Source)\n\tat com.codeborne.selenide.impl.ElementFinder.createElementNotFoundError(ElementFinder.java:130)\n\tat com.codeborne.selenide.impl.WebElementSource.checkCondition(WebElementSource.java:114)\n\tat com.codeborne.selenide.impl.WebElementSource.findAndAssertElementIsInteractable(WebElementSource.java:139)\n\tat com.codeborne.selenide.commands.Click.execute(Click.java:24)\n\tat com.codeborne.selenide.commands.Click.execute(Click.java:16)\n\tat com.codeborne.selenide.commands.Commands.execute(Commands.java:155)\n\tat com.codeborne.selenide.impl.SelenideElementProxy.dispatchAndRetry(SelenideElementProxy.java:133)\n\tat com.codeborne.selenide.impl.SelenideElementProxy.invoke(SelenideElementProxy.java:85)\n\tat com.sun.proxy.$Proxy19.click(Unknown Source)\n\tat pages.BasePage.checkLine(BasePage.java:58)\n\tat test.TestCategoryPage.testDeleteCategory(TestCategoryPage.java:51)\n\tat java.base/jdk.internal.reflect.NativeMethodAccessorImpl.invoke0(Native Method)\n\tat java.base/jdk.internal.reflect.NativeMethodAccessorImpl.invoke(NativeMethodAccessorImpl.java:64)\n\tat java.base/jdk.internal.reflect.DelegatingMethodAccessorImpl.invoke(DelegatingMethodAccessorImpl.java:43)\n\tat java.base/java.lang.reflect.Method.invoke(Method.java:564)\n\tat org.testng.internal.MethodInvocationHelper.invokeMethod(MethodInvocationHelper.java:134)\n\tat org.testng.internal.TestInvoker.invokeMethod(TestInvoker.java:597)\n\tat org.testng.internal.TestInvoker.invokeTestMethod(TestInvoker.java:173)\n\tat org.testng.internal.MethodRunner.runInSequence(MethodRunner.java:46)\n\tat org.testng.internal.TestInvoker$MethodInvocationAgent.invoke(TestInvoker.java:816)\n\tat org.testng.internal.TestInvoker.invokeTestMethods(TestInvoker.java:146)\n\tat org.testng.internal.TestMethodWorker.invokeTestMethods(TestMethodWorker.java:146)\n\tat org.testng.internal.TestMethodWorker.run(TestMethodWorker.java:128)\n\tat java.base/java.util.ArrayList.forEach(ArrayList.java:1511)\n\tat org.testng.TestRunner.privateRun(TestRunner.java:766)\n\tat org.testng.TestRunner.run(TestRunner.java:587)\n\tat org.testng.SuiteRunner.runTest(SuiteRunner.java:384)\n\tat org.testng.SuiteRunner.runSequentially(SuiteRunner.java:378)\n\tat org.testng.SuiteRunner.privateRun(SuiteRunner.java:337)\n\tat org.testng.SuiteRunner.run(SuiteRunner.java:286)\n\tat org.testng.SuiteRunnerWorker.runSuite(SuiteRunnerWorker.java:53)\n\tat org.testng.SuiteRunnerWorker.run(SuiteRunnerWorker.java:96)\n\tat org.testng.TestNG.runSuitesSequentially(TestNG.java:1187)\n\tat org.testng.TestNG.runSuitesLocally(TestNG.java:1109)\n\tat org.testng.TestNG.runSuites(TestNG.java:1039)\n\tat org.testng.TestNG.run(TestNG.java:1007)\n\tat org.apache.maven.surefire.testng.TestNGExecutor.run(TestNGExecutor.java:283)\n\tat org.apache.maven.surefire.testng.TestNGXmlTestSuite.execute(TestNGXmlTestSuite.java:75)\n\tat org.apache.maven.surefire.testng.TestNGProvider.invoke(TestNGProvider.java:120)\n\tat org.apache.maven.surefire.booter.ForkedBooter.invokeProviderInSameClassLoader(ForkedBooter.java:384)\n\tat org.apache.maven.surefire.booter.ForkedBooter.runSuitesInProcess(ForkedBooter.java:345)\n\tat org.apache.maven.surefire.booter.ForkedBooter.execute(ForkedBooter.java:126)\n\tat org.apache.maven.surefire.booter.ForkedBooter.main(ForkedBooter.java:418)\nCaused by: org.openqa.selenium.NoSuchElementException: no such element: Unable to locate element: {\"method\":\"xpath\",\"selector\":\"//tr[./td[text()='2320008a-8e1c-4293-9062-55a1b20aaf13']]\"}\n  (Session info: headless chrome=90.0.4430.93)\nFor documentation on this error, please visit: https://www.seleniumhq.org/exceptions/no_such_element.html\nBuild info: version: '3.141.59', revision: 'e82be7d358', time: '2018-11-14T08:17:03'\nSystem info: host: 'fv-az278-801', ip: '10.1.1.124', os.name: 'Linux', os.arch: 'amd64', os.version: '5.4.0-1046-azure', java.version: '15.0.3'\nDriver info: org.openqa.selenium.chrome.ChromeDriver\nCapabilities {acceptInsecureCerts: true, browserName: chrome, browserVersion: 90.0.4430.93, chrome: {chromedriverVersion: 90.0.4430.24 (4c6d850f087da..., userDataDir: /tmp/.com.google.Chrome.zHJS5G}, goog:chromeOptions: {debuggerAddress: localhost:37223}, javascriptEnabled: true, networkConnectionEnabled: false, pageLoadStrategy: normal, platform: LINUX, platformName: LINUX, proxy: Proxy(), setWindowRect: true, strictFileInteractability: false, timeouts: {implicit: 0, pageLoad: 300000, script: 30000}, unhandledPromptBehavior: dismiss and notify, webauthn:extension:largeBlob: true, webauthn:virtualAuthenticators: true}\nSession ID: e6b19aa9efaa9293a4109111cb0db182\n*** Element info: {Using=xpath, value=//tr[./td[text()='2320008a-8e1c-4293-9062-55a1b20aaf13']]}\n\tat jdk.internal.reflect.GeneratedConstructorAccessor17.newInstance(Unknown Source)\n\tat java.base/jdk.internal.reflect.DelegatingConstructorAccessorImpl.newInstance(DelegatingConstructorAccessorImpl.java:45)\n\tat java.base/java.lang.reflect.Constructor.newInstanceWithCaller(Constructor.java:500)\n\tat java.base/java.lang.reflect.Constructor.newInstance(Constructor.java:481)\n\tat org.openqa.selenium.remote.http.W3CHttpResponseCodec.createException(W3CHttpResponseCodec.java:187)\n\tat org.openqa.selenium.remote.http.W3CHttpResponseCodec.decode(W3CHttpResponseCodec.java:122)\n\tat org.openqa.selenium.remote.http.W3CHttpResponseCodec.decode(W3CHttpResponseCodec.java:49)\n\tat org.openqa.selenium.remote.HttpCommandExecutor.execute(HttpCommandExecutor.java:158)\n\tat org.openqa.selenium.remote.service.DriverCommandExecutor.execute(DriverCommandExecutor.java:83)\n\tat org.openqa.selenium.remote.RemoteWebDriver.execute(RemoteWebDriver.java:552)\n\tat org.openqa.selenium.remote.RemoteWebDriver.findElement(RemoteWebDriver.java:323)\n\tat org.openqa.selenium.remote.RemoteWebDriver.findElementByXPath(RemoteWebDriver.java:428)\n\tat org.openqa.selenium.By$ByXPath.findElement(By.java:353)\n\tat org.openqa.selenium.remote.RemoteWebDriver.findElement(RemoteWebDriver.java:315)\n\tat com.codeborne.selenide.impl.WebElementSelector.findElement(WebElementSelector.java:59)\n\tat com.codeborne.selenide.impl.WebElementSelector.findElement(WebElementSelector.java:34)\n\tat com.codeborne.selenide.impl.ElementFinder.getWebElement(ElementFinder.java:104)\n\tat com.codeborne.selenide.impl.WebElementSource.checkCondition(WebElementSource.java:99)\n\t... 49 more\n",
      "steps" : [ {
        "name" : "Get grid line",
        "time" : {
          "start" : 1620744692422,
          "stop" : 1620744692422,
          "duration" : 0
        },
        "status" : "passed",
        "steps" : [ ],
        "attachments" : [ ],
        "parameters" : [ {
          "name" : "key",
          "value" : "2320008a-8e1c-4293-9062-55a1b20aaf13"
        } ],
        "stepsCount" : 0,
        "attachmentsCount" : 0,
        "shouldDisplayMessage" : false,
        "hasContent" : true
      } ],
      "attachments" : [ ],
      "parameters" : [ {
        "name" : "key",
        "value" : "2320008a-8e1c-4293-9062-55a1b20aaf13"
      } ],
      "stepsCount" : 1,
      "attachmentsCount" : 0,
      "shouldDisplayMessage" : true,
      "hasContent" : true
    } ],
    "attachments" : [ {
      "uid" : "e31f8c790e815f1f",
      "name" : "Page screenshot",
      "source" : "e31f8c790e815f1f.png",
      "type" : "image/png",
      "size" : 110950
    }, {
      "uid" : "bf1cb038b88018b0",
      "name" : "testDeleteCategory",
      "source" : "bf1cb038b88018b0.txt",
      "type" : "test/plain",
      "size" : 18
    } ],
    "parameters" : [ ],
    "stepsCount" : 2,
    "attachmentsCount" : 2,
    "shouldDisplayMessage" : false,
    "hasContent" : true
  },
  "afterStages" : [ {
    "name" : "tearDown",
    "time" : {
      "start" : 1620744703355,
      "stop" : 1620744703423,
      "duration" : 68
    },
    "description" : "",
    "status" : "passed",
    "steps" : [ ],
    "attachments" : [ ],
    "parameters" : [ ],
    "stepsCount" : 0,
    "attachmentsCount" : 0,
    "shouldDisplayMessage" : false,
    "hasContent" : false
  } ],
  "labels" : [ {
    "name" : "package",
    "value" : "test.TestCategoryPage"
  }, {
    "name" : "testClass",
    "value" : "test.TestCategoryPage"
  }, {
    "name" : "testMethod",
    "value" : "testDeleteCategory"
  }, {
    "name" : "parentSuite",
    "value" : "Petland Admin"
  }, {
    "name" : "suite",
    "value" : "Category Page"
  }, {
    "name" : "subSuite",
    "value" : "test.TestCategoryPage"
  }, {
    "name" : "host",
    "value" : "fv-az278-801"
  }, {
    "name" : "thread",
    "value" : "3470@fv-az278-801.main(1)"
  }, {
    "name" : "framework",
    "value" : "testng"
  }, {
    "name" : "language",
    "value" : "java"
  }, {
    "name" : "story",
    "value" : "Admin can delete category"
  }, {
    "name" : "resultFormat",
    "value" : "allure2"
  } ],
  "parameters" : [ ],
  "links" : [ ],
  "hidden" : false,
  "retry" : false,
  "extra" : {
    "severity" : "normal",
    "retries" : [ ],
    "categories" : [ {
      "name" : "Product defects",
      "matchedStatuses" : [ ],
      "flaky" : false
    } ],
    "history" : {
      "statistic" : {
        "failed" : 21,
        "broken" : 0,
        "skipped" : 0,
        "passed" : 0,
        "unknown" : 0,
        "total" : 21
      },
      "items" : [ {
        "uid" : "fead21456633d16a",
        "reportUrl" : "https://randy102.github.io/petland-admin/14//#testresult/fead21456633d16a",
        "status" : "failed",
        "statusDetails" : "Element not found {By.xpath: //tr[./td[text()='7ff6e599-40e4-4887-995a-3a5d1b828203']]}\nExpected: exist\nScreenshot: file:/home/runner/work/petland-admin/petland-admin/build/reports/tests/1620744295698.5.png\nPage source: file:/home/runner/work/petland-admin/petland-admin/build/reports/tests/1620744295698.5.html\nTimeout: 10 s.\nCaused by: NoSuchElementException: no such element: Unable to locate element: {\"method\":\"xpath\",\"selector\":\"//tr[./td[text()='7ff6e599-40e4-4887-995a-3a5d1b828203']]\"}",
        "time" : {
          "start" : 1620744285405,
          "stop" : 1620744295949,
          "duration" : 10544
        }
      }, {
        "uid" : "296a6abc0e487326",
        "reportUrl" : "https://randy102.github.io/petland-admin/68//#testresult/296a6abc0e487326",
        "status" : "failed",
        "statusDetails" : "Element not found {By.xpath: //tr[./td[text()='af447608-b73b-40d5-b108-cc64d4310958']]}\nExpected: exist\nScreenshot: file:/home/runner/work/petland-admin/petland-admin/build/reports/tests/1620653662418.4.png\nPage source: file:/home/runner/work/petland-admin/petland-admin/build/reports/tests/1620653662418.4.html\nTimeout: 10 s.\nCaused by: NoSuchElementException: no such element: Unable to locate element: {\"method\":\"xpath\",\"selector\":\"//tr[./td[text()='af447608-b73b-40d5-b108-cc64d4310958']]\"}",
        "time" : {
          "start" : 1620653652103,
          "stop" : 1620653662740,
          "duration" : 10637
        }
      }, {
        "uid" : "dcc2568774aa317",
        "reportUrl" : "https://randy102.github.io/petland-admin/13//#testresult/dcc2568774aa317",
        "status" : "failed",
        "statusDetails" : "Element not found {By.xpath: //tr[./td[text()='4ed51e98-47cc-4c9b-a82b-43465bb438c8']]}\nExpected: exist\nScreenshot: file:/home/runner/work/petland-admin/petland-admin/build/reports/tests/1620653253613.4.png\nPage source: file:/home/runner/work/petland-admin/petland-admin/build/reports/tests/1620653253613.4.html\nTimeout: 10 s.\nCaused by: NoSuchElementException: no such element: Unable to locate element: {\"method\":\"xpath\",\"selector\":\"//tr[./td[text()='4ed51e98-47cc-4c9b-a82b-43465bb438c8']]\"}",
        "time" : {
          "start" : 1620653243270,
          "stop" : 1620653253906,
          "duration" : 10636
        }
      }, {
        "uid" : "a45df613dc7d63bb",
        "reportUrl" : "https://randy102.github.io/petland-admin/67//#testresult/a45df613dc7d63bb",
        "status" : "failed",
        "statusDetails" : "Element not found {By.xpath: //tr[./td[text()='9f68295c-0014-41c3-a5b1-3ac33bc044ec']]}\nExpected: exist\nScreenshot: file:/home/runner/work/petland-admin/petland-admin/build/reports/tests/1620458423124.4.png\nPage source: file:/home/runner/work/petland-admin/petland-admin/build/reports/tests/1620458423124.4.html\nTimeout: 10 s.\nCaused by: NoSuchElementException: no such element: Unable to locate element: {\"method\":\"xpath\",\"selector\":\"//tr[./td[text()='9f68295c-0014-41c3-a5b1-3ac33bc044ec']]\"}",
        "time" : {
          "start" : 1620458412844,
          "stop" : 1620458423392,
          "duration" : 10548
        }
      }, {
        "uid" : "4203a702d5163ca5",
        "reportUrl" : "https://randy102.github.io/petland-admin/12//#testresult/4203a702d5163ca5",
        "status" : "failed",
        "statusDetails" : "Element not found {By.xpath: //tr[./td[text()='61653c05-4165-420d-90c9-480791478223']]}\nExpected: exist\nScreenshot: file:/home/runner/work/petland-admin/petland-admin/build/reports/tests/1620457925892.4.png\nPage source: file:/home/runner/work/petland-admin/petland-admin/build/reports/tests/1620457925892.4.html\nTimeout: 10 s.\nCaused by: NoSuchElementException: no such element: Unable to locate element: {\"method\":\"xpath\",\"selector\":\"//tr[./td[text()='61653c05-4165-420d-90c9-480791478223']]\"}",
        "time" : {
          "start" : 1620457915649,
          "stop" : 1620457926173,
          "duration" : 10524
        }
      }, {
        "uid" : "9bbb6533bab23057",
        "reportUrl" : "https://randy102.github.io/petland-admin/66//#testresult/9bbb6533bab23057",
        "status" : "failed",
        "statusDetails" : "Element not found {By.xpath: //tr[./td[text()='f4a60504-9fe7-4fde-891f-bc5cafdff25d']]}\nExpected: exist\nScreenshot: file:/home/runner/work/petland-admin/petland-admin/build/reports/tests/1620457776764.4.png\nPage source: file:/home/runner/work/petland-admin/petland-admin/build/reports/tests/1620457776764.4.html\nTimeout: 10 s.\nCaused by: NoSuchElementException: no such element: Unable to locate element: {\"method\":\"xpath\",\"selector\":\"//tr[./td[text()='f4a60504-9fe7-4fde-891f-bc5cafdff25d']]\"}",
        "time" : {
          "start" : 1620457766526,
          "stop" : 1620457777043,
          "duration" : 10517
        }
      }, {
        "uid" : "4535acf13368182c",
        "reportUrl" : "https://randy102.github.io/petland-admin/11//#testresult/4535acf13368182c",
        "status" : "failed",
        "statusDetails" : "Element not found {By.xpath: //tr[./td[text()='637425c4-5c0b-43b0-8d77-5242c222a8e3']]}\nExpected: exist\nScreenshot: file:/home/runner/work/petland-admin/petland-admin/build/reports/tests/1620457324709.4.png\nPage source: file:/home/runner/work/petland-admin/petland-admin/build/reports/tests/1620457324709.4.html\nTimeout: 10 s.\nCaused by: NoSuchElementException: no such element: Unable to locate element: {\"method\":\"xpath\",\"selector\":\"//tr[./td[text()='637425c4-5c0b-43b0-8d77-5242c222a8e3']]\"}",
        "time" : {
          "start" : 1620457314391,
          "stop" : 1620457324989,
          "duration" : 10598
        }
      }, {
        "uid" : "36a1466d7fcf780a",
        "reportUrl" : "https://randy102.github.io/petland-admin/65//#testresult/36a1466d7fcf780a",
        "status" : "failed",
        "statusDetails" : "Element not found {By.xpath: //tr[./td[text()='b9a4e6b7-def5-4183-be97-16d3f03063b9']]}\nExpected: exist\nScreenshot: file:/home/runner/work/petland-admin/petland-admin/build/reports/tests/1620210807765.4.png\nPage source: file:/home/runner/work/petland-admin/petland-admin/build/reports/tests/1620210807765.4.html\nTimeout: 10 s.\nCaused by: NoSuchElementException: no such element: Unable to locate element: {\"method\":\"xpath\",\"selector\":\"//tr[./td[text()='b9a4e6b7-def5-4183-be97-16d3f03063b9']]\"}",
        "time" : {
          "start" : 1620210797509,
          "stop" : 1620210808029,
          "duration" : 10520
        }
      }, {
        "uid" : "ac0a03f0417b309f",
        "reportUrl" : "https://randy102.github.io/petland-admin/10//#testresult/ac0a03f0417b309f",
        "status" : "failed",
        "statusDetails" : "Element not found {By.xpath: //tr[./td[text()='8f6363c2-803f-4921-bf8d-8d14c71dfc1c']]}\nExpected: exist\nScreenshot: file:/home/runner/work/petland-admin/petland-admin/build/reports/tests/1620204837520.4.png\nPage source: file:/home/runner/work/petland-admin/petland-admin/build/reports/tests/1620204837520.4.html\nTimeout: 10 s.\nCaused by: NoSuchElementException: no such element: Unable to locate element: {\"method\":\"xpath\",\"selector\":\"//tr[./td[text()='8f6363c2-803f-4921-bf8d-8d14c71dfc1c']]\"}",
        "time" : {
          "start" : 1620204827336,
          "stop" : 1620204837774,
          "duration" : 10438
        }
      }, {
        "uid" : "93ff314ded35cbbf",
        "reportUrl" : "https://randy102.github.io/petland-admin/9//#testresult/93ff314ded35cbbf",
        "status" : "failed",
        "statusDetails" : "Element not found {By.xpath: //tr[./td[text()='fd89b309-146d-4a2f-8ff7-a9a7aae6a75b']]}\nExpected: exist\nScreenshot: file:/home/runner/work/petland-admin/petland-admin/build/reports/tests/1620197258335.4.png\nPage source: file:/home/runner/work/petland-admin/petland-admin/build/reports/tests/1620197258335.4.html\nTimeout: 10 s.\nCaused by: NoSuchElementException: no such element: Unable to locate element: {\"method\":\"xpath\",\"selector\":\"//tr[./td[text()='fd89b309-146d-4a2f-8ff7-a9a7aae6a75b']]\"}",
        "time" : {
          "start" : 1620197248023,
          "stop" : 1620197258603,
          "duration" : 10580
        }
      }, {
        "uid" : "42c04eb8d5a243dc",
        "reportUrl" : "https://randy102.github.io/petland-admin/8//#testresult/42c04eb8d5a243dc",
        "status" : "failed",
        "statusDetails" : "Element not found {By.xpath: //tr[./td[text()='0da90214-304f-42b4-acef-7129bcd52378']]}\nExpected: exist\nScreenshot: file:/home/runner/work/petland-admin/petland-admin/build/reports/tests/1620196869943.4.png\nPage source: file:/home/runner/work/petland-admin/petland-admin/build/reports/tests/1620196869943.4.html\nTimeout: 10 s.\nCaused by: NoSuchElementException: no such element: Unable to locate element: {\"method\":\"xpath\",\"selector\":\"//tr[./td[text()='0da90214-304f-42b4-acef-7129bcd52378']]\"}",
        "time" : {
          "start" : 1620196859757,
          "stop" : 1620196870210,
          "duration" : 10453
        }
      }, {
        "uid" : "7df35fbe598d473f",
        "reportUrl" : "https://randy102.github.io/petland-admin/61//#testresult/7df35fbe598d473f",
        "status" : "failed",
        "statusDetails" : "Element not found {By.xpath: //tr[./td[text()='c5c5e3cf-c99a-4353-a1d1-abfbc8273803']]}\nExpected: exist\nScreenshot: file:/home/runner/work/petland-admin/petland-admin/build/reports/tests/1620030112026.4.png\nPage source: file:/home/runner/work/petland-admin/petland-admin/build/reports/tests/1620030112026.4.html\nTimeout: 10 s.\nCaused by: NoSuchElementException: no such element: Unable to locate element: {\"method\":\"xpath\",\"selector\":\"//tr[./td[text()='c5c5e3cf-c99a-4353-a1d1-abfbc8273803']]\"}",
        "time" : {
          "start" : 1620030101801,
          "stop" : 1620030112281,
          "duration" : 10480
        }
      }, {
        "uid" : "a112242499d8c551",
        "reportUrl" : "https://randy102.github.io/petland-admin/7//#testresult/a112242499d8c551",
        "status" : "failed",
        "statusDetails" : "Element not found {By.xpath: //tr[./td[text()='3ad47ac2-23b4-4224-a17a-96271948c061']]}\nExpected: exist\nScreenshot: file:/home/runner/work/petland-admin/petland-admin/build/reports/tests/1620029636931.1.png\nPage source: file:/home/runner/work/petland-admin/petland-admin/build/reports/tests/1620029636931.1.html\nTimeout: 10 s.\nCaused by: NoSuchElementException: no such element: Unable to locate element: {\"method\":\"xpath\",\"selector\":\"//tr[./td[text()='3ad47ac2-23b4-4224-a17a-96271948c061']]\"}",
        "time" : {
          "start" : 1620029626671,
          "stop" : 1620029637230,
          "duration" : 10559
        }
      }, {
        "uid" : "c85f31f96624b408",
        "reportUrl" : "https://randy102.github.io/petland-admin/6//#testresult/c85f31f96624b408",
        "status" : "failed",
        "statusDetails" : "Element not found {By.xpath: //tr[./td[text()='7b8e7af6-a2f3-4891-b500-01ecb6fa3214']]}\nExpected: exist\nScreenshot: file:/home/runner/work/petland-admin/petland-admin/build/reports/tests/1619873212784.4.png\nPage source: file:/home/runner/work/petland-admin/petland-admin/build/reports/tests/1619873212784.4.html\nTimeout: 10 s.\nCaused by: NoSuchElementException: no such element: Unable to locate element: {\"method\":\"xpath\",\"selector\":\"//tr[./td[text()='7b8e7af6-a2f3-4891-b500-01ecb6fa3214']]\"}",
        "time" : {
          "start" : 1619873202457,
          "stop" : 1619873213052,
          "duration" : 10595
        }
      }, {
        "uid" : "cbb72e00e677ed6b",
        "reportUrl" : "https://randy102.github.io/petland-admin/5//#testresult/cbb72e00e677ed6b",
        "status" : "failed",
        "statusDetails" : "Element not found {By.xpath: //tr[./td[text()='5fcf6fe7-6a97-42cc-a9b6-d19ffd0e6a75']]}\nExpected: exist\nScreenshot: file:/home/runner/work/petland-admin/petland-admin/build/reports/tests/1619872067826.3.png\nPage source: file:/home/runner/work/petland-admin/petland-admin/build/reports/tests/1619872067826.3.html\nTimeout: 10 s.\nCaused by: NoSuchElementException: no such element: Unable to locate element: {\"method\":\"xpath\",\"selector\":\"//tr[./td[text()='5fcf6fe7-6a97-42cc-a9b6-d19ffd0e6a75']]\"}",
        "time" : {
          "start" : 1619872057597,
          "stop" : 1619872067965,
          "duration" : 10368
        }
      }, {
        "uid" : "3d05fa243b82b84b",
        "reportUrl" : "https://randy102.github.io/petland-admin/4//#testresult/3d05fa243b82b84b",
        "status" : "failed",
        "statusDetails" : "Element not found {By.xpath: //tr[./td[text()='a9eddfca-6fe1-43b7-ad76-ee3faa6b5cbc']]}\nExpected: exist\nScreenshot: file:/home/runner/work/petland-admin/petland-admin/build/reports/tests/1619871786188.3.png\nPage source: file:/home/runner/work/petland-admin/petland-admin/build/reports/tests/1619871786188.3.html\nTimeout: 10 s.\nCaused by: NoSuchElementException: no such element: Unable to locate element: {\"method\":\"xpath\",\"selector\":\"//tr[./td[text()='a9eddfca-6fe1-43b7-ad76-ee3faa6b5cbc']]\"}",
        "time" : {
          "start" : 1619871775856,
          "stop" : 1619871786346,
          "duration" : 10490
        }
      }, {
        "uid" : "e0a87014494adf1e",
        "reportUrl" : "https://randy102.github.io/petland-admin/3//#testresult/e0a87014494adf1e",
        "status" : "failed",
        "statusDetails" : "Element not found {By.xpath: //tr[./td[text()='200643c0-ac22-4d99-93b9-b9ca481587a2']]}\nExpected: exist\nScreenshot: file:/home/runner/work/petland-admin/petland-admin/build/reports/tests/1619869220857.4.png\nPage source: file:/home/runner/work/petland-admin/petland-admin/build/reports/tests/1619869220857.4.html\nTimeout: 10 s.\nCaused by: NoSuchElementException: no such element: Unable to locate element: {\"method\":\"xpath\",\"selector\":\"//tr[./td[text()='200643c0-ac22-4d99-93b9-b9ca481587a2']]\"}",
        "time" : {
          "start" : 1619869210546,
          "stop" : 1619869221029,
          "duration" : 10483
        }
      }, {
        "uid" : "b19b5a69265c2600",
        "reportUrl" : "https://randy102.github.io/petland-admin/60//#testresult/b19b5a69265c2600",
        "status" : "failed",
        "statusDetails" : "Element not found {By.xpath: //tr[./td[text()='254e7097-3d65-492b-adb9-9223d2d0bbf1']]}\nExpected: exist\nScreenshot: file:/home/runner/work/petland-admin/petland-admin/build/reports/tests/1619866754456.4.png\nPage source: file:/home/runner/work/petland-admin/petland-admin/build/reports/tests/1619866754456.4.html\nTimeout: 10 s.\nCaused by: NoSuchElementException: no such element: Unable to locate element: {\"method\":\"xpath\",\"selector\":\"//tr[./td[text()='254e7097-3d65-492b-adb9-9223d2d0bbf1']]\"}",
        "time" : {
          "start" : 1619866744192,
          "stop" : 1619866754626,
          "duration" : 10434
        }
      }, {
        "uid" : "45b29eb91c632cda",
        "reportUrl" : "https://randy102.github.io/petland-admin/2//#testresult/45b29eb91c632cda",
        "status" : "failed",
        "statusDetails" : "Element not found {By.xpath: //tr[./td[text()='12d246be-1a88-4166-9d6a-e3fdf0612670']]}\nExpected: exist\nScreenshot: file:/home/runner/work/petland-admin/petland-admin/build/reports/tests/1619866738020.4.png\nPage source: file:/home/runner/work/petland-admin/petland-admin/build/reports/tests/1619866738020.4.html\nTimeout: 10 s.\nCaused by: NoSuchElementException: no such element: Unable to locate element: {\"method\":\"xpath\",\"selector\":\"//tr[./td[text()='12d246be-1a88-4166-9d6a-e3fdf0612670']]\"}",
        "time" : {
          "start" : 1619866727712,
          "stop" : 1619866738202,
          "duration" : 10490
        }
      }, {
        "uid" : "33b96523273c7ca3",
        "reportUrl" : "https://randy102.github.io/petland-admin/59//#testresult/33b96523273c7ca3",
        "status" : "failed",
        "statusDetails" : "Element not found {By.xpath: //tr[./td[text()='96c28099-41b4-4cc2-b78a-a34a23f489ee']]}\nExpected: exist\nScreenshot: file:/home/runner/work/petland-admin/petland-admin/build/reports/tests/1619865682456.4.png\nPage source: file:/home/runner/work/petland-admin/petland-admin/build/reports/tests/1619865682456.4.html\nTimeout: 10 s.\nCaused by: NoSuchElementException: no such element: Unable to locate element: {\"method\":\"xpath\",\"selector\":\"//tr[./td[text()='96c28099-41b4-4cc2-b78a-a34a23f489ee']]\"}",
        "time" : {
          "start" : 1619865672090,
          "stop" : 1619865682646,
          "duration" : 10556
        }
      } ]
    },
    "tags" : [ ]
  },
  "source" : "7edcb163121313d8.json",
  "parameterValues" : [ ]
}